20250217 09:51:18.825 TZ=+0550 [confighandler:EROR] about:105 Failed to get icdb metadata: i/o error: No such file or directory (os error 2)
20250217 09:51:21.251 TZ=+0550 [confighandler:EROR] vuln:58 Failed to read vuln scan result: i/o error: No such file or directory (os error 2)
20250217 09:51:21.270 TZ=+0550 [confighandler:EROR] antivirus:49 Failed to get total quarantine entry count: i/o error: No such file or directory (os error 2)
20250217 09:51:21.326 TZ=+0550 [confighandler:EROR] vuln:58 Failed to read vuln scan result: i/o error: No such file or directory (os error 2)
20250217 09:51:21.348 TZ=+0550 [confighandler:EROR] vuln:58 Failed to read vuln scan result: i/o error: No such file or directory (os error 2)
20250217 09:51:21.375 TZ=+0550 [confighandler:EROR] vuln:58 Failed to read vuln scan result: i/o error: No such file or directory (os error 2)
20250217 09:51:21.402 TZ=+0550 [confighandler:EROR] antivirus:49 Failed to get total quarantine entry count: i/o error: No such file or directory (os error 2)
20250217 09:51:21.524 TZ=+0550 [confighandler:EROR] antivirus:49 Failed to get total quarantine entry count: i/o error: No such file or directory (os error 2)
20250217 09:51:21.984 TZ=+0550 [confighandler:EROR] about:105 Failed to get icdb metadata: i/o error: No such file or directory (os error 2)
20250217 09:51:25.502 TZ=+0550 [confighandler:EROR] websock:79 Failed to recv message from ws: WebSocket protocol error: Connection reset without closing handshake
20250217 09:53:35.743 TZ=+0550 [confighandler:INFO] main:84 Received signal: SIGTERM
20250217 09:53:35.744 TZ=+0550 [confighandler:EROR] confighandler:307 Confighandler terminating20250217 09:53:35.744 TZ=+0550 [confighandler:INFO] main:66 Webserver shutting down

20250217 10:20:26.825 TZ=+0550 [confighandler:EROR] epctrl:102 Failed to send ec message: No such file or directory (os error 2)
20250217 10:20:26.874 TZ=+0550 [confighandler:EROR] websock:79 Failed to recv message from ws: WebSocket protocol error: Connection reset without closing handshake
20250217 14:56:53.607 TZ=+0550 [confighandler:EROR] about:105 Failed to get icdb metadata: i/o error: No such file or directory (os error 2)
20250217 14:56:59.584 TZ=+0550 [confighandler:EROR] vuln:58 Failed to read vuln scan result: i/o error: No such file or directory (os error 2)
20250217 14:56:59.590 TZ=+0550 [confighandler:EROR] antivirus:49 Failed to get total quarantine entry count: i/o error: No such file or directory (os error 2)
20250217 14:56:59.670 TZ=+0550 [confighandler:EROR] vuln:58 Failed to read vuln scan result: i/o error: No such file or directory (os error 2)
20250217 14:56:59.689 TZ=+0550 [confighandler:EROR] vuln:58 Failed to read vuln scan result: i/o error: No such file or directory (os error 2)
20250217 14:56:59.706 TZ=+0550 [confighandler:EROR] vuln:58 Failed to read vuln scan result: i/o error: No such file or directory (os error 2)
20250217 14:56:59.743 TZ=+0550 [confighandler:EROR] antivirus:49 Failed to get total quarantine entry count: i/o error: No such file or directory (os error 2)
20250217 14:56:59.868 TZ=+0550 [confighandler:EROR] antivirus:49 Failed to get total quarantine entry count: i/o error: No such file or directory (os error 2)
20250217 14:57:00.247 TZ=+0550 [confighandler:EROR] about:105 Failed to get icdb metadata: i/o error: No such file or directory (os error 2)
20250217 14:57:52.701 TZ=+0550 [confighandler:EROR] websock:79 Failed to recv message from ws: WebSocket protocol error: Connection reset without closing handshake
20250217 14:57:54.434 TZ=+0550 [confighandler:EROR] websock:79 Failed to recv message from ws: WebSocket protocol error: Connection reset without closing handshake
20250217 14:57:54.434 TZ=+0550 [confighandler:EROR] websock:40 Failed to read message: Trying to work with closed connection
20250217 14:57:57.614 TZ=+0550 [confighandler:EROR] websock:79 Failed to recv message from ws: WebSocket protocol error: Connection reset without closing handshake
20250217 17:07:19.407 TZ=+0550 [confighandler:EROR] websock:79 Failed to recv message from ws: WebSocket protocol error: Connection reset without closing handshake
20250217 17:07:23.396 TZ=+0550 [confighandler:EROR] about:105 Failed to get icdb metadata: i/o error: No such file or directory (os error 2)
20250217 17:07:24.980 TZ=+0550 [confighandler:EROR] vuln:58 Failed to read vuln scan result: i/o error: No such file or directory (os error 2)
20250217 17:07:24.990 TZ=+0550 [confighandler:EROR] antivirus:49 Failed to get total quarantine entry count: i/o error: No such file or directory (os error 2)
20250217 17:07:25.076 TZ=+0550 [confighandler:EROR] vuln:58 Failed to read vuln scan result: i/o error: No such file or directory (os error 2)
20250217 17:07:25.092 TZ=+0550 [confighandler:EROR] vuln:58 Failed to read vuln scan result: i/o error: No such file or directory (os error 2)
20250217 17:07:25.111 TZ=+0550 [confighandler:EROR] vuln:58 Failed to read vuln scan result: i/o error: No such file or directory (os error 2)
20250217 17:07:25.150 TZ=+0550 [confighandler:EROR] antivirus:49 Failed to get total quarantine entry count: i/o error: No such file or directory (os error 2)
20250217 17:07:25.237 TZ=+0550 [confighandler:EROR] antivirus:49 Failed to get total quarantine entry count: i/o error: No such file or directory (os error 2)
20250217 17:07:25.557 TZ=+0550 [confighandler:EROR] about:105 Failed to get icdb metadata: i/o error: No such file or directory (os error 2)
20250217 17:08:13.467 TZ=+0550 [confighandler:EROR] websock:79 Failed to recv message from ws: WebSocket protocol error: Connection reset without closing handshake
20250217 22:57:57.205 TZ=+0550 [confighandler:EROR] websock:79 Failed to recv message from ws: WebSocket protocol error: Connection reset without closing handshake
20250217 22:57:57.205 TZ=+0550 [confighandler:EROR] websock:40 Failed to read message: IO error: Broken pipe (os error 32)
20250217 22:57:57.205 TZ=+0550 [confighandler:EROR] websock:79 Failed to recv message from ws: WebSocket protocol error: Connection reset without closing handshake
20250217 22:57:57.205 TZ=+0550 [confighandler:EROR] websock:40 Failed to read message: Trying to work with closed connection
20250218 09:02:05.690 TZ=+0550 [confighandler:EROR] about:105 Failed to get icdb metadata: i/o error: No such file or directory (os error 2)
20250218 09:02:08.875 TZ=+0550 [confighandler:EROR] vuln:58 Failed to read vuln scan result: i/o error: No such file or directory (os error 2)
20250218 09:02:08.882 TZ=+0550 [confighandler:EROR] antivirus:49 Failed to get total quarantine entry count: i/o error: No such file or directory (os error 2)
20250218 09:02:08.904 TZ=+0550 [confighandler:EROR] vuln:58 Failed to read vuln scan result: i/o error: No such file or directory (os error 2)
20250218 09:02:08.917 TZ=+0550 [confighandler:EROR] vuln:58 Failed to read vuln scan result: i/o error: No such file or directory (os error 2)
20250218 09:02:08.981 TZ=+0550 [confighandler:EROR] vuln:58 Failed to read vuln scan result: i/o error: No such file or directory (os error 2)
20250218 09:02:09.057 TZ=+0550 [confighandler:EROR] antivirus:49 Failed to get total quarantine entry count: i/o error: No such file or directory (os error 2)
20250218 09:02:09.140 TZ=+0550 [confighandler:EROR] antivirus:49 Failed to get total quarantine entry count: i/o error: No such file or directory (os error 2)
20250218 09:02:09.544 TZ=+0550 [confighandler:EROR] about:105 Failed to get icdb metadata: i/o error: No such file or directory (os error 2)
20250218 09:02:48.648 TZ=+0550 [confighandler:EROR] websock:79 Failed to recv message from ws: WebSocket protocol error: Connection reset without closing handshake
20250218 09:02:48.648 TZ=+0550 [confighandler:EROR] websock:40 Failed to read message: Trying to work with closed connection
20250218 09:02:55.331 TZ=+0550 [confighandler:EROR] websock:79 Failed to recv message from ws: WebSocket protocol error: Connection reset without closing handshake
20250218 09:02:55.331 TZ=+0550 [confighandler:EROR] websock:40 Failed to read message: Trying to work with closed connection
20250218 09:02:56.465 TZ=+0550 [confighandler:EROR] websock:79 Failed to recv message from ws: WebSocket protocol error: Connection reset without closing handshake
20250218 09:02:56.479 TZ=+0550 [confighandler:EROR] websock:79 Failed to recv message from ws: WebSocket protocol error: Connection reset without closing handshake
20250218 09:02:56.479 TZ=+0550 [confighandler:EROR] websock:40 Failed to read message: Trying to work with closed connection
20250218 09:05:49.895 TZ=+0550 [confighandler:EROR] websock:79 Failed to recv message from ws: WebSocket protocol error: Connection reset without closing handshake
20250218 09:05:49.895 TZ=+0550 [confighandler:EROR] websock:40 Failed to read message: Trying to work with closed connection
20250218 09:05:52.329 TZ=+0550 [confighandler:EROR] websock:79 Failed to recv message from ws: WebSocket protocol error: Connection reset without closing handshake
20250218 09:05:52.329 TZ=+0550 [confighandler:EROR] websock:40 Failed to read message: Trying to work with closed connection
20250218 09:05:55.433 TZ=+0550 [confighandler:EROR] websock:79 Failed to recv message from ws: WebSocket protocol error: Connection reset without closing handshake
20250218 09:05:55.433 TZ=+0550 [confighandler:EROR] websock:40 Failed to read message: Trying to work with closed connection
20250218 15:07:49.366 TZ=+0550 [confighandler:EROR] websock:79 Failed to recv message from ws: WebSocket protocol error: Connection reset without closing handshake
20250218 15:07:50.338 TZ=+0550 [confighandler:INFO] main:84 Received signal: SIGTERM
20250218 15:07:50.339 TZ=+0550 [confighandler:EROR] confighandler:307 Confighandler terminating
20250218 15:07:50.339 TZ=+0550 [confighandler:INFO] main:66 Webserver shutting down
20250218 15:09:44.322 TZ=+0550 [confighandler:EROR] epctrl:102 Failed to send ec message: No such file or directory (os error 2)
20250218 15:09:44.349 TZ=+0550 [confighandler:EROR] websock:79 Failed to recv message from ws: WebSocket protocol error: Connection reset without closing handshake
20250218 15:19:18.263 TZ=+0550 [confighandler:EROR] about:105 Failed to get icdb metadata: i/o error: No such file or directory (os error 2)
20250218 15:19:21.896 TZ=+0550 [confighandler:EROR] about:105 Failed to get icdb metadata: i/o error: No such file or directory (os error 2)
20250218 15:19:22.239 TZ=+0550 [confighandler:EROR] vuln:58 Failed to read vuln scan result: i/o error: No such file or directory (os error 2)
20250218 15:19:22.248 TZ=+0550 [confighandler:EROR] antivirus:49 Failed to get total quarantine entry count: i/o error: No such file or directory (os error 2)
20250218 15:19:22.290 TZ=+0550 [confighandler:EROR] vuln:58 Failed to read vuln scan result: i/o error: No such file or directory (os error 2)
20250218 15:19:22.312 TZ=+0550 [confighandler:EROR] vuln:58 Failed to read vuln scan result: i/o error: No such file or directory (os error 2)
20250218 15:19:22.331 TZ=+0550 [confighandler:EROR] vuln:58 Failed to read vuln scan result: i/o error: No such file or directory (os error 2)
20250218 15:19:22.379 TZ=+0550 [confighandler:EROR] antivirus:49 Failed to get total quarantine entry count: i/o error: No such file or directory (os error 2)
20250218 15:19:22.474 TZ=+0550 [confighandler:EROR] antivirus:49 Failed to get total quarantine entry count: i/o error: No such file or directory (os error 2)
20250218 15:19:22.879 TZ=+0550 [confighandler:EROR] about:105 Failed to get icdb metadata: i/o error: No such file or directory (os error 2)
20250218 15:20:11.234 TZ=+0550 [confighandler:EROR] websock:40 Failed to read message: Trying to work with closed connection20250218 15:20:11.234 TZ=+0550 [confighandler:EROR] websock:79 Failed to recv message from ws: WebSocket protocol error: Connection reset without closing handshake

20250218 15:20:14.722 TZ=+0550 [confighandler:EROR] websock:79 Failed to recv message from ws: WebSocket protocol error: Connection reset without closing handshake
20250218 15:20:14.722 TZ=+0550 [confighandler:EROR] websock:40 Failed to read message: Trying to work with closed connection
20250218 15:20:17.952 TZ=+0550 [confighandler:EROR] websock:79 Failed to recv message from ws: WebSocket protocol error: Connection reset without closing handshake
20250218 18:06:35.593 TZ=+0550 [confighandler:EROR] websock:79 Failed to recv message from ws: WebSocket protocol error: Connection reset without closing handshake
20250218 23:20:16.533 TZ=+0550 [confighandler:EROR] websock:79 Failed to recv message from ws: WebSocket protocol error: Connection reset without closing handshake20250218 23:20:16.533 TZ=+0550 [confighandler:EROR] websock:40 Failed to read message: Trying to work with closed connection

20250218 23:20:16.533 TZ=+0550 [confighandler:EROR] websock:79 Failed to recv message from ws: WebSocket protocol error: Connection reset without closing handshake
20250218 23:20:16.533 TZ=+0550 [confighandler:EROR] websock:40 Failed to read message: Trying to work with closed connection
20250219 09:06:57.620 TZ=+0550 [confighandler:EROR] about:105 Failed to get icdb metadata: i/o error: No such file or directory (os error 2)
20250219 09:06:59.066 TZ=+0550 [confighandler:EROR] vuln:58 Failed to read vuln scan result: i/o error: No such file or directory (os error 2)
20250219 09:06:59.072 TZ=+0550 [confighandler:EROR] antivirus:49 Failed to get total quarantine entry count: i/o error: No such file or directory (os error 2)
20250219 09:06:59.126 TZ=+0550 [confighandler:EROR] vuln:58 Failed to read vuln scan result: i/o error: No such file or directory (os error 2)
20250219 09:06:59.143 TZ=+0550 [confighandler:EROR] vuln:58 Failed to read vuln scan result: i/o error: No such file or directory (os error 2)
20250219 09:06:59.162 TZ=+0550 [confighandler:EROR] vuln:58 Failed to read vuln scan result: i/o error: No such file or directory (os error 2)
20250219 09:06:59.203 TZ=+0550 [confighandler:EROR] antivirus:49 Failed to get total quarantine entry count: i/o error: No such file or directory (os error 2)
20250219 09:06:59.299 TZ=+0550 [confighandler:EROR] antivirus:49 Failed to get total quarantine entry count: i/o error: No such file or directory (os error 2)
20250219 09:06:59.743 TZ=+0550 [confighandler:EROR] about:105 Failed to get icdb metadata: i/o error: No such file or directory (os error 2)
20250219 09:07:35.771 TZ=+0550 [confighandler:EROR] websock:79 Failed to recv message from ws: WebSocket protocol error: Connection reset without closing handshake
20250219 09:07:35.771 TZ=+0550 [confighandler:EROR] websock:40 Failed to read message: Trying to work with closed connection
20250219 09:07:37.838 TZ=+0550 [confighandler:EROR] websock:79 Failed to recv message from ws: WebSocket protocol error: Connection reset without closing handshake
20250219 09:07:37.838 TZ=+0550 [confighandler:EROR] websock:40 Failed to read message: Trying to work with closed connection
20250219 09:07:40.989 TZ=+0550 [confighandler:EROR] websock:79 Failed to recv message from ws: WebSocket protocol error: Connection reset without closing handshake
20250219 09:07:40.989 TZ=+0550 [confighandler:EROR] websock:40 Failed to read message: Trying to work with closed connection
20250219 17:07:39.375 TZ=+0550 [confighandler:EROR] websock:79 Failed to recv message from ws: WebSocket protocol error: Connection reset without closing handshake
20250219 17:07:39.375 TZ=+0550 [confighandler:EROR] websock:40 Failed to read message: Trying to work with closed connection
20250219 17:07:39.375 TZ=+0550 [confighandler:EROR] websock:79 Failed to recv message from ws: WebSocket protocol error: Connection reset without closing handshake
20250219 17:07:39.375 TZ=+0550 [confighandler:EROR] websock:40 Failed to read message: IO error: Broken pipe (os error 32)
20250220 09:42:50.250 TZ=+0550 [confighandler:EROR] websock:79 Failed to recv message from ws: WebSocket protocol error: Connection reset without closing handshake
20250220 09:42:50.250 TZ=+0550 [confighandler:EROR] websock:40 Failed to read message: Trying to work with closed connection
20250220 09:42:54.351 TZ=+0550 [confighandler:EROR] websock:79 Failed to recv message from ws: WebSocket protocol error: Connection reset without closing handshake
20250220 09:42:54.351 TZ=+0550 [confighandler:EROR] websock:40 Failed to read message: Trying to work with closed connection
20250220 09:42:57.529 TZ=+0550 [confighandler:EROR] websock:79 Failed to recv message from ws: WebSocket protocol error: Connection reset without closing handshake
20250220 12:11:42.542 TZ=+0550 [confighandler:EROR] websock:79 Failed to recv message from ws: WebSocket protocol error: Connection reset without closing handshake20250220 12:11:42.542 TZ=+0550 [confighandler:EROR] websock:40 Failed to read message: IO error: Broken pipe (os error 32)

20250220 12:11:42.542 TZ=+0550 [confighandler:EROR] websock:79 Failed to recv message from ws: WebSocket protocol error: Connection reset without closing handshake
20250220 12:13:46.374 TZ=+0550 [confighandler:EROR] websock:79 Failed to recv message from ws: WebSocket protocol error: Connection reset without closing handshake
20250220 12:13:46.374 TZ=+0550 [confighandler:EROR] websock:40 Failed to read message: Trying to work with closed connection
20250220 12:13:48.657 TZ=+0550 [confighandler:EROR] websock:79 Failed to recv message from ws: WebSocket protocol error: Connection reset without closing handshake
20250220 12:13:48.658 TZ=+0550 [confighandler:EROR] websock:40 Failed to read message: Trying to work with closed connection
20250220 12:13:52.074 TZ=+0550 [confighandler:EROR] websock:79 Failed to recv message from ws: WebSocket protocol error: Connection reset without closing handshake
20250220 18:06:53.199 TZ=+0550 [confighandler:EROR] websock:79 Failed to recv message from ws: WebSocket protocol error: Connection reset without closing handshake
20250220 20:13:50.493 TZ=+0550 [confighandler:EROR] websock:79 Failed to recv message from ws: WebSocket protocol error: Connection reset without closing handshake
20250220 20:13:50.493 TZ=+0550 [confighandler:EROR] websock:40 Failed to read message: Trying to work with closed connection
20250220 20:13:50.493 TZ=+0550 [confighandler:EROR] websock:40 Failed to read message: IO error: Broken pipe (os error 32)
20250220 20:13:50.494 TZ=+0550 [confighandler:EROR] websock:79 Failed to recv message from ws: WebSocket protocol error: Connection reset without closing handshake
20250221 09:27:08.597 TZ=+0550 [confighandler:EROR] about:105 Failed to get icdb metadata: i/o error: No such file or directory (os error 2)
20250221 09:27:10.230 TZ=+0550 [confighandler:EROR] vuln:58 Failed to read vuln scan result: i/o error: No such file or directory (os error 2)
20250221 09:27:10.269 TZ=+0550 [confighandler:EROR] antivirus:49 Failed to get total quarantine entry count: i/o error: No such file or directory (os error 2)
20250221 09:27:10.285 TZ=+0550 [confighandler:EROR] vuln:58 Failed to read vuln scan result: i/o error: No such file or directory (os error 2)
20250221 09:27:10.306 TZ=+0550 [confighandler:EROR] vuln:58 Failed to read vuln scan result: i/o error: No such file or directory (os error 2)
20250221 09:27:10.342 TZ=+0550 [confighandler:EROR] vuln:58 Failed to read vuln scan result: i/o error: No such file or directory (os error 2)
20250221 09:27:10.385 TZ=+0550 [confighandler:EROR] antivirus:49 Failed to get total quarantine entry count: i/o error: No such file or directory (os error 2)
20250221 09:27:10.487 TZ=+0550 [confighandler:EROR] antivirus:49 Failed to get total quarantine entry count: i/o error: No such file or directory (os error 2)
20250221 09:27:10.911 TZ=+0550 [confighandler:EROR] about:105 Failed to get icdb metadata: i/o error: No such file or directory (os error 2)
20250221 09:27:14.640 TZ=+0550 [confighandler:EROR] websock:40 Failed to read message: Trying to work with closed connection20250221 09:27:14.640 TZ=+0550 [confighandler:EROR] websock:79 Failed to recv message from ws: WebSocket protocol error: Connection reset without closing handshake

20250221 09:27:16.369 TZ=+0550 [confighandler:EROR] websock:79 Failed to recv message from ws: WebSocket protocol error: Connection reset without closing handshake
20250221 09:27:16.369 TZ=+0550 [confighandler:EROR] websock:40 Failed to read message: Trying to work with closed connection
20250221 09:27:19.735 TZ=+0550 [confighandler:EROR] websock:79 Failed to recv message from ws: WebSocket protocol error: Connection reset without closing handshake
20250221 17:27:18.574 TZ=+0550 [confighandler:EROR] websock:79 Failed to recv message from ws: WebSocket protocol error: Connection reset without closing handshake
20250221 17:27:18.609 TZ=+0550 [confighandler:EROR] websock:79 Failed to recv message from ws: WebSocket protocol error: Connection reset without closing handshake
20250221 17:27:18.609 TZ=+0550 [confighandler:EROR] websock:40 Failed to read message: Trying to work with closed connection
20250221 17:27:27.789 TZ=+0550 [confighandler:EROR] websock:79 Failed to recv message from ws: WebSocket protocol error: Connection reset without closing handshake
20250221 17:27:27.789 TZ=+0550 [confighandler:EROR] websock:40 Failed to read message: Trying to work with closed connection
20250221 17:27:30.297 TZ=+0550 [confighandler:EROR] websock:79 Failed to recv message from ws: WebSocket protocol error: Connection reset without closing handshake
20250221 17:27:30.297 TZ=+0550 [confighandler:EROR] websock:40 Failed to read message: Trying to work with closed connection
20250221 17:27:33.516 TZ=+0550 [confighandler:EROR] websock:79 Failed to recv message from ws: WebSocket protocol error: Connection reset without closing handshake
20250221 17:27:33.516 TZ=+0550 [confighandler:EROR] websock:40 Failed to read message: Trying to work with closed connection
20250221 18:25:56.821 TZ=+0550 [confighandler:EROR] websock:79 Failed to recv message from ws: WebSocket protocol error: Connection reset without closing handshake
20250222 01:27:32.060 TZ=+0550 [confighandler:EROR] websock:79 Failed to recv message from ws: WebSocket protocol error: Connection reset without closing handshake
20250222 01:27:32.060 TZ=+0550 [confighandler:EROR] websock:40 Failed to read message: IO error: Broken pipe (os error 32)
20250222 01:27:32.060 TZ=+0550 [confighandler:EROR] websock:79 Failed to recv message from ws: WebSocket protocol error: Connection reset without closing handshake
20250222 01:27:32.060 TZ=+0550 [confighandler:EROR] websock:40 Failed to read message: Trying to work with closed connection
20250224 09:12:10.907 TZ=+0550 [confighandler:EROR] about:105 Failed to get icdb metadata: i/o error: No such file or directory (os error 2)
20250224 09:12:12.400 TZ=+0550 [confighandler:EROR] vuln:58 Failed to read vuln scan result: i/o error: No such file or directory (os error 2)
20250224 09:12:12.435 TZ=+0550 [confighandler:EROR] antivirus:49 Failed to get total quarantine entry count: i/o error: No such file or directory (os error 2)
20250224 09:12:12.464 TZ=+0550 [confighandler:EROR] vuln:58 Failed to read vuln scan result: i/o error: No such file or directory (os error 2)
20250224 09:12:12.482 TZ=+0550 [confighandler:EROR] vuln:58 Failed to read vuln scan result: i/o error: No such file or directory (os error 2)
20250224 09:12:12.530 TZ=+0550 [confighandler:EROR] vuln:58 Failed to read vuln scan result: i/o error: No such file or directory (os error 2)
20250224 09:12:12.578 TZ=+0550 [confighandler:EROR] antivirus:49 Failed to get total quarantine entry count: i/o error: No such file or directory (os error 2)
20250224 09:12:12.660 TZ=+0550 [confighandler:EROR] antivirus:49 Failed to get total quarantine entry count: i/o error: No such file or directory (os error 2)
20250224 09:12:13.042 TZ=+0550 [confighandler:EROR] about:105 Failed to get icdb metadata: i/o error: No such file or directory (os error 2)
20250224 09:12:14.458 TZ=+0550 [confighandler:EROR] websock:79 Failed to recv message from ws: WebSocket protocol error: Connection reset without closing handshake
20250224 09:12:14.459 TZ=+0550 [confighandler:EROR] websock:40 Failed to read message: Trying to work with closed connection
20250224 09:12:16.343 TZ=+0550 [confighandler:EROR] websock:79 Failed to recv message from ws: WebSocket protocol error: Connection reset without closing handshake
20250224 09:12:16.343 TZ=+0550 [confighandler:EROR] websock:40 Failed to read message: Trying to work with closed connection
20250224 09:12:19.515 TZ=+0550 [confighandler:EROR] websock:79 Failed to recv message from ws: WebSocket protocol error: Connection reset without closing handshake
20250224 09:12:19.515 TZ=+0550 [confighandler:EROR] websock:40 Failed to read message: Trying to work with closed connection
20250224 17:12:17.682 TZ=+0550 [confighandler:EROR] websock:79 Failed to recv message from ws: WebSocket protocol error: Connection reset without closing handshake
20250224 17:12:17.682 TZ=+0550 [confighandler:EROR] websock:79 Failed to recv message from ws: WebSocket protocol error: Connection reset without closing handshake
20250224 17:12:17.682 TZ=+0550 [confighandler:EROR] websock:40 Failed to read message: Trying to work with closed connection
20250224 18:18:37.475 TZ=+0550 [confighandler:EROR] websock:79 Failed to recv message from ws: WebSocket protocol error: Connection reset without closing handshake
20250225 09:29:10.525 TZ=+0550 [confighandler:EROR] about:105 Failed to get icdb metadata: i/o error: No such file or directory (os error 2)
20250225 09:29:11.985 TZ=+0550 [confighandler:EROR] vuln:58 Failed to read vuln scan result: i/o error: No such file or directory (os error 2)
20250225 09:29:12.010 TZ=+0550 [confighandler:EROR] antivirus:49 Failed to get total quarantine entry count: i/o error: No such file or directory (os error 2)
20250225 09:29:12.041 TZ=+0550 [confighandler:EROR] vuln:58 Failed to read vuln scan result: i/o error: No such file or directory (os error 2)
20250225 09:29:12.058 TZ=+0550 [confighandler:EROR] vuln:58 Failed to read vuln scan result: i/o error: No such file or directory (os error 2)
20250225 09:29:12.085 TZ=+0550 [confighandler:EROR] vuln:58 Failed to read vuln scan result: i/o error: No such file or directory (os error 2)
20250225 09:29:12.127 TZ=+0550 [confighandler:EROR] antivirus:49 Failed to get total quarantine entry count: i/o error: No such file or directory (os error 2)
20250225 09:29:12.233 TZ=+0550 [confighandler:EROR] antivirus:49 Failed to get total quarantine entry count: i/o error: No such file or directory (os error 2)
20250225 09:29:12.657 TZ=+0550 [confighandler:EROR] about:105 Failed to get icdb metadata: i/o error: No such file or directory (os error 2)
20250225 09:29:14.566 TZ=+0550 [confighandler:EROR] websock:79 Failed to recv message from ws: WebSocket protocol error: Connection reset without closing handshake
20250225 09:29:14.566 TZ=+0550 [confighandler:EROR] websock:40 Failed to read message: Trying to work with closed connection
20250225 09:29:17.403 TZ=+0550 [confighandler:EROR] websock:79 Failed to recv message from ws: WebSocket protocol error: Connection reset without closing handshake
20250225 09:29:17.403 TZ=+0550 [confighandler:EROR] websock:40 Failed to read message: Trying to work with closed connection
20250225 09:29:20.614 TZ=+0550 [confighandler:EROR] websock:79 Failed to recv message from ws: WebSocket protocol error: Connection reset without closing handshake
20250225 17:29:19.120 TZ=+0550 [confighandler:EROR] websock:79 Failed to recv message from ws: WebSocket protocol error: Connection reset without closing handshake
20250225 17:29:19.120 TZ=+0550 [confighandler:EROR] websock:40 Failed to read message: Trying to work with closed connection
20250225 17:29:19.120 TZ=+0550 [confighandler:EROR] websock:40 Failed to read message: IO error: Broken pipe (os error 32)
20250225 17:29:19.120 TZ=+0550 [confighandler:EROR] websock:79 Failed to recv message from ws: WebSocket protocol error: Connection reset without closing handshake
20250225 17:29:32.544 TZ=+0550 [confighandler:EROR] websock:40 Failed to read message: Trying to work with closed connection
20250225 17:29:32.544 TZ=+0550 [confighandler:EROR] websock:79 Failed to recv message from ws: WebSocket protocol error: Connection reset without closing handshake
20250225 17:29:34.987 TZ=+0550 [confighandler:EROR] websock:79 Failed to recv message from ws: WebSocket protocol error: Connection reset without closing handshake
20250225 17:29:34.987 TZ=+0550 [confighandler:EROR] websock:40 Failed to read message: Trying to work with closed connection
20250225 17:29:38.429 TZ=+0550 [confighandler:EROR] websock:79 Failed to recv message from ws: WebSocket protocol error: Connection reset without closing handshake
20250226 01:29:35.900 TZ=+0550 [confighandler:EROR] websock:40 Failed to read message: IO error: Broken pipe (os error 32)
20250226 01:29:35.900 TZ=+0550 [confighandler:EROR] websock:79 Failed to recv message from ws: WebSocket protocol error: Connection reset without closing handshake
20250226 01:29:35.900 TZ=+0550 [confighandler:EROR] websock:79 Failed to recv message from ws: WebSocket protocol error: Connection reset without closing handshake
20250227 09:15:37.281 TZ=+0550 [confighandler:EROR] websock:79 Failed to recv message from ws: WebSocket protocol error: Connection reset without closing handshake20250227 09:15:37.281 TZ=+0550 [confighandler:EROR] websock:40 Failed to read message: Trying to work with closed connection

20250227 09:15:39.509 TZ=+0550 [confighandler:EROR] websock:79 Failed to recv message from ws: WebSocket protocol error: Connection reset without closing handshake
20250227 09:15:39.509 TZ=+0550 [confighandler:EROR] websock:40 Failed to read message: Trying to work with closed connection
20250227 09:15:42.645 TZ=+0550 [confighandler:EROR] websock:79 Failed to recv message from ws: WebSocket protocol error: Connection reset without closing handshake
20250227 14:58:53.717 TZ=+0550 [confighandler:EROR] websock:40 Failed to read message: Trying to work with closed connection20250227 14:58:53.717 TZ=+0550 [confighandler:EROR] websock:79 Failed to recv message from ws: WebSocket protocol error: Connection reset without closing handshake

20250227 14:58:53.717 TZ=+0550 [confighandler:EROR] websock:40 Failed to read message: IO error: Broken pipe (os error 32)
20250227 14:58:53.717 TZ=+0550 [confighandler:EROR] websock:79 Failed to recv message from ws: WebSocket protocol error: Connection reset without closing handshake
20250227 16:18:35.374 TZ=+0550 [confighandler:EROR] websock:79 Failed to recv message from ws: WebSocket protocol error: Connection reset without closing handshake
20250227 16:18:35.374 TZ=+0550 [confighandler:EROR] websock:40 Failed to read message: Trying to work with closed connection
20250227 16:18:37.401 TZ=+0550 [confighandler:EROR] websock:79 Failed to recv message from ws: WebSocket protocol error: Connection reset without closing handshake
20250227 16:18:40.748 TZ=+0550 [confighandler:EROR] websock:79 Failed to recv message from ws: WebSocket protocol error: Connection reset without closing handshake
20250227 18:13:03.135 TZ=+0550 [confighandler:EROR] websock:79 Failed to recv message from ws: WebSocket protocol error: Connection reset without closing handshake
20250228 00:18:39.340 TZ=+0550 [confighandler:EROR] websock:79 Failed to recv message from ws: WebSocket protocol error: Connection reset without closing handshake
20250228 00:18:39.340 TZ=+0550 [confighandler:EROR] websock:40 Failed to read message: IO error: Broken pipe (os error 32)
20250228 00:18:39.340 TZ=+0550 [confighandler:EROR] websock:40 Failed to read message: Trying to work with closed connection
20250228 00:18:39.340 TZ=+0550 [confighandler:EROR] websock:79 Failed to recv message from ws: WebSocket protocol error: Connection reset without closing handshake
20250228 09:17:03.081 TZ=+0550 [confighandler:EROR] about:105 Failed to get icdb metadata: i/o error: No such file or directory (os error 2)
20250228 09:17:04.613 TZ=+0550 [confighandler:EROR] vuln:58 Failed to read vuln scan result: i/o error: No such file or directory (os error 2)
20250228 09:17:04.621 TZ=+0550 [confighandler:EROR] antivirus:49 Failed to get total quarantine entry count: i/o error: No such file or directory (os error 2)
20250228 09:17:04.646 TZ=+0550 [confighandler:EROR] vuln:58 Failed to read vuln scan result: i/o error: No such file or directory (os error 2)
20250228 09:17:04.670 TZ=+0550 [confighandler:EROR] vuln:58 Failed to read vuln scan result: i/o error: No such file or directory (os error 2)
20250228 09:17:04.720 TZ=+0550 [confighandler:EROR] vuln:58 Failed to read vuln scan result: i/o error: No such file or directory (os error 2)
20250228 09:17:04.759 TZ=+0550 [confighandler:EROR] antivirus:49 Failed to get total quarantine entry count: i/o error: No such file or directory (os error 2)
20250228 09:17:04.847 TZ=+0550 [confighandler:EROR] antivirus:49 Failed to get total quarantine entry count: i/o error: No such file or directory (os error 2)
20250228 09:17:05.222 TZ=+0550 [confighandler:EROR] about:105 Failed to get icdb metadata: i/o error: No such file or directory (os error 2)
20250228 09:17:06.951 TZ=+0550 [confighandler:EROR] websock:79 Failed to recv message from ws: WebSocket protocol error: Connection reset without closing handshake
20250228 09:17:06.951 TZ=+0550 [confighandler:EROR] websock:40 Failed to read message: Trying to work with closed connection
20250228 09:17:11.718 TZ=+0550 [confighandler:EROR] websock:79 Failed to recv message from ws: WebSocket protocol error: Connection reset without closing handshake
20250228 09:17:11.718 TZ=+0550 [confighandler:EROR] websock:40 Failed to read message: Trying to work with closed connection
20250228 09:17:14.925 TZ=+0550 [confighandler:EROR] websock:40 Failed to read message: Trying to work with closed connection20250228 09:17:14.925 TZ=+0550 [confighandler:EROR] websock:79 Failed to recv message from ws: WebSocket protocol error: Connection reset without closing handshake

20250228 17:17:13.452 TZ=+0550 [confighandler:EROR] websock:79 Failed to recv message from ws: WebSocket protocol error: Connection reset without closing handshake
20250228 17:17:13.452 TZ=+0550 [confighandler:EROR] websock:40 Failed to read message: Trying to work with closed connection
20250228 17:17:13.452 TZ=+0550 [confighandler:EROR] websock:40 Failed to read message: IO error: Broken pipe (os error 32)
20250228 17:17:13.452 TZ=+0550 [confighandler:EROR] websock:79 Failed to recv message from ws: WebSocket protocol error: Connection reset without closing handshake
20250228 18:03:21.842 TZ=+0550 [confighandler:EROR] websock:79 Failed to recv message from ws: WebSocket protocol error: Connection reset without closing handshake
20250303 09:45:45.744 TZ=+0550 [confighandler:EROR] about:105 Failed to get icdb metadata: i/o error: No such file or directory (os error 2)
20250303 09:45:47.258 TZ=+0550 [confighandler:EROR] vuln:58 Failed to read vuln scan result: i/o error: No such file or directory (os error 2)
20250303 09:45:47.286 TZ=+0550 [confighandler:EROR] antivirus:49 Failed to get total quarantine entry count: i/o error: No such file or directory (os error 2)
20250303 09:45:47.315 TZ=+0550 [confighandler:EROR] vuln:58 Failed to read vuln scan result: i/o error: No such file or directory (os error 2)
20250303 09:45:47.346 TZ=+0550 [confighandler:EROR] vuln:58 Failed to read vuln scan result: i/o error: No such file or directory (os error 2)
20250303 09:45:47.366 TZ=+0550 [confighandler:EROR] vuln:58 Failed to read vuln scan result: i/o error: No such file or directory (os error 2)
20250303 09:45:47.426 TZ=+0550 [confighandler:EROR] antivirus:49 Failed to get total quarantine entry count: i/o error: No such file or directory (os error 2)
20250303 09:45:47.540 TZ=+0550 [confighandler:EROR] antivirus:49 Failed to get total quarantine entry count: i/o error: No such file or directory (os error 2)
20250303 09:45:48.005 TZ=+0550 [confighandler:EROR] about:105 Failed to get icdb metadata: i/o error: No such file or directory (os error 2)
20250303 09:45:51.948 TZ=+0550 [confighandler:EROR] websock:40 Failed to read message: Trying to work with closed connection
20250303 09:45:51.948 TZ=+0550 [confighandler:EROR] websock:79 Failed to recv message from ws: WebSocket protocol error: Connection reset without closing handshake
20250303 09:45:53.955 TZ=+0550 [confighandler:EROR] websock:79 Failed to recv message from ws: WebSocket protocol error: Connection reset without closing handshake
20250303 09:45:53.955 TZ=+0550 [confighandler:EROR] websock:40 Failed to read message: Trying to work with closed connection
20250303 09:45:57.240 TZ=+0550 [confighandler:EROR] websock:79 Failed to recv message from ws: WebSocket protocol error: Connection reset without closing handshake
20250303 09:45:57.240 TZ=+0550 [confighandler:EROR] websock:40 Failed to read message: Trying to work with closed connection
20250303 11:00:35.215 TZ=+0550 [confighandler:EROR] websock:79 Failed to recv message from ws: WebSocket protocol error: Connection reset without closing handshake
20250303 11:00:35.215 TZ=+0550 [confighandler:EROR] websock:40 Failed to read message: Trying to work with closed connection
20250303 11:00:35.215 TZ=+0550 [confighandler:EROR] websock:40 Failed to read message: IO error: Broken pipe (os error 32)
20250303 11:00:35.215 TZ=+0550 [confighandler:EROR] websock:79 Failed to recv message from ws: WebSocket protocol error: Connection reset without closing handshake
20250303 11:02:57.548 TZ=+0550 [confighandler:EROR] websock:79 Failed to recv message from ws: WebSocket protocol error: Connection reset without closing handshake
20250303 11:02:57.548 TZ=+0550 [confighandler:EROR] websock:40 Failed to read message: Trying to work with closed connection
20250303 11:03:29.661 TZ=+0550 [confighandler:EROR] websock:79 Failed to recv message from ws: WebSocket protocol error: Connection reset without closing handshake
20250303 11:03:29.661 TZ=+0550 [confighandler:EROR] websock:40 Failed to read message: Trying to work with closed connection
20250303 11:04:19.670 TZ=+0550 [confighandler:EROR] websock:79 Failed to recv message from ws: WebSocket protocol error: Connection reset without closing handshake
20250303 11:04:19.670 TZ=+0550 [confighandler:EROR] websock:40 Failed to read message: Trying to work with closed connection
20250303 11:04:51.781 TZ=+0550 [confighandler:EROR] websock:79 Failed to recv message from ws: WebSocket protocol error: Connection reset without closing handshake
20250303 11:04:51.781 TZ=+0550 [confighandler:EROR] websock:40 Failed to read message: Trying to work with closed connection
20250303 11:05:12.231 TZ=+0550 [confighandler:EROR] websock:79 Failed to recv message from ws: WebSocket protocol error: Connection reset without closing handshake
20250303 11:05:12.231 TZ=+0550 [confighandler:EROR] websock:40 Failed to read message: Trying to work with closed connection
20250303 11:05:17.402 TZ=+0550 [confighandler:EROR] websock:79 Failed to recv message from ws: WebSocket protocol error: Connection reset without closing handshake
20250303 11:05:17.402 TZ=+0550 [confighandler:EROR] websock:40 Failed to read message: Trying to work with closed connection
20250303 11:05:21.260 TZ=+0550 [confighandler:EROR] websock:79 Failed to recv message from ws: WebSocket protocol error: Connection reset without closing handshake
20250303 11:05:35.860 TZ=+0550 [confighandler:EROR] websock:40 Failed to read message: IO error: Broken pipe (os error 32)
20250303 11:05:35.860 TZ=+0550 [confighandler:EROR] websock:79 Failed to recv message from ws: WebSocket protocol error: Connection reset without closing handshake
20250303 11:05:35.860 TZ=+0550 [confighandler:EROR] websock:79 Failed to recv message from ws: WebSocket protocol error: Connection reset without closing handshake
20250303 11:05:35.860 TZ=+0550 [confighandler:EROR] websock:40 Failed to read message: Trying to work with closed connection
20250303 12:58:27.472 TZ=+0550 [confighandler:EROR] websock:79 Failed to recv message from ws: WebSocket protocol error: Connection reset without closing handshake
20250303 12:58:27.472 TZ=+0550 [confighandler:EROR] websock:40 Failed to read message: Trying to work with closed connection
20250303 12:58:43.624 TZ=+0550 [confighandler:EROR] websock:79 Failed to recv message from ws: WebSocket protocol error: Connection reset without closing handshake
20250303 12:58:53.282 TZ=+0550 [confighandler:EROR] about:105 Failed to get icdb metadata: i/o error: No such file or directory (os error 2)
20250303 12:58:54.962 TZ=+0550 [confighandler:EROR] vuln:58 Failed to read vuln scan result: i/o error: No such file or directory (os error 2)
20250303 12:58:55.000 TZ=+0550 [confighandler:EROR] antivirus:49 Failed to get total quarantine entry count: i/o error: No such file or directory (os error 2)
20250303 12:58:55.020 TZ=+0550 [confighandler:EROR] vuln:58 Failed to read vuln scan result: i/o error: No such file or directory (os error 2)
20250303 12:58:55.054 TZ=+0550 [confighandler:EROR] vuln:58 Failed to read vuln scan result: i/o error: No such file or directory (os error 2)
20250303 12:58:55.085 TZ=+0550 [confighandler:EROR] vuln:58 Failed to read vuln scan result: i/o error: No such file or directory (os error 2)
20250303 12:58:55.157 TZ=+0550 [confighandler:EROR] antivirus:49 Failed to get total quarantine entry count: i/o error: No such file or directory (os error 2)
20250303 12:58:55.315 TZ=+0550 [confighandler:EROR] antivirus:49 Failed to get total quarantine entry count: i/o error: No such file or directory (os error 2)
20250303 12:58:55.813 TZ=+0550 [confighandler:EROR] about:105 Failed to get icdb metadata: i/o error: No such file or directory (os error 2)
20250303 12:58:59.686 TZ=+0550 [confighandler:EROR] websock:79 Failed to recv message from ws: WebSocket protocol error: Connection reset without closing handshake
20250303 12:59:01.810 TZ=+0550 [confighandler:EROR] websock:79 Failed to recv message from ws: WebSocket protocol error: Connection reset without closing handshake
20250303 12:59:01.811 TZ=+0550 [confighandler:EROR] websock:40 Failed to read message: Trying to work with closed connection
20250303 12:59:21.655 TZ=+0550 [confighandler:EROR] websock:79 Failed to recv message from ws: WebSocket protocol error: Connection reset without closing handshake
20250303 12:59:21.655 TZ=+0550 [confighandler:EROR] websock:40 Failed to read message: Trying to work with closed connection
20250303 12:59:24.796 TZ=+0550 [confighandler:EROR] websock:79 Failed to recv message from ws: WebSocket protocol error: Connection reset without closing handshake
20250303 12:59:31.399 TZ=+0550 [confighandler:EROR] websock:79 Failed to recv message from ws: WebSocket protocol error: Connection reset without closing handshake
20250303 12:59:31.399 TZ=+0550 [confighandler:EROR] websock:79 Failed to recv message from ws: WebSocket protocol error: Connection reset without closing handshake20250303 12:59:31.399 TZ=+0550 [confighandler:EROR] websock:40 Failed to read message: Trying to work with closed connection

20250303 12:59:31.399 TZ=+0550 [confighandler:EROR] websock:40 Failed to read message: Trying to work with closed connection
20250303 12:59:44.252 TZ=+0550 [confighandler:EROR] websock:79 Failed to recv message from ws: WebSocket protocol error: Connection reset without closing handshake
20250303 12:59:44.252 TZ=+0550 [confighandler:EROR] websock:40 Failed to read message: Trying to work with closed connection
20250303 12:59:46.494 TZ=+0550 [confighandler:EROR] websock:79 Failed to recv message from ws: WebSocket protocol error: Connection reset without closing handshake
20250303 12:59:49.815 TZ=+0550 [confighandler:EROR] websock:79 Failed to recv message from ws: WebSocket protocol error: Connection reset without closing handshake
20250303 18:32:23.083 TZ=+0550 [confighandler:EROR] websock:79 Failed to recv message from ws: WebSocket protocol error: Connection reset without closing handshake
20250303 20:59:48.067 TZ=+0550 [confighandler:EROR] websock:79 Failed to recv message from ws: WebSocket protocol error: Connection reset without closing handshake20250303 20:59:48.067 TZ=+0550 [confighandler:EROR] websock:40 Failed to read message: IO error: Broken pipe (os error 32)

20250303 20:59:48.067 TZ=+0550 [confighandler:EROR] websock:79 Failed to recv message from ws: WebSocket protocol error: Connection reset without closing handshake
20250303 20:59:48.067 TZ=+0550 [confighandler:EROR] websock:40 Failed to read message: Trying to work with closed connection
20250304 09:22:41.124 TZ=+0550 [confighandler:EROR] about:105 Failed to get icdb metadata: i/o error: No such file or directory (os error 2)
20250304 09:22:42.666 TZ=+0550 [confighandler:EROR] vuln:58 Failed to read vuln scan result: i/o error: No such file or directory (os error 2)
20250304 09:22:42.694 TZ=+0550 [confighandler:EROR] antivirus:49 Failed to get total quarantine entry count: i/o error: No such file or directory (os error 2)
20250304 09:22:42.711 TZ=+0550 [confighandler:EROR] vuln:58 Failed to read vuln scan result: i/o error: No such file or directory (os error 2)
20250304 09:22:42.739 TZ=+0550 [confighandler:EROR] vuln:58 Failed to read vuln scan result: i/o error: No such file or directory (os error 2)
20250304 09:22:42.782 TZ=+0550 [confighandler:EROR] vuln:58 Failed to read vuln scan result: i/o error: No such file or directory (os error 2)
20250304 09:22:42.830 TZ=+0550 [confighandler:EROR] antivirus:49 Failed to get total quarantine entry count: i/o error: No such file or directory (os error 2)
20250304 09:22:42.922 TZ=+0550 [confighandler:EROR] antivirus:49 Failed to get total quarantine entry count: i/o error: No such file or directory (os error 2)
20250304 09:22:43.301 TZ=+0550 [confighandler:EROR] about:105 Failed to get icdb metadata: i/o error: No such file or directory (os error 2)
20250304 09:22:44.949 TZ=+0550 [confighandler:EROR] websock:79 Failed to recv message from ws: WebSocket protocol error: Connection reset without closing handshake20250304 09:22:44.949 TZ=+0550 [confighandler:EROR] websock:40 Failed to read message: Trying to work with closed connection

20250304 09:22:46.931 TZ=+0550 [confighandler:EROR] websock:79 Failed to recv message from ws: WebSocket protocol error: Connection reset without closing handshake
20250304 09:22:46.931 TZ=+0550 [confighandler:EROR] websock:40 Failed to read message: Trying to work with closed connection
20250304 09:22:50.166 TZ=+0550 [confighandler:EROR] websock:79 Failed to recv message from ws: WebSocket protocol error: Connection reset without closing handshake
20250304 09:51:16.590 TZ=+0550 [confighandler:EROR] websock:79 Failed to recv message from ws: WebSocket protocol error: Connection reset without closing handshake
20250304 09:51:16.590 TZ=+0550 [confighandler:EROR] websock:40 Failed to read message: IO error: Broken pipe (os error 32)
20250304 09:51:16.590 TZ=+0550 [confighandler:EROR] websock:40 Failed to read message: Trying to work with closed connection
20250304 09:51:16.590 TZ=+0550 [confighandler:EROR] websock:79 Failed to recv message from ws: WebSocket protocol error: Connection reset without closing handshake
20250304 09:51:26.018 TZ=+0550 [confighandler:EROR] websock:79 Failed to recv message from ws: WebSocket protocol error: Connection reset without closing handshake
20250304 09:51:26.018 TZ=+0550 [confighandler:EROR] websock:40 Failed to read message: Trying to work with closed connection
20250304 09:51:43.506 TZ=+0550 [confighandler:EROR] websock:79 Failed to recv message from ws: WebSocket protocol error: Connection reset without closing handshake
20250304 09:51:43.506 TZ=+0550 [confighandler:EROR] websock:40 Failed to read message: Trying to work with closed connection
20250304 09:51:46.680 TZ=+0550 [confighandler:EROR] websock:79 Failed to recv message from ws: WebSocket protocol error: Connection reset without closing handshake
20250304 09:51:46.680 TZ=+0550 [confighandler:EROR] websock:40 Failed to read message: Trying to work with closed connection
20250304 17:51:45.130 TZ=+0550 [confighandler:EROR] websock:79 Failed to recv message from ws: WebSocket protocol error: Connection reset without closing handshake
20250304 17:51:45.130 TZ=+0550 [confighandler:EROR] websock:40 Failed to read message: Trying to work with closed connection
20250304 17:51:45.130 TZ=+0550 [confighandler:EROR] websock:79 Failed to recv message from ws: WebSocket protocol error: Connection reset without closing handshake
20250304 17:51:45.130 TZ=+0550 [confighandler:EROR] websock:40 Failed to read message: IO error: Broken pipe (os error 32)
20250304 18:21:34.095 TZ=+0550 [confighandler:EROR] websock:79 Failed to recv message from ws: WebSocket protocol error: Connection reset without closing handshake
20250304 18:21:34.095 TZ=+0550 [confighandler:EROR] websock:40 Failed to read message: Trying to work with closed connection
20250304 18:21:36.008 TZ=+0550 [confighandler:EROR] websock:79 Failed to recv message from ws: WebSocket protocol error: Connection reset without closing handshake
20250304 18:21:36.009 TZ=+0550 [confighandler:EROR] websock:40 Failed to read message: Trying to work with closed connection
20250304 18:21:39.121 TZ=+0550 [confighandler:EROR] websock:79 Failed to recv message from ws: WebSocket protocol error: Connection reset without closing handshake
20250304 18:22:38.399 TZ=+0550 [confighandler:EROR] websock:79 Failed to recv message from ws: WebSocket protocol error: Connection reset without closing handshake
20250304 18:22:38.400 TZ=+0550 [confighandler:EROR] websock:40 Failed to read message: Trying to work with closed connection
20250304 18:22:38.400 TZ=+0550 [confighandler:EROR] websock:40 Failed to read message: IO error: Broken pipe (os error 32)
20250304 18:22:38.400 TZ=+0550 [confighandler:EROR] websock:79 Failed to recv message from ws: WebSocket protocol error: Connection reset without closing handshake
20250304 18:22:39.705 TZ=+0550 [confighandler:EROR] websock:79 Failed to recv message from ws: WebSocket protocol error: Connection reset without closing handshake
20250305 09:24:53.019 TZ=+0550 [confighandler:EROR] about:105 Failed to get icdb metadata: i/o error: No such file or directory (os error 2)
20250305 09:24:54.670 TZ=+0550 [confighandler:EROR] vuln:58 Failed to read vuln scan result: i/o error: No such file or directory (os error 2)
20250305 09:24:54.707 TZ=+0550 [confighandler:EROR] antivirus:49 Failed to get total quarantine entry count: i/o error: No such file or directory (os error 2)
20250305 09:24:54.739 TZ=+0550 [confighandler:EROR] vuln:58 Failed to read vuln scan result: i/o error: No such file or directory (os error 2)
20250305 09:24:54.769 TZ=+0550 [confighandler:EROR] vuln:58 Failed to read vuln scan result: i/o error: No such file or directory (os error 2)
20250305 09:24:54.790 TZ=+0550 [confighandler:EROR] vuln:58 Failed to read vuln scan result: i/o error: No such file or directory (os error 2)
20250305 09:24:54.845 TZ=+0550 [confighandler:EROR] antivirus:49 Failed to get total quarantine entry count: i/o error: No such file or directory (os error 2)
20250305 09:24:54.945 TZ=+0550 [confighandler:EROR] antivirus:49 Failed to get total quarantine entry count: i/o error: No such file or directory (os error 2)
20250305 09:24:55.372 TZ=+0550 [confighandler:EROR] about:105 Failed to get icdb metadata: i/o error: No such file or directory (os error 2)
20250305 09:24:56.962 TZ=+0550 [confighandler:EROR] websock:79 Failed to recv message from ws: WebSocket protocol error: Connection reset without closing handshake
20250305 09:24:56.962 TZ=+0550 [confighandler:EROR] websock:40 Failed to read message: Trying to work with closed connection
20250305 09:25:06.927 TZ=+0550 [confighandler:EROR] websock:79 Failed to recv message from ws: WebSocket protocol error: Connection reset without closing handshake
20250305 09:25:06.927 TZ=+0550 [confighandler:EROR] websock:40 Failed to read message: Trying to work with closed connection
20250305 09:25:09.890 TZ=+0550 [confighandler:EROR] websock:79 Failed to recv message from ws: WebSocket protocol error: Connection reset without closing handshake
20250305 15:56:18.002 TZ=+0550 [confighandler:EROR] epctrl:102 Failed to send ec message: No such file or directory (os error 2)
20250305 15:56:19.962 TZ=+0550 [confighandler:EROR] websock:79 Failed to recv message from ws: WebSocket protocol error: Connection reset without closing handshake
20250305 17:10:54.600 TZ=+0550 [confighandler:EROR] websock:79 Failed to recv message from ws: WebSocket protocol error: Connection reset without closing handshake
20250305 17:25:09.102 TZ=+0550 [confighandler:EROR] websock:79 Failed to recv message from ws: WebSocket protocol error: Connection reset without closing handshake
20250305 17:25:09.102 TZ=+0550 [confighandler:EROR] websock:40 Failed to read message: Trying to work with closed connection20250305 17:25:09.102 TZ=+0550 [confighandler:EROR] websock:79 Failed to recv message from ws: WebSocket protocol error: Connection reset without closing handshake

20250305 17:30:44.267 TZ=+0550 [confighandler:EROR] about:105 Failed to get icdb metadata: i/o error: No such file or directory (os error 2)
20250305 17:30:47.159 TZ=+0550 [confighandler:EROR] vuln:58 Failed to read vuln scan result: i/o error: No such file or directory (os error 2)
20250305 17:30:47.165 TZ=+0550 [confighandler:EROR] antivirus:49 Failed to get total quarantine entry count: i/o error: No such file or directory (os error 2)
20250305 17:30:47.251 TZ=+0550 [confighandler:EROR] vuln:58 Failed to read vuln scan result: i/o error: No such file or directory (os error 2)
20250305 17:30:47.282 TZ=+0550 [confighandler:EROR] vuln:58 Failed to read vuln scan result: i/o error: No such file or directory (os error 2)
20250305 17:30:47.312 TZ=+0550 [confighandler:EROR] vuln:58 Failed to read vuln scan result: i/o error: No such file or directory (os error 2)
20250305 17:30:47.346 TZ=+0550 [confighandler:EROR] antivirus:49 Failed to get total quarantine entry count: i/o error: No such file or directory (os error 2)
20250305 17:30:47.517 TZ=+0550 [confighandler:EROR] antivirus:49 Failed to get total quarantine entry count: i/o error: No such file or directory (os error 2)
20250305 17:30:48.202 TZ=+0550 [confighandler:EROR] about:105 Failed to get icdb metadata: i/o error: No such file or directory (os error 2)
20250305 17:30:50.709 TZ=+0550 [confighandler:EROR] websock:79 Failed to recv message from ws: WebSocket protocol error: Connection reset without closing handshake
20250305 17:30:50.709 TZ=+0550 [confighandler:EROR] websock:40 Failed to read message: Trying to work with closed connection
20250305 17:30:53.986 TZ=+0550 [confighandler:EROR] decorators:52 Failed to send message to fortitray: i/o error: Connection timed out
20250305 17:31:52.070 TZ=+0550 [confighandler:EROR] websock:79 Failed to recv message from ws: WebSocket protocol error: Connection reset without closing handshake
20250305 17:31:52.071 TZ=+0550 [confighandler:EROR] websock:40 Failed to read message: Trying to work with closed connection
20250305 17:31:52.071 TZ=+0550 [confighandler:EROR] websock:79 Failed to recv message from ws: WebSocket protocol error: Connection reset without closing handshake
20250305 17:31:55.906 TZ=+0550 [confighandler:EROR] websock:40 Failed to read message: IO error: Broken pipe (os error 32)
20250305 17:31:55.906 TZ=+0550 [confighandler:EROR] websock:79 Failed to recv message from ws: WebSocket protocol error: Connection reset without closing handshake
20250305 17:31:56.660 TZ=+0550 [confighandler:EROR] decorators:52 Failed to send message to fortitray: i/o error: Connection timed out
20250305 17:31:56.661 TZ=+0550 [confighandler:EROR] websock:79 Failed to recv message from ws: WebSocket protocol error: Connection reset without closing handshake
20250305 17:31:56.661 TZ=+0550 [confighandler:EROR] websock:40 Failed to read message: Trying to work with closed connection
20250305 17:32:02.972 TZ=+0550 [confighandler:EROR] decorators:52 Failed to send message to fortitray: i/o error: Connection timed out
20250305 17:32:02.972 TZ=+0550 [confighandler:EROR] websock:79 Failed to recv message from ws: WebSocket protocol error: Connection reset without closing handshake
20250305 17:32:02.972 TZ=+0550 [confighandler:EROR] websock:40 Failed to read message: Trying to work with closed connection
20250305 18:26:50.219 TZ=+0550 [confighandler:EROR] websock:79 Failed to recv message from ws: WebSocket protocol error: Connection reset without closing handshake
20250306 01:31:56.899 TZ=+0550 [confighandler:EROR] websock:79 Failed to recv message from ws: WebSocket protocol error: Connection reset without closing handshake
20250306 01:31:56.915 TZ=+0550 [confighandler:EROR] websock:79 Failed to recv message from ws: WebSocket protocol error: Connection reset without closing handshake
20250306 01:31:56.915 TZ=+0550 [confighandler:EROR] websock:40 Failed to read message: Trying to work with closed connection
20250306 09:24:58.419 TZ=+0550 [confighandler:EROR] about:105 Failed to get icdb metadata: i/o error: No such file or directory (os error 2)
20250306 09:24:59.938 TZ=+0550 [confighandler:EROR] vuln:58 Failed to read vuln scan result: i/o error: No such file or directory (os error 2)
20250306 09:24:59.939 TZ=+0550 [confighandler:EROR] antivirus:49 Failed to get total quarantine entry count: i/o error: No such file or directory (os error 2)
20250306 09:25:00.030 TZ=+0550 [confighandler:EROR] vuln:58 Failed to read vuln scan result: i/o error: No such file or directory (os error 2)
20250306 09:25:00.059 TZ=+0550 [confighandler:EROR] vuln:58 Failed to read vuln scan result: i/o error: No such file or directory (os error 2)
20250306 09:25:00.083 TZ=+0550 [confighandler:EROR] vuln:58 Failed to read vuln scan result: i/o error: No such file or directory (os error 2)
20250306 09:25:00.098 TZ=+0550 [confighandler:EROR] antivirus:49 Failed to get total quarantine entry count: i/o error: No such file or directory (os error 2)
20250306 09:25:00.231 TZ=+0550 [confighandler:EROR] antivirus:49 Failed to get total quarantine entry count: i/o error: No such file or directory (os error 2)
20250306 09:25:00.747 TZ=+0550 [confighandler:EROR] about:105 Failed to get icdb metadata: i/o error: No such file or directory (os error 2)
20250306 09:25:02.791 TZ=+0550 [confighandler:EROR] websock:79 Failed to recv message from ws: WebSocket protocol error: Connection reset without closing handshake
20250306 09:25:02.791 TZ=+0550 [confighandler:EROR] websock:40 Failed to read message: Trying to work with closed connection
20250306 09:25:06.036 TZ=+0550 [confighandler:EROR] decorators:52 Failed to send message to fortitray: i/o error: Connection timed out
20250306 09:28:50.177 TZ=+0550 [confighandler:EROR] websock:79 Failed to recv message from ws: WebSocket protocol error: Connection reset without closing handshake
20250306 09:28:50.177 TZ=+0550 [confighandler:EROR] websock:40 Failed to read message: Trying to work with closed connection
20250306 09:28:50.178 TZ=+0550 [confighandler:EROR] websock:79 Failed to recv message from ws: WebSocket protocol error: Connection reset without closing handshake
20250306 09:28:54.128 TZ=+0550 [confighandler:EROR] decorators:52 Failed to send message to fortitray: i/o error: Connection timed out
20250306 09:28:54.128 TZ=+0550 [confighandler:EROR] websock:79 Failed to recv message from ws: WebSocket protocol error: Connection reset without closing handshake
20250306 09:28:54.128 TZ=+0550 [confighandler:EROR] websock:40 Failed to read message: Trying to work with closed connection
20250306 09:28:54.400 TZ=+0550 [confighandler:EROR] decorators:52 Failed to send message to fortitray: i/o error: Connection timed out
20250306 09:30:35.685 TZ=+0550 [confighandler:EROR] websock:79 Failed to recv message from ws: WebSocket protocol error: Connection reset without closing handshake
20250306 09:30:39.820 TZ=+0550 [confighandler:EROR] about:105 Failed to get icdb metadata: i/o error: No such file or directory (os error 2)
20250306 09:30:41.354 TZ=+0550 [confighandler:EROR] vuln:58 Failed to read vuln scan result: i/o error: No such file or directory (os error 2)
20250306 09:30:41.365 TZ=+0550 [confighandler:EROR] antivirus:49 Failed to get total quarantine entry count: i/o error: No such file or directory (os error 2)
20250306 09:30:41.410 TZ=+0550 [confighandler:EROR] vuln:58 Failed to read vuln scan result: i/o error: No such file or directory (os error 2)
20250306 09:30:41.440 TZ=+0550 [confighandler:EROR] vuln:58 Failed to read vuln scan result: i/o error: No such file or directory (os error 2)
20250306 09:30:41.468 TZ=+0550 [confighandler:EROR] vuln:58 Failed to read vuln scan result: i/o error: No such file or directory (os error 2)
20250306 09:30:41.533 TZ=+0550 [confighandler:EROR] antivirus:49 Failed to get total quarantine entry count: i/o error: No such file or directory (os error 2)
20250306 09:30:41.687 TZ=+0550 [confighandler:EROR] antivirus:49 Failed to get total quarantine entry count: i/o error: No such file or directory (os error 2)
20250306 09:30:42.185 TZ=+0550 [confighandler:EROR] about:105 Failed to get icdb metadata: i/o error: No such file or directory (os error 2)
20250306 09:30:58.646 TZ=+0550 [confighandler:EROR] websock:79 Failed to recv message from ws: WebSocket protocol error: Connection reset without closing handshake
20250306 09:30:59.968 TZ=+0550 [confighandler:EROR] decorators:52 Failed to send message to fortitray: i/o error: Connection timed out
20250306 09:30:59.968 TZ=+0550 [confighandler:EROR] websock:79 Failed to recv message from ws: WebSocket protocol error: Connection reset without closing handshake
20250306 09:30:59.968 TZ=+0550 [confighandler:EROR] websock:40 Failed to read message: Trying to work with closed connection
20250306 09:31:17.297 TZ=+0550 [confighandler:EROR] websock:79 Failed to recv message from ws: WebSocket protocol error: Connection reset without closing handshake20250306 09:31:17.297 TZ=+0550 [confighandler:EROR] websock:40 Failed to read message: Trying to work with closed connection

20250306 09:31:19.796 TZ=+0550 [confighandler:EROR] websock:79 Failed to recv message from ws: WebSocket protocol error: Connection reset without closing handshake
20250306 09:31:19.796 TZ=+0550 [confighandler:EROR] websock:40 Failed to read message: Trying to work with closed connection
20250306 09:31:26.213 TZ=+0550 [confighandler:EROR] decorators:52 Failed to send message to fortitray: i/o error: Connection timed out
20250306 09:31:26.213 TZ=+0550 [confighandler:EROR] websock:79 Failed to recv message from ws: WebSocket protocol error: Connection reset without closing handshake
20250306 17:31:20.714 TZ=+0550 [confighandler:EROR] websock:79 Failed to recv message from ws: WebSocket protocol error: Connection reset without closing handshake
20250306 17:31:20.714 TZ=+0550 [confighandler:EROR] websock:40 Failed to read message: Trying to work with closed connection
20250306 17:31:20.714 TZ=+0550 [confighandler:EROR] websock:40 Failed to read message: IO error: Broken pipe (os error 32)
20250306 17:31:20.714 TZ=+0550 [confighandler:EROR] websock:79 Failed to recv message from ws: WebSocket protocol error: Connection reset without closing handshake
20250306 18:25:38.686 TZ=+0550 [confighandler:EROR] websock:79 Failed to recv message from ws: WebSocket protocol error: Connection reset without closing handshake
20250307 09:31:49.462 TZ=+0550 [confighandler:EROR] about:105 Failed to get icdb metadata: i/o error: No such file or directory (os error 2)
20250307 09:31:50.952 TZ=+0550 [confighandler:EROR] vuln:58 Failed to read vuln scan result: i/o error: No such file or directory (os error 2)
20250307 09:31:50.974 TZ=+0550 [confighandler:EROR] antivirus:49 Failed to get total quarantine entry count: i/o error: No such file or directory (os error 2)
20250307 09:31:51.007 TZ=+0550 [confighandler:EROR] vuln:58 Failed to read vuln scan result: i/o error: No such file or directory (os error 2)
20250307 09:31:51.034 TZ=+0550 [confighandler:EROR] vuln:58 Failed to read vuln scan result: i/o error: No such file or directory (os error 2)
20250307 09:31:51.061 TZ=+0550 [confighandler:EROR] vuln:58 Failed to read vuln scan result: i/o error: No such file or directory (os error 2)
20250307 09:31:51.118 TZ=+0550 [confighandler:EROR] antivirus:49 Failed to get total quarantine entry count: i/o error: No such file or directory (os error 2)
20250307 09:31:51.270 TZ=+0550 [confighandler:EROR] antivirus:49 Failed to get total quarantine entry count: i/o error: No such file or directory (os error 2)
20250307 09:31:51.838 TZ=+0550 [confighandler:EROR] about:105 Failed to get icdb metadata: i/o error: No such file or directory (os error 2)
20250307 09:31:57.031 TZ=+0550 [confighandler:EROR] websock:79 Failed to recv message from ws: WebSocket protocol error: Connection reset without closing handshake
20250307 09:31:57.031 TZ=+0550 [confighandler:EROR] websock:40 Failed to read message: Trying to work with closed connection
20250307 09:32:00.554 TZ=+0550 [confighandler:EROR] websock:79 Failed to recv message from ws: WebSocket protocol error: Connection reset without closing handshake
20250307 09:32:00.554 TZ=+0550 [confighandler:EROR] websock:40 Failed to read message: Trying to work with closed connection
20250307 09:32:03.604 TZ=+0550 [confighandler:EROR] websock:79 Failed to recv message from ws: WebSocket protocol error: Connection reset without closing handshake
20250307 17:32:03.478 TZ=+0550 [confighandler:EROR] websock:79 Failed to recv message from ws: WebSocket protocol error: Connection reset without closing handshake
20250307 17:32:03.661 TZ=+0550 [confighandler:EROR] websock:40 Failed to read message: Trying to work with closed connection
20250307 17:32:03.661 TZ=+0550 [confighandler:EROR] websock:79 Failed to recv message from ws: WebSocket protocol error: Connection reset without closing handshake
20250307 18:20:26.039 TZ=+0550 [confighandler:EROR] websock:79 Failed to recv message from ws: WebSocket protocol error: Connection reset without closing handshake
20250310 09:21:08.486 TZ=+0550 [confighandler:EROR] epctrl:102 Failed to send ec message: No such file or directory (os error 2)
20250310 09:21:08.534 TZ=+0550 [confighandler:EROR] websock:79 Failed to recv message from ws: WebSocket protocol error: Connection reset without closing handshake
20250310 10:02:48.863 TZ=+0550 [confighandler:EROR] about:105 Failed to get icdb metadata: i/o error: No such file or directory (os error 2)
20250310 10:02:52.735 TZ=+0550 [confighandler:EROR] vuln:58 Failed to read vuln scan result: i/o error: No such file or directory (os error 2)
20250310 10:02:52.748 TZ=+0550 [confighandler:EROR] antivirus:49 Failed to get total quarantine entry count: i/o error: No such file or directory (os error 2)
20250310 10:02:52.816 TZ=+0550 [confighandler:EROR] vuln:58 Failed to read vuln scan result: i/o error: No such file or directory (os error 2)
20250310 10:02:52.836 TZ=+0550 [confighandler:EROR] vuln:58 Failed to read vuln scan result: i/o error: No such file or directory (os error 2)
20250310 10:02:52.860 TZ=+0550 [confighandler:EROR] vuln:58 Failed to read vuln scan result: i/o error: No such file or directory (os error 2)
20250310 10:02:52.927 TZ=+0550 [confighandler:EROR] antivirus:49 Failed to get total quarantine entry count: i/o error: No such file or directory (os error 2)
20250310 10:02:53.027 TZ=+0550 [confighandler:EROR] antivirus:49 Failed to get total quarantine entry count: i/o error: No such file or directory (os error 2)
20250310 10:02:53.454 TZ=+0550 [confighandler:EROR] about:105 Failed to get icdb metadata: i/o error: No such file or directory (os error 2)
20250310 10:02:58.004 TZ=+0550 [confighandler:EROR] websock:79 Failed to recv message from ws: WebSocket protocol error: Connection reset without closing handshake
20250310 10:03:00.356 TZ=+0550 [confighandler:EROR] websock:79 Failed to recv message from ws: WebSocket protocol error: Connection reset without closing handshake
20250310 10:03:00.357 TZ=+0550 [confighandler:EROR] websock:40 Failed to read message: Trying to work with closed connection
20250310 10:03:04.254 TZ=+0550 [confighandler:EROR] websock:40 Failed to read message: Trying to work with closed connection
20250310 10:03:04.254 TZ=+0550 [confighandler:EROR] websock:79 Failed to recv message from ws: WebSocket protocol error: Connection reset without closing handshake
20250310 18:03:02.699 TZ=+0550 [confighandler:EROR] websock:79 Failed to recv message from ws: WebSocket protocol error: Connection reset without closing handshake
20250310 18:03:02.699 TZ=+0550 [confighandler:EROR] websock:40 Failed to read message: IO error: Broken pipe (os error 32)
20250310 18:03:02.699 TZ=+0550 [confighandler:EROR] websock:40 Failed to read message: Trying to work with closed connection
20250310 18:03:02.702 TZ=+0550 [confighandler:EROR] websock:79 Failed to recv message from ws: WebSocket protocol error: Connection reset without closing handshake
20250311 09:10:05.004 TZ=+0550 [confighandler:EROR] websock:40 Failed to read message: Trying to work with closed connection20250311 09:10:05.004 TZ=+0550 [confighandler:EROR] websock:79 Failed to recv message from ws: WebSocket protocol error: Connection reset without closing handshake

20250311 09:10:06.949 TZ=+0550 [confighandler:EROR] websock:79 Failed to recv message from ws: WebSocket protocol error: Connection reset without closing handshake
20250311 09:10:10.684 TZ=+0550 [confighandler:EROR] websock:79 Failed to recv message from ws: WebSocket protocol error: Connection reset without closing handshake
20250311 09:10:10.684 TZ=+0550 [confighandler:EROR] websock:40 Failed to read message: Trying to work with closed connection
20250311 17:10:08.415 TZ=+0550 [confighandler:EROR] websock:79 Failed to recv message from ws: WebSocket protocol error: Connection reset without closing handshake
20250311 17:10:08.415 TZ=+0550 [confighandler:EROR] websock:79 Failed to recv message from ws: WebSocket protocol error: Connection reset without closing handshake20250311 17:10:08.415 TZ=+0550 [confighandler:EROR] websock:40 Failed to read message: Trying to work with closed connection

20250311 17:10:08.415 TZ=+0550 [confighandler:EROR] websock:40 Failed to read message: Trying to work with closed connection
20250311 18:09:47.585 TZ=+0550 [confighandler:EROR] websock:79 Failed to recv message from ws: WebSocket protocol error: Connection reset without closing handshake
20250312 15:03:32.328 TZ=+0550 [confighandler:EROR] epctrl:102 Failed to send ec message: No such file or directory (os error 2)
20250312 15:03:32.612 TZ=+0550 [confighandler:EROR] websock:79 Failed to recv message from ws: WebSocket protocol error: Connection reset without closing handshake
20250312 15:03:55.532 TZ=+0550 [confighandler:EROR] about:105 Failed to get icdb metadata: i/o error: No such file or directory (os error 2)
20250312 15:03:59.457 TZ=+0550 [confighandler:EROR] vuln:58 Failed to read vuln scan result: i/o error: No such file or directory (os error 2)
20250312 15:03:59.462 TZ=+0550 [confighandler:EROR] antivirus:49 Failed to get total quarantine entry count: i/o error: No such file or directory (os error 2)
20250312 15:03:59.496 TZ=+0550 [confighandler:EROR] vuln:58 Failed to read vuln scan result: i/o error: No such file or directory (os error 2)
20250312 15:03:59.508 TZ=+0550 [confighandler:EROR] vuln:58 Failed to read vuln scan result: i/o error: No such file or directory (os error 2)
20250312 15:03:59.524 TZ=+0550 [confighandler:EROR] vuln:58 Failed to read vuln scan result: i/o error: No such file or directory (os error 2)
20250312 15:03:59.784 TZ=+0550 [confighandler:EROR] antivirus:49 Failed to get total quarantine entry count: i/o error: No such file or directory (os error 2)
20250312 15:03:59.883 TZ=+0550 [confighandler:EROR] antivirus:49 Failed to get total quarantine entry count: i/o error: No such file or directory (os error 2)
20250312 15:04:00.339 TZ=+0550 [confighandler:EROR] about:105 Failed to get icdb metadata: i/o error: No such file or directory (os error 2)
20250312 15:04:05.377 TZ=+0550 [confighandler:EROR] websock:79 Failed to recv message from ws: WebSocket protocol error: Connection reset without closing handshake
20250312 15:04:05.377 TZ=+0550 [confighandler:EROR] websock:40 Failed to read message: Trying to work with closed connection
20250312 15:04:22.364 TZ=+0550 [confighandler:EROR] websock:79 Failed to recv message from ws: WebSocket protocol error: Connection reset without closing handshake
20250312 15:04:22.365 TZ=+0550 [confighandler:EROR] websock:40 Failed to read message: Trying to work with closed connection
20250312 15:04:25.642 TZ=+0550 [confighandler:EROR] websock:79 Failed to recv message from ws: WebSocket protocol error: Connection reset without closing handshake
20250312 15:04:25.642 TZ=+0550 [confighandler:EROR] websock:40 Failed to read message: Trying to work with closed connection
20250312 23:04:23.935 TZ=+0550 [confighandler:EROR] websock:40 Failed to read message: IO error: Broken pipe (os error 32)
20250312 23:04:23.935 TZ=+0550 [confighandler:EROR] websock:79 Failed to recv message from ws: WebSocket protocol error: Connection reset without closing handshake
20250312 23:04:23.935 TZ=+0550 [confighandler:EROR] websock:79 Failed to recv message from ws: WebSocket protocol error: Connection reset without closing handshake
20250312 23:04:23.935 TZ=+0550 [confighandler:EROR] websock:40 Failed to read message: Trying to work with closed connection
20250313 09:28:47.519 TZ=+0550 [confighandler:EROR] websock:79 Failed to recv message from ws: WebSocket protocol error: Connection reset without closing handshake
20250313 10:10:01.342 TZ=+0550 [confighandler:EROR] about:105 Failed to get icdb metadata: i/o error: No such file or directory (os error 2)
20250313 10:10:02.873 TZ=+0550 [confighandler:EROR] vuln:58 Failed to read vuln scan result: i/o error: No such file or directory (os error 2)
20250313 10:10:02.883 TZ=+0550 [confighandler:EROR] antivirus:49 Failed to get total quarantine entry count: i/o error: No such file or directory (os error 2)
20250313 10:10:02.918 TZ=+0550 [confighandler:EROR] vuln:58 Failed to read vuln scan result: i/o error: No such file or directory (os error 2)
20250313 10:10:02.936 TZ=+0550 [confighandler:EROR] vuln:58 Failed to read vuln scan result: i/o error: No such file or directory (os error 2)
20250313 10:10:02.955 TZ=+0550 [confighandler:EROR] vuln:58 Failed to read vuln scan result: i/o error: No such file or directory (os error 2)
20250313 10:10:02.979 TZ=+0550 [confighandler:EROR] antivirus:49 Failed to get total quarantine entry count: i/o error: No such file or directory (os error 2)
20250313 10:10:03.098 TZ=+0550 [confighandler:EROR] antivirus:49 Failed to get total quarantine entry count: i/o error: No such file or directory (os error 2)
20250313 10:10:03.528 TZ=+0550 [confighandler:EROR] about:105 Failed to get icdb metadata: i/o error: No such file or directory (os error 2)
20250313 10:10:05.367 TZ=+0550 [confighandler:EROR] websock:79 Failed to recv message from ws: WebSocket protocol error: Connection reset without closing handshake
20250313 10:10:05.367 TZ=+0550 [confighandler:EROR] websock:40 Failed to read message: Trying to work with closed connection
20250313 10:10:07.219 TZ=+0550 [confighandler:EROR] websock:79 Failed to recv message from ws: WebSocket protocol error: Connection reset without closing handshake
20250313 10:10:07.220 TZ=+0550 [confighandler:EROR] websock:40 Failed to read message: Trying to work with closed connection
20250313 10:10:10.397 TZ=+0550 [confighandler:EROR] websock:79 Failed to recv message from ws: WebSocket protocol error: Connection reset without closing handshake
20250313 10:10:10.397 TZ=+0550 [confighandler:EROR] websock:40 Failed to read message: Trying to work with closed connection
20250313 18:10:08.534 TZ=+0550 [confighandler:EROR] websock:79 Failed to recv message from ws: WebSocket protocol error: Connection reset without closing handshake20250313 18:10:08.534 TZ=+0550 [confighandler:EROR] websock:40 Failed to read message: Trying to work with closed connection

20250313 18:10:08.534 TZ=+0550 [confighandler:EROR] websock:40 Failed to read message: IO error: Broken pipe (os error 32)
20250313 18:10:08.534 TZ=+0550 [confighandler:EROR] websock:79 Failed to recv message from ws: WebSocket protocol error: Connection reset without closing handshake
20250313 18:11:02.591 TZ=+0550 [confighandler:EROR] websock:79 Failed to recv message from ws: WebSocket protocol error: Connection reset without closing handshake
20250317 09:16:06.656 TZ=+0550 [confighandler:EROR] about:105 Failed to get icdb metadata: i/o error: No such file or directory (os error 2)
20250317 09:16:08.318 TZ=+0550 [confighandler:EROR] vuln:58 Failed to read vuln scan result: i/o error: No such file or directory (os error 2)
20250317 09:16:08.357 TZ=+0550 [confighandler:EROR] antivirus:49 Failed to get total quarantine entry count: i/o error: No such file or directory (os error 2)
20250317 09:16:08.368 TZ=+0550 [confighandler:EROR] vuln:58 Failed to read vuln scan result: i/o error: No such file or directory (os error 2)
20250317 09:16:08.390 TZ=+0550 [confighandler:EROR] vuln:58 Failed to read vuln scan result: i/o error: No such file or directory (os error 2)
20250317 09:16:08.425 TZ=+0550 [confighandler:EROR] vuln:58 Failed to read vuln scan result: i/o error: No such file or directory (os error 2)
20250317 09:16:08.468 TZ=+0550 [confighandler:EROR] antivirus:49 Failed to get total quarantine entry count: i/o error: No such file or directory (os error 2)
20250317 09:16:08.573 TZ=+0550 [confighandler:EROR] antivirus:49 Failed to get total quarantine entry count: i/o error: No such file or directory (os error 2)
20250317 09:16:09.002 TZ=+0550 [confighandler:EROR] about:105 Failed to get icdb metadata: i/o error: No such file or directory (os error 2)
20250317 09:16:10.444 TZ=+0550 [confighandler:EROR] websock:79 Failed to recv message from ws: WebSocket protocol error: Connection reset without closing handshake
20250317 09:16:10.444 TZ=+0550 [confighandler:EROR] websock:40 Failed to read message: Trying to work with closed connection
20250317 09:16:12.232 TZ=+0550 [confighandler:EROR] websock:79 Failed to recv message from ws: WebSocket protocol error: Connection reset without closing handshake
20250317 09:16:12.232 TZ=+0550 [confighandler:EROR] websock:40 Failed to read message: Trying to work with closed connection
20250317 09:16:15.276 TZ=+0550 [confighandler:EROR] websock:79 Failed to recv message from ws: WebSocket protocol error: Connection reset without closing handshake
20250317 09:16:15.276 TZ=+0550 [confighandler:EROR] websock:40 Failed to read message: Trying to work with closed connection
20250317 12:13:29.788 TZ=+0550 [confighandler:EROR] websock:79 Failed to recv message from ws: WebSocket protocol error: Connection reset without closing handshake
20250317 12:13:29.788 TZ=+0550 [confighandler:EROR] websock:79 Failed to recv message from ws: WebSocket protocol error: Connection reset without closing handshake
20250317 12:13:29.788 TZ=+0550 [confighandler:EROR] websock:40 Failed to read message: Trying to work with closed connection
20250317 12:13:29.788 TZ=+0550 [confighandler:EROR] websock:40 Failed to read message: Trying to work with closed connection
20250317 12:16:19.451 TZ=+0550 [confighandler:EROR] websock:79 Failed to recv message from ws: WebSocket protocol error: Connection reset without closing handshake
20250317 12:16:19.451 TZ=+0550 [confighandler:EROR] websock:40 Failed to read message: Trying to work with closed connection
20250317 12:16:21.307 TZ=+0550 [confighandler:EROR] websock:79 Failed to recv message from ws: WebSocket protocol error: Connection reset without closing handshake
20250317 12:16:21.307 TZ=+0550 [confighandler:EROR] websock:40 Failed to read message: Trying to work with closed connection
20250317 12:16:25.172 TZ=+0550 [confighandler:EROR] websock:79 Failed to recv message from ws: WebSocket protocol error: Connection reset without closing handshake
20250317 18:11:08.238 TZ=+0550 [confighandler:EROR] websock:79 Failed to recv message from ws: WebSocket protocol error: Connection reset without closing handshake
20250317 20:16:22.334 TZ=+0550 [confighandler:EROR] websock:79 Failed to recv message from ws: WebSocket protocol error: Connection reset without closing handshake20250317 20:16:22.334 TZ=+0550 [confighandler:EROR] websock:40 Failed to read message: IO error: Broken pipe (os error 32)20250317 20:16:22.334 TZ=+0550 [confighandler:EROR] websock:79 Failed to recv message from ws: WebSocket protocol error: Connection reset without closing handshake


20250317 20:16:22.334 TZ=+0550 [confighandler:EROR] websock:40 Failed to read message: Trying to work with closed connection
20250318 09:31:39.596 TZ=+0550 [confighandler:EROR] about:105 Failed to get icdb metadata: i/o error: No such file or directory (os error 2)
20250318 09:31:41.144 TZ=+0550 [confighandler:EROR] vuln:58 Failed to read vuln scan result: i/o error: No such file or directory (os error 2)
20250318 09:31:41.151 TZ=+0550 [confighandler:EROR] antivirus:49 Failed to get total quarantine entry count: i/o error: No such file or directory (os error 2)
20250318 09:31:41.221 TZ=+0550 [confighandler:EROR] vuln:58 Failed to read vuln scan result: i/o error: No such file or directory (os error 2)
20250318 09:31:41.237 TZ=+0550 [confighandler:EROR] vuln:58 Failed to read vuln scan result: i/o error: No such file or directory (os error 2)
20250318 09:31:41.255 TZ=+0550 [confighandler:EROR] vuln:58 Failed to read vuln scan result: i/o error: No such file or directory (os error 2)
20250318 09:31:41.284 TZ=+0550 [confighandler:EROR] antivirus:49 Failed to get total quarantine entry count: i/o error: No such file or directory (os error 2)
20250318 09:31:41.383 TZ=+0550 [confighandler:EROR] antivirus:49 Failed to get total quarantine entry count: i/o error: No such file or directory (os error 2)
20250318 09:31:41.795 TZ=+0550 [confighandler:EROR] about:105 Failed to get icdb metadata: i/o error: No such file or directory (os error 2)
20250318 09:31:43.576 TZ=+0550 [confighandler:EROR] websock:79 Failed to recv message from ws: WebSocket protocol error: Connection reset without closing handshake
20250318 09:31:43.576 TZ=+0550 [confighandler:EROR] websock:40 Failed to read message: Trying to work with closed connection
20250318 09:31:45.738 TZ=+0550 [confighandler:EROR] websock:79 Failed to recv message from ws: WebSocket protocol error: Connection reset without closing handshake
20250318 09:31:45.738 TZ=+0550 [confighandler:EROR] websock:40 Failed to read message: Trying to work with closed connection
20250318 09:31:48.919 TZ=+0550 [confighandler:EROR] websock:79 Failed to recv message from ws: WebSocket protocol error: Connection reset without closing handshake
20250318 17:31:46.851 TZ=+0550 [confighandler:EROR] websock:79 Failed to recv message from ws: WebSocket protocol error: Connection reset without closing handshake
20250318 17:31:46.851 TZ=+0550 [confighandler:EROR] websock:40 Failed to read message: Trying to work with closed connection
20250318 17:31:46.852 TZ=+0550 [confighandler:EROR] websock:40 Failed to read message: IO error: Broken pipe (os error 32)
20250318 17:31:46.852 TZ=+0550 [confighandler:EROR] websock:79 Failed to recv message from ws: WebSocket protocol error: Connection reset without closing handshake
20250318 17:36:08.675 TZ=+0550 [confighandler:EROR] websock:79 Failed to recv message from ws: WebSocket protocol error: Connection reset without closing handshake
20250318 17:36:08.675 TZ=+0550 [confighandler:EROR] websock:40 Failed to read message: Trying to work with closed connection
20250318 17:36:09.645 TZ=+0550 [confighandler:EROR] websock:79 Failed to recv message from ws: WebSocket protocol error: Connection reset without closing handshake
20250318 17:36:40.774 TZ=+0550 [confighandler:EROR] websock:79 Failed to recv message from ws: WebSocket protocol error: Connection reset without closing handshake
20250318 17:36:40.774 TZ=+0550 [confighandler:EROR] websock:40 Failed to read message: Trying to work with closed connection
20250318 17:36:45.127 TZ=+0550 [confighandler:EROR] about:105 Failed to get icdb metadata: i/o error: No such file or directory (os error 2)
20250318 17:36:46.754 TZ=+0550 [confighandler:EROR] vuln:58 Failed to read vuln scan result: i/o error: No such file or directory (os error 2)
20250318 17:36:46.761 TZ=+0550 [confighandler:EROR] antivirus:49 Failed to get total quarantine entry count: i/o error: No such file or directory (os error 2)
20250318 17:36:46.797 TZ=+0550 [confighandler:EROR] vuln:58 Failed to read vuln scan result: i/o error: No such file or directory (os error 2)
20250318 17:36:46.829 TZ=+0550 [confighandler:EROR] vuln:58 Failed to read vuln scan result: i/o error: No such file or directory (os error 2)
20250318 17:36:46.854 TZ=+0550 [confighandler:EROR] vuln:58 Failed to read vuln scan result: i/o error: No such file or directory (os error 2)
20250318 17:36:46.889 TZ=+0550 [confighandler:EROR] antivirus:49 Failed to get total quarantine entry count: i/o error: No such file or directory (os error 2)
20250318 17:36:46.994 TZ=+0550 [confighandler:EROR] antivirus:49 Failed to get total quarantine entry count: i/o error: No such file or directory (os error 2)
20250318 17:36:47.432 TZ=+0550 [confighandler:EROR] about:105 Failed to get icdb metadata: i/o error: No such file or directory (os error 2)
20250318 17:36:49.307 TZ=+0550 [confighandler:EROR] websock:79 Failed to recv message from ws: WebSocket protocol error: Connection reset without closing handshake20250318 17:36:49.307 TZ=+0550 [confighandler:EROR] websock:40 Failed to read message: Trying to work with closed connection

20250318 17:37:21.418 TZ=+0550 [confighandler:EROR] websock:40 Failed to read message: Trying to work with closed connection
20250318 17:37:21.418 TZ=+0550 [confighandler:EROR] websock:79 Failed to recv message from ws: WebSocket protocol error: Connection reset without closing handshake
20250319 08:15:22.056 TZ=+0550 [confighandler:EROR] websock:79 Failed to recv message from ws: WebSocket protocol error: Connection reset without closing handshake20250319 08:15:22.056 TZ=+0550 [confighandler:EROR] websock:40 Failed to read message: Trying to work with closed connection

20250319 08:15:24.705 TZ=+0550 [confighandler:EROR] websock:79 Failed to recv message from ws: WebSocket protocol error: Connection reset without closing handshake
20250319 08:15:27.892 TZ=+0550 [confighandler:EROR] websock:40 Failed to read message: Trying to work with closed connection20250319 08:15:27.892 TZ=+0550 [confighandler:EROR] websock:79 Failed to recv message from ws: WebSocket protocol error: Connection reset without closing handshake

20250319 16:15:26.553 TZ=+0550 [confighandler:EROR] websock:40 Failed to read message: Trying to work with closed connection20250319 16:15:26.553 TZ=+0550 [confighandler:EROR] websock:79 Failed to recv message from ws: WebSocket protocol error: Connection reset without closing handshake
20250319 16:15:26.553 TZ=+0550 [confighandler:EROR] websock:79 Failed to recv message from ws: WebSocket protocol error: Connection reset without closing handshake

20250319 16:15:26.553 TZ=+0550 [confighandler:EROR] websock:40 Failed to read message: Trying to work with closed connection
20250319 17:46:50.719 TZ=+0550 [confighandler:EROR] websock:79 Failed to recv message from ws: WebSocket protocol error: Connection reset without closing handshake
20250320 08:28:53.235 TZ=+0550 [confighandler:EROR] about:105 Failed to get icdb metadata: i/o error: No such file or directory (os error 2)
20250320 08:28:54.777 TZ=+0550 [confighandler:EROR] vuln:58 Failed to read vuln scan result: i/o error: No such file or directory (os error 2)
20250320 08:28:54.793 TZ=+0550 [confighandler:EROR] antivirus:49 Failed to get total quarantine entry count: i/o error: No such file or directory (os error 2)
20250320 08:28:54.845 TZ=+0550 [confighandler:EROR] vuln:58 Failed to read vuln scan result: i/o error: No such file or directory (os error 2)
20250320 08:28:54.863 TZ=+0550 [confighandler:EROR] vuln:58 Failed to read vuln scan result: i/o error: No such file or directory (os error 2)
20250320 08:28:54.880 TZ=+0550 [confighandler:EROR] vuln:58 Failed to read vuln scan result: i/o error: No such file or directory (os error 2)
20250320 08:28:54.901 TZ=+0550 [confighandler:EROR] antivirus:49 Failed to get total quarantine entry count: i/o error: No such file or directory (os error 2)
20250320 08:28:55.006 TZ=+0550 [confighandler:EROR] antivirus:49 Failed to get total quarantine entry count: i/o error: No such file or directory (os error 2)
20250320 08:28:55.436 TZ=+0550 [confighandler:EROR] about:105 Failed to get icdb metadata: i/o error: No such file or directory (os error 2)
20250320 08:28:56.898 TZ=+0550 [confighandler:EROR] websock:79 Failed to recv message from ws: WebSocket protocol error: Connection reset without closing handshake20250320 08:28:56.898 TZ=+0550 [confighandler:EROR] websock:40 Failed to read message: Trying to work with closed connection

20250320 08:28:59.080 TZ=+0550 [confighandler:EROR] websock:79 Failed to recv message from ws: WebSocket protocol error: Connection reset without closing handshake
20250320 08:28:59.080 TZ=+0550 [confighandler:EROR] websock:40 Failed to read message: Trying to work with closed connection
20250320 08:29:02.327 TZ=+0550 [confighandler:EROR] websock:79 Failed to recv message from ws: WebSocket protocol error: Connection reset without closing handshake
20250320 16:29:00.599 TZ=+0550 [confighandler:EROR] websock:79 Failed to recv message from ws: WebSocket protocol error: Connection reset without closing handshake
20250320 16:29:00.599 TZ=+0550 [confighandler:EROR] websock:40 Failed to read message: IO error: Broken pipe (os error 32)
20250320 16:29:00.599 TZ=+0550 [confighandler:EROR] websock:40 Failed to read message: Trying to work with closed connection
20250320 16:29:00.599 TZ=+0550 [confighandler:EROR] websock:79 Failed to recv message from ws: WebSocket protocol error: Connection reset without closing handshake
20250320 17:18:36.118 TZ=+0550 [confighandler:EROR] websock:79 Failed to recv message from ws: WebSocket protocol error: Connection reset without closing handshake
20250321 08:51:25.377 TZ=+0550 [confighandler:EROR] about:105 Failed to get icdb metadata: i/o error: No such file or directory (os error 2)
20250321 08:51:26.994 TZ=+0550 [confighandler:EROR] vuln:58 Failed to read vuln scan result: i/o error: No such file or directory (os error 2)
20250321 08:51:27.016 TZ=+0550 [confighandler:EROR] antivirus:49 Failed to get total quarantine entry count: i/o error: No such file or directory (os error 2)
20250321 08:51:27.025 TZ=+0550 [confighandler:EROR] vuln:58 Failed to read vuln scan result: i/o error: No such file or directory (os error 2)
20250321 08:51:27.044 TZ=+0550 [confighandler:EROR] vuln:58 Failed to read vuln scan result: i/o error: No such file or directory (os error 2)
20250321 08:51:27.083 TZ=+0550 [confighandler:EROR] vuln:58 Failed to read vuln scan result: i/o error: No such file or directory (os error 2)
20250321 08:51:27.139 TZ=+0550 [confighandler:EROR] antivirus:49 Failed to get total quarantine entry count: i/o error: No such file or directory (os error 2)
20250321 08:51:27.215 TZ=+0550 [confighandler:EROR] antivirus:49 Failed to get total quarantine entry count: i/o error: No such file or directory (os error 2)
20250321 08:51:27.564 TZ=+0550 [confighandler:EROR] about:105 Failed to get icdb metadata: i/o error: No such file or directory (os error 2)
20250321 08:51:33.674 TZ=+0550 [confighandler:EROR] websock:79 Failed to recv message from ws: WebSocket protocol error: Connection reset without closing handshake
20250321 08:51:33.675 TZ=+0550 [confighandler:EROR] websock:40 Failed to read message: Trying to work with closed connection
20250321 08:51:35.413 TZ=+0550 [confighandler:EROR] websock:79 Failed to recv message from ws: WebSocket protocol error: Connection reset without closing handshake
20250321 08:51:35.413 TZ=+0550 [confighandler:EROR] websock:40 Failed to read message: Trying to work with closed connection
20250321 08:51:38.397 TZ=+0550 [confighandler:EROR] websock:79 Failed to recv message from ws: WebSocket protocol error: Connection reset without closing handshake
20250321 08:51:38.397 TZ=+0550 [confighandler:EROR] websock:40 Failed to read message: Trying to work with closed connection
20250321 12:01:09.898 TZ=+0550 [confighandler:EROR] websock:79 Failed to recv message from ws: WebSocket protocol error: Connection reset without closing handshake
20250321 16:51:37.295 TZ=+0550 [confighandler:EROR] websock:40 Failed to read message: IO error: Broken pipe (os error 32)20250321 16:51:37.295 TZ=+0550 [confighandler:EROR] websock:79 Failed to recv message from ws: WebSocket protocol error: Connection reset without closing handshake20250321 16:51:37.295 TZ=+0550 [confighandler:EROR] websock:79 Failed to recv message from ws: WebSocket protocol error: Connection reset without closing handshake


20250321 16:51:37.295 TZ=+0550 [confighandler:EROR] websock:40 Failed to read message: Trying to work with closed connection
20250324 08:27:04.352 TZ=+0550 [confighandler:EROR] about:105 Failed to get icdb metadata: i/o error: No such file or directory (os error 2)
20250324 08:27:05.828 TZ=+0550 [confighandler:EROR] vuln:58 Failed to read vuln scan result: i/o error: No such file or directory (os error 2)
20250324 08:27:05.845 TZ=+0550 [confighandler:EROR] antivirus:49 Failed to get total quarantine entry count: i/o error: No such file or directory (os error 2)
20250324 08:27:05.924 TZ=+0550 [confighandler:EROR] vuln:58 Failed to read vuln scan result: i/o error: No such file or directory (os error 2)
20250324 08:27:05.942 TZ=+0550 [confighandler:EROR] vuln:58 Failed to read vuln scan result: i/o error: No such file or directory (os error 2)
20250324 08:27:05.962 TZ=+0550 [confighandler:EROR] antivirus:49 Failed to get total quarantine entry count: i/o error: No such file or directory (os error 2)
20250324 08:27:05.962 TZ=+0550 [confighandler:EROR] vuln:58 Failed to read vuln scan result: i/o error: No such file or directory (os error 2)
20250324 08:27:06.045 TZ=+0550 [confighandler:EROR] antivirus:49 Failed to get total quarantine entry count: i/o error: No such file or directory (os error 2)
20250324 08:27:06.395 TZ=+0550 [confighandler:EROR] about:105 Failed to get icdb metadata: i/o error: No such file or directory (os error 2)
20250324 08:27:13.907 TZ=+0550 [confighandler:EROR] websock:79 Failed to recv message from ws: WebSocket protocol error: Connection reset without closing handshake
20250324 08:27:13.907 TZ=+0550 [confighandler:EROR] websock:40 Failed to read message: Trying to work with closed connection
20250324 08:27:16.590 TZ=+0550 [confighandler:EROR] websock:79 Failed to recv message from ws: WebSocket protocol error: Connection reset without closing handshake
20250324 08:27:16.590 TZ=+0550 [confighandler:EROR] websock:40 Failed to read message: Trying to work with closed connection
20250324 08:27:19.779 TZ=+0550 [confighandler:EROR] websock:79 Failed to recv message from ws: WebSocket protocol error: Connection reset without closing handshake
