20250217 09:51:08.814 TZ=+0550 [scheduler:INFO] fctsched:580 Checking confighandler status
20250217 09:51:08.818 TZ=+0550 [scheduler:INFO] fctsched:586 Confighandler status OK
20250217 09:51:08.818 TZ=+0550 [scheduler:INFO] fctsched:603 FortiClient Scheduler start ...
20250217 09:51:17.069 TZ=+0550 [scheduler:INFO] fct_task_queue:266 Launching firewall
20250217 09:51:17.275 TZ=+0550 [scheduler:INFO] fct_task_queue:151 Firewall socket ready
20250217 09:51:22.012 TZ=+0550 [scheduler:INFO] cmd_dispatcher:474 Update task added
20250217 09:52:14.074 TZ=+0550 [scheduler:INFO] fct_task_queue:780 Schedule start update task
20250217 09:53:35.742 TZ=+0550 [scheduler:INFO] fct_task_queue:518 Break task queue loop
20250217 09:53:35.743 TZ=+0550 [scheduler:INFO] fct_task_queue:510 FctTaskQueue thread exit
20250217 09:53:35.755 TZ=+0550 [scheduler:INFO] fct_task_queue:527 FctTaskQueue quit
20250217 09:54:18.466 TZ=+0550 [scheduler:INFO] fctsched:580 Checking confighandler status
20250217 09:54:18.749 TZ=+0550 [scheduler:INFO] fctsched:586 Confighandler status OK
20250217 09:54:18.749 TZ=+0550 [scheduler:INFO] fctsched:603 FortiClient Scheduler start ...
20250217 09:54:28.414 TZ=+0550 [scheduler:INFO] fct_task_queue:266 Launching firewall
20250217 09:54:29.533 TZ=+0550 [scheduler:INFO] fct_task_queue:151 Firewall socket ready
20250217 14:57:00.271 TZ=+0550 [scheduler:INFO] cmd_dispatcher:474 Update task added
20250217 14:57:52.460 TZ=+0550 [scheduler:INFO] cmd_dispatcher:646 VPN process added
20250217 15:52:25.417 TZ=+0550 [scheduler:INFO] fct_task_queue:780 Schedule start update task
20250217 17:07:25.579 TZ=+0550 [scheduler:INFO] cmd_dispatcher:474 Update task added
20250217 21:52:25.414 TZ=+0550 [scheduler:INFO] fct_task_queue:780 Schedule start update task
20250218 03:52:25.416 TZ=+0550 [scheduler:INFO] fct_task_queue:780 Schedule start update task
20250218 09:02:09.592 TZ=+0550 [scheduler:INFO] cmd_dispatcher:474 Update task added
20250218 09:02:48.600 TZ=+0550 [scheduler:INFO] cmd_dispatcher:646 VPN process added
20250218 09:05:49.843 TZ=+0550 [scheduler:INFO] cmd_dispatcher:646 VPN process added
20250218 09:52:25.415 TZ=+0550 [scheduler:INFO] fct_task_queue:780 Schedule start update task
20250218 15:07:49.337 TZ=+0550 [scheduler:INFO] fctsched:101 gui pid : 170836
20250218 15:07:50.338 TZ=+0550 [scheduler:INFO] fct_task_queue:518 Break task queue loop
20250218 15:07:50.338 TZ=+0550 [scheduler:INFO] fct_task_queue:510 FctTaskQueue thread exit
20250218 15:07:52.135 TZ=+0550 [scheduler:INFO] fct_task_queue:527 FctTaskQueue quit
20250218 15:08:59.957 TZ=+0550 [scheduler:INFO] fctsched:580 Checking confighandler status
20250218 15:09:00.550 TZ=+0550 [scheduler:INFO] fctsched:586 Confighandler status OK
20250218 15:09:00.550 TZ=+0550 [scheduler:INFO] fctsched:603 FortiClient Scheduler start ...
20250218 15:09:10.299 TZ=+0550 [scheduler:INFO] fct_task_queue:266 Launching firewall
20250218 15:09:12.907 TZ=+0550 [scheduler:INFO] fct_task_queue:151 Firewall socket ready
20250218 15:19:22.902 TZ=+0550 [scheduler:INFO] cmd_dispatcher:474 Update task added
20250218 15:20:11.008 TZ=+0550 [scheduler:INFO] cmd_dispatcher:646 VPN process added
20250218 15:53:07.779 TZ=+0550 [scheduler:INFO] fct_task_queue:780 Schedule start update task
20250218 21:53:07.780 TZ=+0550 [scheduler:INFO] fct_task_queue:780 Schedule start update task
20250219 03:53:07.780 TZ=+0550 [scheduler:INFO] fct_task_queue:780 Schedule start update task
20250219 09:06:59.766 TZ=+0550 [scheduler:INFO] cmd_dispatcher:474 Update task added
20250219 09:07:35.704 TZ=+0550 [scheduler:INFO] cmd_dispatcher:646 VPN process added
20250219 09:53:07.779 TZ=+0550 [scheduler:INFO] fct_task_queue:780 Schedule start update task
20250219 15:53:07.780 TZ=+0550 [scheduler:INFO] fct_task_queue:780 Schedule start update task
20250219 21:53:07.781 TZ=+0550 [scheduler:INFO] fct_task_queue:780 Schedule start update task
20250220 03:53:07.781 TZ=+0550 [scheduler:INFO] fct_task_queue:780 Schedule start update task
20250220 09:42:50.184 TZ=+0550 [scheduler:INFO] cmd_dispatcher:646 VPN process added
20250220 09:53:07.781 TZ=+0550 [scheduler:INFO] fct_task_queue:780 Schedule start update task
20250220 12:13:46.302 TZ=+0550 [scheduler:INFO] cmd_dispatcher:646 VPN process added
20250220 15:53:07.781 TZ=+0550 [scheduler:INFO] fct_task_queue:780 Schedule start update task
20250220 21:53:07.781 TZ=+0550 [scheduler:INFO] fct_task_queue:780 Schedule start update task
20250221 03:53:07.780 TZ=+0550 [scheduler:INFO] fct_task_queue:780 Schedule start update task
20250221 09:27:10.935 TZ=+0550 [scheduler:INFO] cmd_dispatcher:474 Update task added
20250221 09:27:14.574 TZ=+0550 [scheduler:INFO] cmd_dispatcher:646 VPN process added
20250221 09:53:07.781 TZ=+0550 [scheduler:INFO] fct_task_queue:780 Schedule start update task
20250221 15:53:07.780 TZ=+0550 [scheduler:INFO] fct_task_queue:780 Schedule start update task
20250221 17:27:27.719 TZ=+0550 [scheduler:INFO] cmd_dispatcher:646 VPN process added
20250221 21:53:07.781 TZ=+0550 [scheduler:INFO] fct_task_queue:780 Schedule start update task
20250222 03:53:07.781 TZ=+0550 [scheduler:INFO] fct_task_queue:780 Schedule start update task
20250222 09:53:07.781 TZ=+0550 [scheduler:INFO] fct_task_queue:780 Schedule start update task
20250222 15:53:07.780 TZ=+0550 [scheduler:INFO] fct_task_queue:780 Schedule start update task
20250222 21:53:07.780 TZ=+0550 [scheduler:INFO] fct_task_queue:780 Schedule start update task
20250223 03:53:07.781 TZ=+0550 [scheduler:INFO] fct_task_queue:780 Schedule start update task
20250223 09:53:07.780 TZ=+0550 [scheduler:INFO] fct_task_queue:780 Schedule start update task
20250223 15:53:07.781 TZ=+0550 [scheduler:INFO] fct_task_queue:780 Schedule start update task
20250223 21:53:07.781 TZ=+0550 [scheduler:INFO] fct_task_queue:780 Schedule start update task
20250224 03:53:07.781 TZ=+0550 [scheduler:INFO] fct_task_queue:780 Schedule start update task
20250224 09:12:13.064 TZ=+0550 [scheduler:INFO] cmd_dispatcher:474 Update task added
20250224 09:12:14.408 TZ=+0550 [scheduler:INFO] cmd_dispatcher:646 VPN process added
20250224 09:53:07.780 TZ=+0550 [scheduler:INFO] fct_task_queue:780 Schedule start update task
20250224 15:53:07.781 TZ=+0550 [scheduler:INFO] fct_task_queue:780 Schedule start update task
20250224 21:53:07.781 TZ=+0550 [scheduler:INFO] fct_task_queue:780 Schedule start update task
20250225 03:53:07.781 TZ=+0550 [scheduler:INFO] fct_task_queue:780 Schedule start update task
20250225 09:29:12.681 TZ=+0550 [scheduler:INFO] cmd_dispatcher:474 Update task added
20250225 09:29:14.504 TZ=+0550 [scheduler:INFO] cmd_dispatcher:646 VPN process added
20250225 09:53:07.781 TZ=+0550 [scheduler:INFO] fct_task_queue:780 Schedule start update task
20250225 15:53:07.781 TZ=+0550 [scheduler:INFO] fct_task_queue:780 Schedule start update task
20250225 17:29:32.478 TZ=+0550 [scheduler:INFO] cmd_dispatcher:646 VPN process added
20250225 21:53:07.781 TZ=+0550 [scheduler:INFO] fct_task_queue:780 Schedule start update task
20250226 03:53:07.781 TZ=+0550 [scheduler:INFO] fct_task_queue:780 Schedule start update task
20250226 09:53:07.780 TZ=+0550 [scheduler:INFO] fct_task_queue:780 Schedule start update task
20250226 15:53:07.780 TZ=+0550 [scheduler:INFO] fct_task_queue:780 Schedule start update task
20250226 21:53:07.781 TZ=+0550 [scheduler:INFO] fct_task_queue:780 Schedule start update task
20250227 03:53:07.781 TZ=+0550 [scheduler:INFO] fct_task_queue:780 Schedule start update task
20250227 09:15:37.215 TZ=+0550 [scheduler:INFO] cmd_dispatcher:646 VPN process added
20250227 09:53:07.780 TZ=+0550 [scheduler:INFO] fct_task_queue:780 Schedule start update task
20250227 15:53:07.781 TZ=+0550 [scheduler:INFO] fct_task_queue:780 Schedule start update task
20250227 16:18:35.296 TZ=+0550 [scheduler:INFO] cmd_dispatcher:646 VPN process added
20250227 21:53:07.780 TZ=+0550 [scheduler:INFO] fct_task_queue:780 Schedule start update task
20250228 03:53:07.780 TZ=+0550 [scheduler:INFO] fct_task_queue:780 Schedule start update task
20250228 09:17:05.244 TZ=+0550 [scheduler:INFO] cmd_dispatcher:474 Update task added
20250228 09:17:06.882 TZ=+0550 [scheduler:INFO] cmd_dispatcher:646 VPN process added
20250228 09:53:07.781 TZ=+0550 [scheduler:INFO] fct_task_queue:780 Schedule start update task
20250228 15:53:07.779 TZ=+0550 [scheduler:INFO] fct_task_queue:780 Schedule start update task
20250228 21:53:07.780 TZ=+0550 [scheduler:INFO] fct_task_queue:780 Schedule start update task
20250301 03:53:07.781 TZ=+0550 [scheduler:INFO] fct_task_queue:780 Schedule start update task
20250301 09:53:07.781 TZ=+0550 [scheduler:INFO] fct_task_queue:780 Schedule start update task
20250301 15:53:07.781 TZ=+0550 [scheduler:INFO] fct_task_queue:780 Schedule start update task
20250301 21:53:07.780 TZ=+0550 [scheduler:INFO] fct_task_queue:780 Schedule start update task
20250302 03:53:07.780 TZ=+0550 [scheduler:INFO] fct_task_queue:780 Schedule start update task
20250302 09:53:07.780 TZ=+0550 [scheduler:INFO] fct_task_queue:780 Schedule start update task
20250302 15:53:07.780 TZ=+0550 [scheduler:INFO] fct_task_queue:780 Schedule start update task
20250302 21:53:07.780 TZ=+0550 [scheduler:INFO] fct_task_queue:780 Schedule start update task
20250303 03:53:07.780 TZ=+0550 [scheduler:INFO] fct_task_queue:780 Schedule start update task
20250303 09:45:48.032 TZ=+0550 [scheduler:INFO] cmd_dispatcher:474 Update task added
20250303 09:45:51.883 TZ=+0550 [scheduler:INFO] cmd_dispatcher:646 VPN process added
20250303 09:53:07.781 TZ=+0550 [scheduler:INFO] fct_task_queue:780 Schedule start update task
20250303 11:02:57.479 TZ=+0550 [scheduler:INFO] cmd_dispatcher:646 VPN process added
20250303 11:04:19.606 TZ=+0550 [scheduler:INFO] cmd_dispatcher:646 VPN process added
20250303 11:05:12.170 TZ=+0550 [scheduler:INFO] cmd_dispatcher:646 VPN process added
20250303 12:58:27.399 TZ=+0550 [scheduler:INFO] cmd_dispatcher:646 VPN process added
20250303 12:58:55.845 TZ=+0550 [scheduler:INFO] cmd_dispatcher:474 Update task added
20250303 12:59:01.743 TZ=+0550 [scheduler:INFO] cmd_dispatcher:646 VPN process added
20250303 12:59:44.181 TZ=+0550 [scheduler:INFO] cmd_dispatcher:646 VPN process added
20250303 15:53:07.780 TZ=+0550 [scheduler:INFO] fct_task_queue:780 Schedule start update task
20250303 21:53:07.780 TZ=+0550 [scheduler:INFO] fct_task_queue:780 Schedule start update task
20250304 03:53:07.780 TZ=+0550 [scheduler:INFO] fct_task_queue:780 Schedule start update task
20250304 09:22:43.323 TZ=+0550 [scheduler:INFO] cmd_dispatcher:474 Update task added
20250304 09:22:44.877 TZ=+0550 [scheduler:INFO] cmd_dispatcher:646 VPN process added
20250304 09:51:25.944 TZ=+0550 [scheduler:INFO] cmd_dispatcher:646 VPN process added
20250304 09:53:07.780 TZ=+0550 [scheduler:INFO] fct_task_queue:780 Schedule start update task
20250304 15:53:07.780 TZ=+0550 [scheduler:INFO] fct_task_queue:780 Schedule start update task
20250304 18:21:34.027 TZ=+0550 [scheduler:INFO] cmd_dispatcher:646 VPN process added
20250304 21:53:07.781 TZ=+0550 [scheduler:INFO] fct_task_queue:780 Schedule start update task
20250305 03:53:07.780 TZ=+0550 [scheduler:INFO] fct_task_queue:780 Schedule start update task
20250305 09:24:55.396 TZ=+0550 [scheduler:INFO] cmd_dispatcher:474 Update task added
20250305 09:24:56.906 TZ=+0550 [scheduler:INFO] cmd_dispatcher:646 VPN process added
20250305 09:53:07.781 TZ=+0550 [scheduler:INFO] fct_task_queue:780 Schedule start update task
20250305 15:53:07.780 TZ=+0550 [scheduler:INFO] fct_task_queue:780 Schedule start update task
20250305 17:30:48.239 TZ=+0550 [scheduler:INFO] cmd_dispatcher:474 Update task added
20250305 17:30:50.630 TZ=+0550 [scheduler:INFO] cmd_dispatcher:646 VPN process added
20250305 17:31:53.583 TZ=+0550 [scheduler:INFO] cmd_dispatcher:646 VPN process added
20250305 21:53:07.780 TZ=+0550 [scheduler:INFO] fct_task_queue:780 Schedule start update task
20250306 03:53:07.781 TZ=+0550 [scheduler:INFO] fct_task_queue:780 Schedule start update task
20250306 09:25:00.777 TZ=+0550 [scheduler:INFO] cmd_dispatcher:474 Update task added
20250306 09:25:02.728 TZ=+0550 [scheduler:INFO] cmd_dispatcher:646 VPN process added
20250306 09:28:51.056 TZ=+0550 [scheduler:INFO] cmd_dispatcher:646 VPN process added
20250306 09:30:42.218 TZ=+0550 [scheduler:INFO] cmd_dispatcher:474 Update task added
20250306 09:31:17.226 TZ=+0550 [scheduler:INFO] cmd_dispatcher:646 VPN process added
20250306 09:53:07.781 TZ=+0550 [scheduler:INFO] fct_task_queue:780 Schedule start update task
20250306 15:53:07.781 TZ=+0550 [scheduler:INFO] fct_task_queue:780 Schedule start update task
20250306 21:53:07.781 TZ=+0550 [scheduler:INFO] fct_task_queue:780 Schedule start update task
20250307 03:53:07.780 TZ=+0550 [scheduler:INFO] fct_task_queue:780 Schedule start update task
20250307 09:31:51.870 TZ=+0550 [scheduler:INFO] cmd_dispatcher:474 Update task added
20250307 09:31:56.962 TZ=+0550 [scheduler:INFO] cmd_dispatcher:646 VPN process added
20250307 09:53:07.779 TZ=+0550 [scheduler:INFO] fct_task_queue:780 Schedule start update task
20250307 15:53:07.781 TZ=+0550 [scheduler:INFO] fct_task_queue:780 Schedule start update task
20250307 21:53:07.782 TZ=+0550 [scheduler:INFO] fct_task_queue:780 Schedule start update task
20250308 03:53:07.780 TZ=+0550 [scheduler:INFO] fct_task_queue:780 Schedule start update task
20250308 09:53:07.781 TZ=+0550 [scheduler:INFO] fct_task_queue:780 Schedule start update task
20250308 15:53:07.780 TZ=+0550 [scheduler:INFO] fct_task_queue:780 Schedule start update task
20250308 21:53:07.780 TZ=+0550 [scheduler:INFO] fct_task_queue:780 Schedule start update task
20250309 03:53:07.781 TZ=+0550 [scheduler:INFO] fct_task_queue:780 Schedule start update task
20250309 09:53:07.780 TZ=+0550 [scheduler:INFO] fct_task_queue:780 Schedule start update task
20250309 15:53:07.781 TZ=+0550 [scheduler:INFO] fct_task_queue:780 Schedule start update task
20250309 21:53:07.781 TZ=+0550 [scheduler:INFO] fct_task_queue:780 Schedule start update task
20250310 03:53:07.782 TZ=+0550 [scheduler:INFO] fct_task_queue:780 Schedule start update task
20250310 09:20:33.581 TZ=+0550 [scheduler:INFO] fctsched:580 Checking confighandler status
20250310 09:20:33.870 TZ=+0550 [scheduler:INFO] fctsched:586 Confighandler status OK
20250310 09:20:33.871 TZ=+0550 [scheduler:INFO] fctsched:603 FortiClient Scheduler start ...
20250310 09:20:45.294 TZ=+0550 [scheduler:INFO] fct_task_queue:266 Launching firewall
20250310 09:20:46.297 TZ=+0550 [scheduler:INFO] fct_task_queue:151 Firewall socket ready
20250310 09:53:42.298 TZ=+0550 [scheduler:INFO] fct_task_queue:780 Schedule start update task
20250310 10:02:53.480 TZ=+0550 [scheduler:INFO] cmd_dispatcher:474 Update task added
20250310 10:02:57.762 TZ=+0550 [scheduler:INFO] cmd_dispatcher:646 VPN process added
20250310 15:53:42.295 TZ=+0550 [scheduler:INFO] fct_task_queue:780 Schedule start update task
20250310 21:53:42.297 TZ=+0550 [scheduler:INFO] fct_task_queue:780 Schedule start update task
20250311 03:53:42.298 TZ=+0550 [scheduler:INFO] fct_task_queue:780 Schedule start update task
20250311 09:10:04.928 TZ=+0550 [scheduler:INFO] cmd_dispatcher:646 VPN process added
20250311 09:53:42.297 TZ=+0550 [scheduler:INFO] fct_task_queue:780 Schedule start update task
20250311 15:53:42.297 TZ=+0550 [scheduler:INFO] fct_task_queue:780 Schedule start update task
20250311 21:53:42.296 TZ=+0550 [scheduler:INFO] fct_task_queue:780 Schedule start update task
20250312 03:53:42.297 TZ=+0550 [scheduler:INFO] fct_task_queue:780 Schedule start update task
20250312 09:53:42.297 TZ=+0550 [scheduler:INFO] fct_task_queue:780 Schedule start update task
20250312 15:02:56.800 TZ=+0550 [scheduler:INFO] fctsched:580 Checking confighandler status
20250312 15:02:57.325 TZ=+0550 [scheduler:INFO] fctsched:586 Confighandler status OK
20250312 15:02:57.325 TZ=+0550 [scheduler:INFO] fctsched:603 FortiClient Scheduler start ...
20250312 15:03:09.274 TZ=+0550 [scheduler:INFO] fct_task_queue:266 Launching firewall
20250312 15:03:10.582 TZ=+0550 [scheduler:INFO] fct_task_queue:151 Firewall socket ready
20250312 15:04:00.359 TZ=+0550 [scheduler:INFO] cmd_dispatcher:474 Update task added
20250312 15:04:05.122 TZ=+0550 [scheduler:INFO] cmd_dispatcher:646 VPN process added
20250312 15:54:05.785 TZ=+0550 [scheduler:INFO] fct_task_queue:780 Schedule start update task
20250312 21:54:05.786 TZ=+0550 [scheduler:INFO] fct_task_queue:780 Schedule start update task
20250313 03:54:05.787 TZ=+0550 [scheduler:INFO] fct_task_queue:780 Schedule start update task
20250313 09:54:05.786 TZ=+0550 [scheduler:INFO] fct_task_queue:780 Schedule start update task
20250313 10:10:03.553 TZ=+0550 [scheduler:INFO] cmd_dispatcher:474 Update task added
20250313 10:10:05.311 TZ=+0550 [scheduler:INFO] cmd_dispatcher:646 VPN process added
20250313 15:54:05.786 TZ=+0550 [scheduler:INFO] fct_task_queue:780 Schedule start update task
20250313 21:54:05.786 TZ=+0550 [scheduler:INFO] fct_task_queue:780 Schedule start update task
20250314 03:54:05.785 TZ=+0550 [scheduler:INFO] fct_task_queue:780 Schedule start update task
20250314 09:54:05.786 TZ=+0550 [scheduler:INFO] fct_task_queue:780 Schedule start update task
20250314 15:54:05.786 TZ=+0550 [scheduler:INFO] fct_task_queue:780 Schedule start update task
20250314 21:54:05.786 TZ=+0550 [scheduler:INFO] fct_task_queue:780 Schedule start update task
20250315 03:54:05.787 TZ=+0550 [scheduler:INFO] fct_task_queue:780 Schedule start update task
20250315 09:54:05.787 TZ=+0550 [scheduler:INFO] fct_task_queue:780 Schedule start update task
20250315 15:54:05.785 TZ=+0550 [scheduler:INFO] fct_task_queue:780 Schedule start update task
20250315 21:54:05.787 TZ=+0550 [scheduler:INFO] fct_task_queue:780 Schedule start update task
20250316 03:54:05.786 TZ=+0550 [scheduler:INFO] fct_task_queue:780 Schedule start update task
20250316 09:54:05.786 TZ=+0550 [scheduler:INFO] fct_task_queue:780 Schedule start update task
20250316 15:54:05.786 TZ=+0550 [scheduler:INFO] fct_task_queue:780 Schedule start update task
20250316 21:54:05.787 TZ=+0550 [scheduler:INFO] fct_task_queue:780 Schedule start update task
20250317 03:54:05.786 TZ=+0550 [scheduler:INFO] fct_task_queue:780 Schedule start update task
20250317 09:16:09.029 TZ=+0550 [scheduler:INFO] cmd_dispatcher:474 Update task added
20250317 09:16:10.379 TZ=+0550 [scheduler:INFO] cmd_dispatcher:646 VPN process added
20250317 09:54:05.785 TZ=+0550 [scheduler:INFO] fct_task_queue:780 Schedule start update task
20250317 12:16:19.386 TZ=+0550 [scheduler:INFO] cmd_dispatcher:646 VPN process added
20250317 15:54:05.784 TZ=+0550 [scheduler:INFO] fct_task_queue:780 Schedule start update task
20250317 21:54:05.783 TZ=+0550 [scheduler:INFO] fct_task_queue:780 Schedule start update task
20250318 03:54:05.785 TZ=+0550 [scheduler:INFO] fct_task_queue:780 Schedule start update task
20250318 09:31:41.819 TZ=+0550 [scheduler:INFO] cmd_dispatcher:474 Update task added
20250318 09:31:43.501 TZ=+0550 [scheduler:INFO] cmd_dispatcher:646 VPN process added
20250318 09:54:05.785 TZ=+0550 [scheduler:INFO] fct_task_queue:780 Schedule start update task
20250318 15:54:05.786 TZ=+0550 [scheduler:INFO] fct_task_queue:780 Schedule start update task
20250318 17:36:08.605 TZ=+0550 [scheduler:INFO] cmd_dispatcher:646 VPN process added
20250318 17:36:47.458 TZ=+0550 [scheduler:INFO] cmd_dispatcher:474 Update task added
20250318 17:36:49.244 TZ=+0550 [scheduler:INFO] cmd_dispatcher:646 VPN process added
20250318 21:54:05.786 TZ=+0550 [scheduler:INFO] fct_task_queue:780 Schedule start update task
20250319 03:54:05.786 TZ=+0550 [scheduler:INFO] fct_task_queue:780 Schedule start update task
20250319 08:15:21.968 TZ=+0550 [scheduler:INFO] cmd_dispatcher:646 VPN process added
20250319 09:54:05.786 TZ=+0550 [scheduler:INFO] fct_task_queue:780 Schedule start update task
20250319 15:54:05.787 TZ=+0550 [scheduler:INFO] fct_task_queue:780 Schedule start update task
20250319 21:54:05.785 TZ=+0550 [scheduler:INFO] fct_task_queue:780 Schedule start update task
20250320 03:54:05.787 TZ=+0550 [scheduler:INFO] fct_task_queue:780 Schedule start update task
20250320 08:28:55.461 TZ=+0550 [scheduler:INFO] cmd_dispatcher:474 Update task added
20250320 08:28:56.832 TZ=+0550 [scheduler:INFO] cmd_dispatcher:646 VPN process added
20250320 09:54:05.785 TZ=+0550 [scheduler:INFO] fct_task_queue:780 Schedule start update task
20250320 15:54:05.786 TZ=+0550 [scheduler:INFO] fct_task_queue:780 Schedule start update task
20250320 21:54:05.785 TZ=+0550 [scheduler:INFO] fct_task_queue:780 Schedule start update task
20250321 03:54:05.786 TZ=+0550 [scheduler:INFO] fct_task_queue:780 Schedule start update task
20250321 08:51:27.584 TZ=+0550 [scheduler:INFO] cmd_dispatcher:474 Update task added
20250321 08:51:33.597 TZ=+0550 [scheduler:INFO] cmd_dispatcher:646 VPN process added
20250321 09:54:05.786 TZ=+0550 [scheduler:INFO] fct_task_queue:780 Schedule start update task
20250321 15:54:05.786 TZ=+0550 [scheduler:INFO] fct_task_queue:780 Schedule start update task
20250321 21:54:05.787 TZ=+0550 [scheduler:INFO] fct_task_queue:780 Schedule start update task
20250322 03:54:05.785 TZ=+0550 [scheduler:INFO] fct_task_queue:780 Schedule start update task
20250322 09:54:05.786 TZ=+0550 [scheduler:INFO] fct_task_queue:780 Schedule start update task
20250322 15:54:05.787 TZ=+0550 [scheduler:INFO] fct_task_queue:780 Schedule start update task
20250322 21:54:05.787 TZ=+0550 [scheduler:INFO] fct_task_queue:780 Schedule start update task
20250323 03:54:05.786 TZ=+0550 [scheduler:INFO] fct_task_queue:780 Schedule start update task
20250323 09:54:05.786 TZ=+0550 [scheduler:INFO] fct_task_queue:780 Schedule start update task
20250323 15:54:05.787 TZ=+0550 [scheduler:INFO] fct_task_queue:780 Schedule start update task
20250323 21:54:05.786 TZ=+0550 [scheduler:INFO] fct_task_queue:780 Schedule start update task
20250324 03:54:05.786 TZ=+0550 [scheduler:INFO] fct_task_queue:780 Schedule start update task
20250324 08:27:06.416 TZ=+0550 [scheduler:INFO] cmd_dispatcher:474 Update task added
20250324 08:27:13.817 TZ=+0550 [scheduler:INFO] cmd_dispatcher:646 VPN process added
20250324 09:54:05.787 TZ=+0550 [scheduler:INFO] fct_task_queue:780 Schedule start update task
