20250217 09:51:17.166 TZ=+0550 [INFO ] factory:72 Using: nftables
20250217 09:51:17.271 TZ=+0550 [INFO ] main:203 IPC socket ready
20250217 09:53:35.746 TZ=+0550 [INFO ] main:173 Terminating firewall
20250217 09:53:35.747 TZ=+0550 [INFO ] rulehandler:11 Cleaning up: Chain{INPUT (IPv6 -t filter)}
20250217 09:53:35.747 TZ=+0550 [INFO ] rulehandler:11 Cleaning up: Chain{FCT-QUARANTINE (IPv6 -t filter)}
20250217 09:53:35.747 TZ=+0550 [INFO ] rulehandler:11 Cleaning up: Chain{FCT-DNS-DOH-CHAIN-STAGE-2 (IPv4 -t nat)}
20250217 09:53:35.747 TZ=+0550 [INFO ] rulehandler:11 Cleaning up: Chain{OUTPUT (IPv4 -t filter)}
20250217 09:53:35.747 TZ=+0550 [INFO ] rulehandler:11 Cleaning up: Chain{OUTPUT (IPv4 -t nat)}
20250217 09:53:35.747 TZ=+0550 [INFO ] rulehandler:11 Cleaning up: Chain{FORWARD (IPv6 -t filter)}
20250217 09:53:35.747 TZ=+0550 [INFO ] rulehandler:11 Cleaning up: Chain{FCT-QUARANTINE-EMS (IPv4 -t filter)}
20250217 09:53:35.747 TZ=+0550 [INFO ] rulehandler:11 Cleaning up: Chain{FCT-DNS-QUIC-FILTER (IPv4 -t filter)}
20250217 09:53:35.747 TZ=+0550 [INFO ] rulehandler:11 Cleaning up: Chain{FCT-DNS-DOH-CHAIN-STAGE-1 (IPv4 -t nat)}
20250217 09:53:35.748 TZ=+0550 [INFO ] rulehandler:11 Cleaning up: Chain{FCT-DNS-UDP-CHAIN-STAGE-1 (IPv4 -t nat)}
20250217 09:53:35.748 TZ=+0550 [INFO ] rulehandler:11 Cleaning up: Chain{FCT-DNS-UDP-CHAIN-STAGE-2 (IPv4 -t nat)}
20250217 09:53:35.748 TZ=+0550 [INFO ] rulehandler:11 Cleaning up: Chain{FORWARD (IPv4 -t filter)}
20250217 09:53:35.748 TZ=+0550 [INFO ] rulehandler:11 Cleaning up: Chain{FCT-WEBFILTER-CHAIN (IPv4 -t nat)}
20250217 09:53:35.748 TZ=+0550 [INFO ] rulehandler:11 Cleaning up: Chain{OUTPUT (IPv6 -t filter)}
20250217 09:53:35.749 TZ=+0550 [INFO ] rulehandler:11 Cleaning up: Chain{FCT-WEBFILTER-QUIC-CHAIN (IPv4 -t filter)}
20250217 09:53:35.749 TZ=+0550 [INFO ] rulehandler:11 Cleaning up: Chain{INPUT (IPv4 -t filter)}
20250217 09:53:35.749 TZ=+0550 [INFO ] rulehandler:11 Cleaning up: Chain{FCT-QUARANTINE-FAZ (IPv4 -t filter)}
20250217 09:53:35.749 TZ=+0550 [INFO ] rulehandler:11 Cleaning up: Chain{FCT-TCP-CHAIN (IPv4 -t nat)}
20250217 09:53:35.750 TZ=+0550 [INFO ] rulehandler:11 Cleaning up: Chain{FCT-VPN-CHAIN (IPv4 -t filter)}
20250217 09:53:35.750 TZ=+0550 [INFO ] rulehandler:11 Cleaning up: Chain{FCT-QUARANTINE (IPv4 -t filter)}
20250217 09:53:35.750 TZ=+0550 [INFO ] main:197 Terminated firewall.
20250217 09:54:29.264 TZ=+0550 [INFO ] factory:72 Using: nftables
20250217 09:54:29.529 TZ=+0550 [INFO ] main:203 IPC socket ready
20250217 22:57:56.063 TZ=+0550 [DEBUG] main:41 Recieved: flush:{chain:vpn}
20250217 22:57:56.064 TZ=+0550 [INFO ] db:260 Flush vpn type: Success
20250217 22:57:57.111 TZ=+0550 [DEBUG] main:41 Recieved: flush:{chain:vpn}
20250217 22:57:57.112 TZ=+0550 [INFO ] db:260 Flush vpn type: Success
20250217 22:57:57.221 TZ=+0550 [DEBUG] main:41 Recieved: flush:{chain:vpn}
20250217 22:57:57.221 TZ=+0550 [INFO ] db:260 Flush vpn type: Success
20250218 09:02:56.375 TZ=+0550 [DEBUG] main:41 Recieved: flush:{chain:vpn}
20250218 09:02:56.375 TZ=+0550 [INFO ] db:260 Flush vpn type: Success
20250218 09:02:56.494 TZ=+0550 [DEBUG] main:41 Recieved: flush:{chain:vpn}
20250218 09:02:56.494 TZ=+0550 [INFO ] db:260 Flush vpn type: Success
20250218 15:07:50.569 TZ=+0550 [DEBUG] main:41 Recieved: flush:{chain:vpn}
20250218 15:07:50.569 TZ=+0550 [INFO ] db:260 Flush vpn type: Success
20250218 15:07:52.075 TZ=+0550 [DEBUG] main:41 Recieved: flush:{chain:vpn}
20250218 15:07:52.075 TZ=+0550 [INFO ] db:260 Flush vpn type: Success
20250218 15:07:52.092 TZ=+0550 [INFO ] main:173 Terminating firewall
20250218 15:07:52.119 TZ=+0550 [INFO ] rulehandler:11 Cleaning up: Chain{FORWARD (IPv4 -t filter)}
20250218 15:07:52.119 TZ=+0550 [INFO ] rulehandler:11 Cleaning up: Chain{FCT-QUARANTINE (IPv6 -t filter)}
20250218 15:07:52.120 TZ=+0550 [INFO ] rulehandler:11 Cleaning up: Chain{FCT-DNS-DOH-CHAIN-STAGE-1 (IPv4 -t nat)}
20250218 15:07:52.121 TZ=+0550 [INFO ] rulehandler:11 Cleaning up: Chain{FCT-DNS-DOH-CHAIN-STAGE-2 (IPv4 -t nat)}
20250218 15:07:52.122 TZ=+0550 [INFO ] rulehandler:11 Cleaning up: Chain{FCT-DNS-UDP-CHAIN-STAGE-1 (IPv4 -t nat)}
20250218 15:07:52.122 TZ=+0550 [INFO ] rulehandler:11 Cleaning up: Chain{FCT-WEBFILTER-QUIC-CHAIN (IPv4 -t filter)}
20250218 15:07:52.123 TZ=+0550 [INFO ] rulehandler:11 Cleaning up: Chain{OUTPUT (IPv4 -t nat)}
20250218 15:07:52.123 TZ=+0550 [INFO ] rulehandler:11 Cleaning up: Chain{FORWARD (IPv6 -t filter)}
20250218 15:07:52.123 TZ=+0550 [INFO ] rulehandler:11 Cleaning up: Chain{FCT-QUARANTINE-EMS (IPv4 -t filter)}
20250218 15:07:52.124 TZ=+0550 [INFO ] rulehandler:11 Cleaning up: Chain{FCT-QUARANTINE-FAZ (IPv4 -t filter)}
20250218 15:07:52.124 TZ=+0550 [INFO ] rulehandler:11 Cleaning up: Chain{FCT-DNS-UDP-CHAIN-STAGE-2 (IPv4 -t nat)}
20250218 15:07:52.125 TZ=+0550 [INFO ] rulehandler:11 Cleaning up: Chain{FCT-VPN-CHAIN (IPv4 -t filter)}
20250218 15:07:52.125 TZ=+0550 [INFO ] rulehandler:11 Cleaning up: Chain{FCT-WEBFILTER-CHAIN (IPv4 -t nat)}
20250218 15:07:52.126 TZ=+0550 [INFO ] rulehandler:11 Cleaning up: Chain{OUTPUT (IPv4 -t filter)}
20250218 15:07:52.126 TZ=+0550 [INFO ] rulehandler:11 Cleaning up: Chain{OUTPUT (IPv6 -t filter)}
20250218 15:07:52.126 TZ=+0550 [INFO ] rulehandler:11 Cleaning up: Chain{INPUT (IPv4 -t filter)}
20250218 15:07:52.127 TZ=+0550 [INFO ] rulehandler:11 Cleaning up: Chain{INPUT (IPv6 -t filter)}
20250218 15:07:52.127 TZ=+0550 [INFO ] rulehandler:11 Cleaning up: Chain{FCT-QUARANTINE (IPv4 -t filter)}
20250218 15:07:52.128 TZ=+0550 [INFO ] rulehandler:11 Cleaning up: Chain{FCT-DNS-QUIC-FILTER (IPv4 -t filter)}
20250218 15:07:52.128 TZ=+0550 [INFO ] rulehandler:11 Cleaning up: Chain{FCT-TCP-CHAIN (IPv4 -t nat)}
20250218 15:07:52.129 TZ=+0550 [INFO ] main:197 Terminated firewall.
20250218 15:09:12.491 TZ=+0550 [INFO ] factory:72 Using: nftables
20250218 15:09:12.903 TZ=+0550 [INFO ] main:203 IPC socket ready
20250218 23:20:15.878 TZ=+0550 [DEBUG] main:41 Recieved: flush:{chain:vpn}
20250218 23:20:15.879 TZ=+0550 [INFO ] db:260 Flush vpn type: Success
20250218 23:20:16.428 TZ=+0550 [DEBUG] main:41 Recieved: flush:{chain:vpn}
20250218 23:20:16.429 TZ=+0550 [INFO ] db:260 Flush vpn type: Success
20250218 23:20:16.549 TZ=+0550 [DEBUG] main:41 Recieved: flush:{chain:vpn}
20250218 23:20:16.549 TZ=+0550 [INFO ] db:260 Flush vpn type: Success
20250219 17:07:38.778 TZ=+0550 [DEBUG] main:41 Recieved: flush:{chain:vpn}
20250219 17:07:38.778 TZ=+0550 [INFO ] db:260 Flush vpn type: Success
20250219 17:07:39.245 TZ=+0550 [DEBUG] main:41 Recieved: flush:{chain:vpn}
20250219 17:07:39.245 TZ=+0550 [INFO ] db:260 Flush vpn type: Success
20250219 17:07:39.389 TZ=+0550 [DEBUG] main:41 Recieved: flush:{chain:vpn}
20250219 17:07:39.389 TZ=+0550 [INFO ] db:260 Flush vpn type: Success
20250220 12:11:41.289 TZ=+0550 [DEBUG] main:41 Recieved: flush:{chain:vpn}
20250220 12:11:41.289 TZ=+0550 [INFO ] db:260 Flush vpn type: Success
20250220 12:11:41.933 TZ=+0550 [DEBUG] main:41 Recieved: flush:{chain:vpn}
20250220 12:11:41.933 TZ=+0550 [INFO ] db:260 Flush vpn type: Success
20250220 12:11:45.533 TZ=+0550 [DEBUG] main:41 Recieved: flush:{chain:vpn}
20250220 12:11:45.534 TZ=+0550 [INFO ] db:260 Flush vpn type: Success
20250220 20:13:49.330 TZ=+0550 [DEBUG] main:41 Recieved: flush:{chain:vpn}
20250220 20:13:49.331 TZ=+0550 [INFO ] db:260 Flush vpn type: Success
20250220 20:13:50.309 TZ=+0550 [DEBUG] main:41 Recieved: flush:{chain:vpn}
20250220 20:13:50.309 TZ=+0550 [INFO ] db:260 Flush vpn type: Success
20250220 20:13:50.508 TZ=+0550 [DEBUG] main:41 Recieved: flush:{chain:vpn}
20250220 20:13:50.508 TZ=+0550 [INFO ] db:260 Flush vpn type: Success
20250221 17:27:17.912 TZ=+0550 [DEBUG] main:41 Recieved: flush:{chain:vpn}
20250221 17:27:17.912 TZ=+0550 [INFO ] db:260 Flush vpn type: Success
20250221 17:27:18.425 TZ=+0550 [DEBUG] main:41 Recieved: flush:{chain:vpn}
20250221 17:27:18.426 TZ=+0550 [INFO ] db:260 Flush vpn type: Success
20250221 17:27:18.618 TZ=+0550 [DEBUG] main:41 Recieved: flush:{chain:vpn}
20250221 17:27:18.618 TZ=+0550 [INFO ] db:260 Flush vpn type: Success
20250222 01:27:31.038 TZ=+0550 [DEBUG] main:41 Recieved: flush:{chain:vpn}
20250222 01:27:31.038 TZ=+0550 [INFO ] db:260 Flush vpn type: Success
20250222 01:27:31.941 TZ=+0550 [DEBUG] main:41 Recieved: flush:{chain:vpn}
20250222 01:27:31.942 TZ=+0550 [INFO ] db:260 Flush vpn type: Success
20250222 01:27:32.073 TZ=+0550 [DEBUG] main:41 Recieved: flush:{chain:vpn}
20250222 01:27:32.073 TZ=+0550 [INFO ] db:260 Flush vpn type: Success
20250224 17:12:17.104 TZ=+0550 [DEBUG] main:41 Recieved: flush:{chain:vpn}
20250224 17:12:17.105 TZ=+0550 [INFO ] db:260 Flush vpn type: Success
20250224 17:12:17.542 TZ=+0550 [DEBUG] main:41 Recieved: flush:{chain:vpn}
20250224 17:12:17.542 TZ=+0550 [INFO ] db:260 Flush vpn type: Success
20250224 17:12:17.694 TZ=+0550 [DEBUG] main:41 Recieved: flush:{chain:vpn}
20250224 17:12:17.694 TZ=+0550 [INFO ] db:260 Flush vpn type: Success
20250225 17:29:18.459 TZ=+0550 [DEBUG] main:41 Recieved: flush:{chain:vpn}
20250225 17:29:18.459 TZ=+0550 [INFO ] db:260 Flush vpn type: Success
20250225 17:29:18.856 TZ=+0550 [DEBUG] main:41 Recieved: flush:{chain:vpn}
20250225 17:29:18.856 TZ=+0550 [INFO ] db:260 Flush vpn type: Success
20250225 17:29:19.133 TZ=+0550 [DEBUG] main:41 Recieved: flush:{chain:vpn}
20250225 17:29:19.133 TZ=+0550 [INFO ] db:260 Flush vpn type: Success
20250226 01:29:35.260 TZ=+0550 [DEBUG] main:41 Recieved: flush:{chain:vpn}
20250226 01:29:35.260 TZ=+0550 [INFO ] db:260 Flush vpn type: Success
20250226 01:29:35.764 TZ=+0550 [DEBUG] main:41 Recieved: flush:{chain:vpn}
20250226 01:29:35.764 TZ=+0550 [INFO ] db:260 Flush vpn type: Success
20250226 01:29:35.915 TZ=+0550 [DEBUG] main:41 Recieved: flush:{chain:vpn}
20250226 01:29:35.915 TZ=+0550 [INFO ] db:260 Flush vpn type: Success
20250227 14:58:53.102 TZ=+0550 [DEBUG] main:41 Recieved: flush:{chain:vpn}
20250227 14:58:53.103 TZ=+0550 [INFO ] db:260 Flush vpn type: Success
20250227 14:58:53.586 TZ=+0550 [DEBUG] main:41 Recieved: flush:{chain:vpn}
20250227 14:58:53.586 TZ=+0550 [INFO ] db:260 Flush vpn type: Success
20250227 14:58:53.725 TZ=+0550 [DEBUG] main:41 Recieved: flush:{chain:vpn}
20250227 14:58:53.725 TZ=+0550 [INFO ] db:260 Flush vpn type: Success
20250228 00:18:38.781 TZ=+0550 [DEBUG] main:41 Recieved: flush:{chain:vpn}
20250228 00:18:38.781 TZ=+0550 [INFO ] db:260 Flush vpn type: Success
20250228 00:18:39.203 TZ=+0550 [DEBUG] main:41 Recieved: flush:{chain:vpn}
20250228 00:18:39.204 TZ=+0550 [INFO ] db:260 Flush vpn type: Success
20250228 00:18:39.350 TZ=+0550 [DEBUG] main:41 Recieved: flush:{chain:vpn}
20250228 00:18:39.350 TZ=+0550 [INFO ] db:260 Flush vpn type: Success
20250228 17:17:12.930 TZ=+0550 [DEBUG] main:41 Recieved: flush:{chain:vpn}
20250228 17:17:12.931 TZ=+0550 [INFO ] db:260 Flush vpn type: Success
20250228 17:17:13.354 TZ=+0550 [DEBUG] main:41 Recieved: flush:{chain:vpn}
20250228 17:17:13.354 TZ=+0550 [INFO ] db:260 Flush vpn type: Success
20250228 17:17:13.460 TZ=+0550 [DEBUG] main:41 Recieved: flush:{chain:vpn}
20250228 17:17:13.461 TZ=+0550 [INFO ] db:260 Flush vpn type: Success
20250303 11:00:34.478 TZ=+0550 [DEBUG] main:41 Recieved: flush:{chain:vpn}
20250303 11:00:34.478 TZ=+0550 [INFO ] db:260 Flush vpn type: Success
20250303 11:00:35.056 TZ=+0550 [DEBUG] main:41 Recieved: flush:{chain:vpn}
20250303 11:00:35.057 TZ=+0550 [INFO ] db:260 Flush vpn type: Success
20250303 11:00:35.225 TZ=+0550 [DEBUG] main:41 Recieved: flush:{chain:vpn}
20250303 11:00:35.225 TZ=+0550 [INFO ] db:260 Flush vpn type: Success
20250303 11:03:29.610 TZ=+0550 [DEBUG] main:41 Recieved: flush:{chain:vpn}
20250303 11:03:29.610 TZ=+0550 [INFO ] db:260 Flush vpn type: Success
20250303 11:03:29.667 TZ=+0550 [DEBUG] main:41 Recieved: flush:{chain:vpn}
20250303 11:03:29.667 TZ=+0550 [INFO ] db:260 Flush vpn type: Success
20250303 11:04:51.730 TZ=+0550 [DEBUG] main:41 Recieved: flush:{chain:vpn}
20250303 11:04:51.730 TZ=+0550 [INFO ] db:260 Flush vpn type: Success
20250303 11:04:51.794 TZ=+0550 [DEBUG] main:41 Recieved: flush:{chain:vpn}
20250303 11:04:51.794 TZ=+0550 [INFO ] db:260 Flush vpn type: Success
20250303 11:05:35.261 TZ=+0550 [DEBUG] main:41 Recieved: flush:{chain:vpn}
20250303 11:05:35.261 TZ=+0550 [INFO ] db:260 Flush vpn type: Success
20250303 11:05:35.700 TZ=+0550 [DEBUG] main:41 Recieved: flush:{chain:vpn}
20250303 11:05:35.700 TZ=+0550 [INFO ] db:260 Flush vpn type: Success
20250303 11:05:35.870 TZ=+0550 [DEBUG] main:41 Recieved: flush:{chain:vpn}
20250303 11:05:35.870 TZ=+0550 [INFO ] db:260 Flush vpn type: Success
20250303 12:58:59.575 TZ=+0550 [DEBUG] main:41 Recieved: flush:{chain:vpn}
20250303 12:58:59.575 TZ=+0550 [INFO ] db:260 Flush vpn type: Success
20250303 12:58:59.696 TZ=+0550 [DEBUG] main:41 Recieved: flush:{chain:vpn}
20250303 12:58:59.697 TZ=+0550 [INFO ] db:260 Flush vpn type: Success
20250303 12:59:30.805 TZ=+0550 [DEBUG] main:41 Recieved: flush:{chain:vpn}
20250303 12:59:30.806 TZ=+0550 [INFO ] db:260 Flush vpn type: Success
20250303 12:59:31.240 TZ=+0550 [DEBUG] main:41 Recieved: flush:{chain:vpn}
20250303 12:59:31.240 TZ=+0550 [INFO ] db:260 Flush vpn type: Success
20250303 12:59:31.409 TZ=+0550 [DEBUG] main:41 Recieved: flush:{chain:vpn}
20250303 12:59:31.410 TZ=+0550 [INFO ] db:260 Flush vpn type: Success
20250303 20:59:47.528 TZ=+0550 [DEBUG] main:41 Recieved: flush:{chain:vpn}
20250303 20:59:47.528 TZ=+0550 [INFO ] db:260 Flush vpn type: Success
20250303 20:59:47.953 TZ=+0550 [DEBUG] main:41 Recieved: flush:{chain:vpn}
20250303 20:59:47.954 TZ=+0550 [INFO ] db:260 Flush vpn type: Success
20250303 20:59:48.079 TZ=+0550 [DEBUG] main:41 Recieved: flush:{chain:vpn}
20250303 20:59:48.079 TZ=+0550 [INFO ] db:260 Flush vpn type: Success
20250304 09:51:16.047 TZ=+0550 [DEBUG] main:41 Recieved: flush:{chain:vpn}
20250304 09:51:16.048 TZ=+0550 [INFO ] db:260 Flush vpn type: Success
20250304 09:51:16.635 TZ=+0550 [DEBUG] main:41 Recieved: flush:{chain:vpn}
20250304 09:51:16.635 TZ=+0550 [INFO ] db:260 Flush vpn type: Success
20250304 17:51:44.601 TZ=+0550 [DEBUG] main:41 Recieved: flush:{chain:vpn}
20250304 17:51:44.601 TZ=+0550 [INFO ] db:260 Flush vpn type: Success
20250304 17:51:45.005 TZ=+0550 [DEBUG] main:41 Recieved: flush:{chain:vpn}
20250304 17:51:45.005 TZ=+0550 [INFO ] db:260 Flush vpn type: Success
20250304 17:51:45.138 TZ=+0550 [DEBUG] main:41 Recieved: flush:{chain:vpn}
20250304 17:51:45.138 TZ=+0550 [INFO ] db:260 Flush vpn type: Success
20250304 18:22:37.972 TZ=+0550 [DEBUG] main:41 Recieved: flush:{chain:vpn}
20250304 18:22:37.972 TZ=+0550 [INFO ] db:260 Flush vpn type: Success
20250304 18:22:38.433 TZ=+0550 [DEBUG] main:41 Recieved: flush:{chain:vpn}
20250304 18:22:38.433 TZ=+0550 [INFO ] db:260 Flush vpn type: Success
20250305 17:25:07.471 TZ=+0550 [DEBUG] main:41 Recieved: flush:{chain:vpn}
20250305 17:25:07.510 TZ=+0550 [INFO ] db:260 Flush vpn type: Success
20250305 17:25:08.876 TZ=+0550 [DEBUG] main:41 Recieved: flush:{chain:vpn}
20250305 17:25:08.876 TZ=+0550 [INFO ] db:260 Flush vpn type: Success
20250305 17:25:09.236 TZ=+0550 [DEBUG] main:41 Recieved: flush:{chain:vpn}
20250305 17:25:09.236 TZ=+0550 [INFO ] db:260 Flush vpn type: Success
20250305 17:31:51.992 TZ=+0550 [DEBUG] main:41 Recieved: flush:{chain:vpn}
20250305 17:31:51.992 TZ=+0550 [INFO ] db:260 Flush vpn type: Success
20250305 17:31:52.090 TZ=+0550 [DEBUG] main:41 Recieved: flush:{chain:vpn}
20250305 17:31:52.090 TZ=+0550 [INFO ] db:260 Flush vpn type: Success
20250306 01:31:56.070 TZ=+0550 [DEBUG] main:41 Recieved: flush:{chain:vpn}
20250306 01:31:56.070 TZ=+0550 [INFO ] db:260 Flush vpn type: Success
20250306 01:31:56.731 TZ=+0550 [DEBUG] main:41 Recieved: flush:{chain:vpn}
20250306 01:31:56.732 TZ=+0550 [INFO ] db:260 Flush vpn type: Success
20250306 01:31:56.920 TZ=+0550 [DEBUG] main:41 Recieved: flush:{chain:vpn}
20250306 01:31:56.920 TZ=+0550 [INFO ] db:260 Flush vpn type: Success
20250306 09:28:50.109 TZ=+0550 [DEBUG] main:41 Recieved: flush:{chain:vpn}
20250306 09:28:50.109 TZ=+0550 [INFO ] db:260 Flush vpn type: Success
20250306 09:28:50.199 TZ=+0550 [DEBUG] main:41 Recieved: flush:{chain:vpn}
20250306 09:28:50.199 TZ=+0550 [INFO ] db:260 Flush vpn type: Success
20250306 09:30:56.850 TZ=+0550 [DEBUG] main:41 Recieved: flush:{chain:vpn}
20250306 09:30:56.850 TZ=+0550 [INFO ] db:260 Flush vpn type: Success
20250306 09:30:58.597 TZ=+0550 [DEBUG] main:41 Recieved: flush:{chain:vpn}
20250306 09:30:58.597 TZ=+0550 [INFO ] db:260 Flush vpn type: Success
20250306 17:31:20.118 TZ=+0550 [DEBUG] main:41 Recieved: flush:{chain:vpn}
20250306 17:31:20.119 TZ=+0550 [INFO ] db:260 Flush vpn type: Success
20250306 17:31:20.575 TZ=+0550 [DEBUG] main:41 Recieved: flush:{chain:vpn}
20250306 17:31:20.575 TZ=+0550 [INFO ] db:260 Flush vpn type: Success
20250306 17:31:20.718 TZ=+0550 [DEBUG] main:41 Recieved: flush:{chain:vpn}
20250306 17:31:20.718 TZ=+0550 [INFO ] db:260 Flush vpn type: Success
20250307 17:32:02.085 TZ=+0550 [DEBUG] main:41 Recieved: flush:{chain:vpn}
20250307 17:32:02.147 TZ=+0550 [INFO ] db:260 Flush vpn type: Success
20250307 17:32:03.185 TZ=+0550 [DEBUG] main:41 Recieved: flush:{chain:vpn}
20250307 17:32:03.185 TZ=+0550 [INFO ] db:260 Flush vpn type: Success
20250307 17:32:03.553 TZ=+0550 [DEBUG] main:41 Recieved: flush:{chain:vpn}
20250307 17:32:03.554 TZ=+0550 [INFO ] db:260 Flush vpn type: Success
20250310 09:20:46.036 TZ=+0550 [INFO ] factory:72 Using: nftables
20250310 09:20:46.295 TZ=+0550 [INFO ] main:203 IPC socket ready
20250310 18:03:02.043 TZ=+0550 [DEBUG] main:41 Recieved: flush:{chain:vpn}
20250310 18:03:02.052 TZ=+0550 [INFO ] db:260 Flush vpn type: Success
20250310 18:03:02.603 TZ=+0550 [DEBUG] main:41 Recieved: flush:{chain:vpn}
20250310 18:03:02.604 TZ=+0550 [INFO ] db:260 Flush vpn type: Success
20250310 18:03:02.709 TZ=+0550 [DEBUG] main:41 Recieved: flush:{chain:vpn}
20250310 18:03:02.710 TZ=+0550 [INFO ] db:260 Flush vpn type: Success
20250311 17:10:07.729 TZ=+0550 [DEBUG] main:41 Recieved: flush:{chain:vpn}
20250311 17:10:07.730 TZ=+0550 [INFO ] db:260 Flush vpn type: Success
20250311 17:10:08.178 TZ=+0550 [DEBUG] main:41 Recieved: flush:{chain:vpn}
20250311 17:10:08.178 TZ=+0550 [INFO ] db:260 Flush vpn type: Success
20250311 17:10:08.413 TZ=+0550 [DEBUG] main:41 Recieved: flush:{chain:vpn}
20250311 17:10:08.413 TZ=+0550 [INFO ] db:260 Flush vpn type: Success
20250312 15:03:10.251 TZ=+0550 [INFO ] factory:72 Using: nftables
20250312 15:03:10.578 TZ=+0550 [INFO ] main:203 IPC socket ready
20250312 23:04:23.270 TZ=+0550 [DEBUG] main:41 Recieved: flush:{chain:vpn}
20250312 23:04:23.270 TZ=+0550 [INFO ] db:260 Flush vpn type: Success
20250312 23:04:23.827 TZ=+0550 [DEBUG] main:41 Recieved: flush:{chain:vpn}
20250312 23:04:23.827 TZ=+0550 [INFO ] db:260 Flush vpn type: Success
20250312 23:04:23.946 TZ=+0550 [DEBUG] main:41 Recieved: flush:{chain:vpn}
20250312 23:04:23.946 TZ=+0550 [INFO ] db:260 Flush vpn type: Success
20250313 18:10:07.944 TZ=+0550 [DEBUG] main:41 Recieved: flush:{chain:vpn}
20250313 18:10:07.945 TZ=+0550 [INFO ] db:260 Flush vpn type: Success
20250313 18:10:08.404 TZ=+0550 [DEBUG] main:41 Recieved: flush:{chain:vpn}
20250313 18:10:08.404 TZ=+0550 [INFO ] db:260 Flush vpn type: Success
20250313 18:10:08.542 TZ=+0550 [DEBUG] main:41 Recieved: flush:{chain:vpn}
20250313 18:10:08.542 TZ=+0550 [INFO ] db:260 Flush vpn type: Success
20250317 12:13:29.271 TZ=+0550 [DEBUG] main:41 Recieved: flush:{chain:vpn}
20250317 12:13:29.272 TZ=+0550 [INFO ] db:260 Flush vpn type: Success
20250317 12:13:29.838 TZ=+0550 [DEBUG] main:41 Recieved: flush:{chain:vpn}
20250317 12:13:29.838 TZ=+0550 [INFO ] db:260 Flush vpn type: Success
20250317 20:16:21.309 TZ=+0550 [DEBUG] main:41 Recieved: flush:{chain:vpn}
20250317 20:16:21.309 TZ=+0550 [INFO ] db:260 Flush vpn type: Success
20250317 20:16:22.162 TZ=+0550 [DEBUG] main:41 Recieved: flush:{chain:vpn}
20250317 20:16:22.162 TZ=+0550 [INFO ] db:260 Flush vpn type: Success
20250317 20:16:22.350 TZ=+0550 [DEBUG] main:41 Recieved: flush:{chain:vpn}
20250317 20:16:22.350 TZ=+0550 [INFO ] db:260 Flush vpn type: Success
20250318 17:31:46.225 TZ=+0550 [DEBUG] main:41 Recieved: flush:{chain:vpn}
20250318 17:31:46.226 TZ=+0550 [INFO ] db:260 Flush vpn type: Success
20250318 17:31:46.712 TZ=+0550 [DEBUG] main:41 Recieved: flush:{chain:vpn}
20250318 17:31:46.713 TZ=+0550 [INFO ] db:260 Flush vpn type: Success
20250318 17:31:46.863 TZ=+0550 [DEBUG] main:41 Recieved: flush:{chain:vpn}
20250318 17:31:46.863 TZ=+0550 [INFO ] db:260 Flush vpn type: Success
20250318 17:36:40.731 TZ=+0550 [DEBUG] main:41 Recieved: flush:{chain:vpn}
20250318 17:36:40.731 TZ=+0550 [INFO ] db:260 Flush vpn type: Success
20250318 17:36:40.786 TZ=+0550 [DEBUG] main:41 Recieved: flush:{chain:vpn}
20250318 17:36:40.786 TZ=+0550 [INFO ] db:260 Flush vpn type: Success
20250318 17:37:21.369 TZ=+0550 [DEBUG] main:41 Recieved: flush:{chain:vpn}
20250318 17:37:21.369 TZ=+0550 [INFO ] db:260 Flush vpn type: Success
20250318 17:37:21.427 TZ=+0550 [DEBUG] main:41 Recieved: flush:{chain:vpn}
20250318 17:37:21.427 TZ=+0550 [INFO ] db:260 Flush vpn type: Success
20250319 16:15:25.844 TZ=+0550 [DEBUG] main:41 Recieved: flush:{chain:vpn}
20250319 16:15:25.845 TZ=+0550 [INFO ] db:260 Flush vpn type: Success
20250319 16:15:26.401 TZ=+0550 [DEBUG] main:41 Recieved: flush:{chain:vpn}
20250319 16:15:26.401 TZ=+0550 [INFO ] db:260 Flush vpn type: Success
20250319 16:15:26.555 TZ=+0550 [DEBUG] main:41 Recieved: flush:{chain:vpn}
20250319 16:15:26.555 TZ=+0550 [INFO ] db:260 Flush vpn type: Success
20250320 16:28:59.866 TZ=+0550 [DEBUG] main:41 Recieved: flush:{chain:vpn}
20250320 16:28:59.867 TZ=+0550 [INFO ] db:260 Flush vpn type: Success
20250320 16:29:00.429 TZ=+0550 [DEBUG] main:41 Recieved: flush:{chain:vpn}
20250320 16:29:00.429 TZ=+0550 [INFO ] db:260 Flush vpn type: Success
20250320 16:29:00.611 TZ=+0550 [DEBUG] main:41 Recieved: flush:{chain:vpn}
20250320 16:29:00.612 TZ=+0550 [INFO ] db:260 Flush vpn type: Success
20250321 16:51:36.782 TZ=+0550 [DEBUG] main:41 Recieved: flush:{chain:vpn}
20250321 16:51:36.783 TZ=+0550 [INFO ] db:260 Flush vpn type: Success
20250321 16:51:37.171 TZ=+0550 [DEBUG] main:41 Recieved: flush:{chain:vpn}
20250321 16:51:37.171 TZ=+0550 [INFO ] db:260 Flush vpn type: Success
20250321 16:51:37.309 TZ=+0550 [DEBUG] main:41 Recieved: flush:{chain:vpn}
20250321 16:51:37.309 TZ=+0550 [INFO ] db:260 Flush vpn type: Success
