[2025-02-17 14:56:54.275] [info]  Server init() port number is 
[2025-02-17 14:56:54.296] [info]  Fail to retrieve port number from file.
[2025-02-17 14:56:55.299] [info]  Server init() port number is 39483
[2025-02-17 14:56:55.300] [info]  initWebSocket port is 39483
[2025-02-17 14:56:55.365] [info]  WindowManager handlePossibleProtocolLauncherArgs argv=["/opt/forticlient/gui/FortiClient-linux-x64/FortiClient"]
[2025-02-17 14:56:55.365] [info]  WindowManager handleCreateMainWindow
[2025-02-17 14:56:55.377] [info]  MAIN Starting FortiTray
[2025-02-17 14:56:55.377] [info]  MAIN MainWindow - createWindow Platform detected: ubuntu
[2025-02-17 14:56:55.897] [info]  web-contents-created contents.id=1
[2025-02-17 14:56:55.965] [info]  Saml - init
[2025-02-17 14:56:55.966] [info]  Saml - listenSamlLoginRequest
[2025-02-17 14:56:55.968] [info]  Server init() port number is 39483
[2025-02-17 14:56:58.833] [info]  compliance configDir=/home/plutusinfra/.config/FortiClient/config
[2025-02-17 14:56:58.835] [info]  MAIN did-finish-load
[2025-02-17 14:56:58.835] [info]  MAIN ready-to-show
[2025-02-17 14:57:00.314] [info]  IPC_RENDERER_REQUEST.LOADED
[2025-02-17 14:57:00.315] [info]  WindowManager handleWindowLoaded
[2025-02-17 14:57:00.816] [info]  WindowManager handlePossibleProtocolLauncherArgs argv=["/opt/forticlient/gui/FortiClient-linux-x64/FortiClient"]
[2025-02-17 14:57:00.817] [info]  WindowManager handleCreateMainWindow
[2025-02-17 14:57:52.702] [info]  VpnHandler UNHANDLED {"isTrusted":true}
[2025-02-17 14:57:52.928] [info]  VpnHandler UNHANDLED {"isTrusted":true}
[2025-02-17 14:57:54.434] [info]  VpnHandler UNHANDLED {"isTrusted":true}
[2025-02-17 17:07:19.381] [info]  WindowManager WindowManager - handleWindowClosed
[2025-02-17 17:07:19.382] [info]  WindowManager WindowManager - all windows are destroyed. quit the app.
[2025-02-17 17:07:23.531] [info]  Server init() port number is 
[2025-02-17 17:07:23.533] [info]  Fail to retrieve port number from file.
[2025-02-17 17:07:24.536] [info]  Server init() port number is 39483
[2025-02-17 17:07:24.538] [info]  initWebSocket port is 39483
[2025-02-17 17:07:24.558] [info]  WindowManager handlePossibleProtocolLauncherArgs argv=["/opt/forticlient/gui/FortiClient-linux-x64/FortiClient"]
[2025-02-17 17:07:24.559] [info]  WindowManager handleCreateMainWindow
[2025-02-17 17:07:24.631] [info]  MAIN Starting FortiTray
[2025-02-17 17:07:24.632] [info]  MAIN MainWindow - createWindow Platform detected: ubuntu
[2025-02-17 17:07:24.677] [info]  web-contents-created contents.id=1
[2025-02-17 17:07:24.683] [info]  Saml - init
[2025-02-17 17:07:24.684] [info]  Saml - listenSamlLoginRequest
[2025-02-17 17:07:24.684] [info]  Server init() port number is 39483
[2025-02-17 17:07:24.916] [info]  compliance configDir=/home/plutusinfra/.config/FortiClient/config
[2025-02-17 17:07:24.919] [info]  MAIN did-finish-load
[2025-02-17 17:07:24.922] [info]  MAIN ready-to-show
[2025-02-17 17:07:25.619] [info]  IPC_RENDERER_REQUEST.LOADED
[2025-02-17 17:07:25.619] [info]  WindowManager handleWindowLoaded
[2025-02-17 17:07:26.121] [info]  WindowManager handlePossibleProtocolLauncherArgs argv=["/opt/forticlient/gui/FortiClient-linux-x64/FortiClient"]
[2025-02-17 17:07:26.121] [info]  WindowManager handleCreateMainWindow
[2025-02-17 17:08:13.462] [info]  WindowManager WindowManager - handleWindowClosed
[2025-02-17 17:08:13.463] [info]  WindowManager WindowManager - all windows are destroyed. quit the app.
[2025-02-18 09:02:06.041] [info]  Server init() port number is 
[2025-02-18 09:02:06.066] [info]  Fail to retrieve port number from file.
[2025-02-18 09:02:07.069] [info]  Server init() port number is 39483
[2025-02-18 09:02:07.071] [info]  initWebSocket port is 39483
[2025-02-18 09:02:07.102] [info]  WindowManager handlePossibleProtocolLauncherArgs argv=["/opt/forticlient/gui/FortiClient-linux-x64/FortiClient"]
[2025-02-18 09:02:07.102] [info]  WindowManager handleCreateMainWindow
[2025-02-18 09:02:07.115] [info]  MAIN Starting FortiTray
[2025-02-18 09:02:07.115] [info]  MAIN MainWindow - createWindow Platform detected: ubuntu
[2025-02-18 09:02:07.469] [info]  web-contents-created contents.id=1
[2025-02-18 09:02:07.524] [info]  Saml - init
[2025-02-18 09:02:07.526] [info]  Saml - listenSamlLoginRequest
[2025-02-18 09:02:07.528] [info]  Server init() port number is 39483
[2025-02-18 09:02:08.551] [info]  compliance configDir=/home/plutusinfra/.config/FortiClient/config
[2025-02-18 09:02:08.584] [info]  MAIN did-finish-load
[2025-02-18 09:02:08.584] [info]  MAIN ready-to-show
[2025-02-18 09:02:09.675] [info]  IPC_RENDERER_REQUEST.LOADED
[2025-02-18 09:02:09.676] [info]  WindowManager handleWindowLoaded
[2025-02-18 09:02:10.178] [info]  WindowManager handlePossibleProtocolLauncherArgs argv=["/opt/forticlient/gui/FortiClient-linux-x64/FortiClient"]
[2025-02-18 09:02:10.179] [info]  WindowManager handleCreateMainWindow
[2025-02-18 09:02:48.666] [info]  VpnHandler UNHANDLED {"isTrusted":true}
[2025-02-18 09:02:48.923] [info]  VpnHandler UNHANDLED {"isTrusted":true}
[2025-02-18 09:02:55.332] [info]  VpnHandler UNHANDLED {"isTrusted":true}
[2025-02-18 09:05:49.896] [info]  VpnHandler UNHANDLED {"isTrusted":true}
[2025-02-18 09:05:50.168] [info]  VpnHandler UNHANDLED {"isTrusted":true}
[2025-02-18 09:05:52.330] [info]  VpnHandler UNHANDLED {"isTrusted":true}
[2025-02-18 15:19:18.980] [info]  Server init() port number is 
[2025-02-18 15:19:19.031] [info]  Fail to retrieve port number from file.
[2025-02-18 15:19:20.033] [info]  Server init() port number is 41775
[2025-02-18 15:19:20.033] [info]  initWebSocket port is 41775
[2025-02-18 15:19:20.086] [info]  WindowManager handlePossibleProtocolLauncherArgs argv=["/opt/forticlient/gui/FortiClient-linux-x64/FortiClient"]
[2025-02-18 15:19:20.087] [info]  WindowManager handleCreateMainWindow
[2025-02-18 15:19:20.100] [info]  MAIN Starting FortiTray
[2025-02-18 15:19:20.101] [info]  MAIN MainWindow - createWindow Platform detected: ubuntu
[2025-02-18 15:19:20.683] [info]  web-contents-created contents.id=1
[2025-02-18 15:19:20.763] [info]  Saml - init
[2025-02-18 15:19:20.765] [info]  Saml - listenSamlLoginRequest
[2025-02-18 15:19:20.766] [info]  Server init() port number is 41775
[2025-02-18 15:19:21.872] [info]  WindowManager handleSecondInstance
[2025-02-18 15:19:21.912] [info]  compliance configDir=/home/plutusinfra/.config/FortiClient/config
[2025-02-18 15:19:21.913] [info]  MAIN did-finish-load
[2025-02-18 15:19:21.914] [info]  MAIN ready-to-show
[2025-02-18 15:19:22.170] [info]  Server init() port number is 
[2025-02-18 15:19:22.173] [info]  Fail to retrieve port number from file.
[2025-02-18 15:19:22.373] [info]  WindowManager handlePossibleProtocolLauncherArgs argv=["/opt/forticlient/gui/FortiClient-linux-x64/FortiClient","--allow-file-access-from-files"]
[2025-02-18 15:19:22.373] [info]  WindowManager handleCreateMainWindow
[2025-02-18 15:19:23.013] [info]  IPC_RENDERER_REQUEST.LOADED
[2025-02-18 15:19:23.013] [info]  WindowManager handleWindowLoaded
[2025-02-18 15:19:23.515] [info]  WindowManager handlePossibleProtocolLauncherArgs argv=["/opt/forticlient/gui/FortiClient-linux-x64/FortiClient","--allow-file-access-from-files"]
[2025-02-18 15:19:23.516] [info]  WindowManager handleCreateMainWindow
[2025-02-18 15:20:11.236] [info]  VpnHandler UNHANDLED {"isTrusted":true}
[2025-02-18 15:20:11.505] [info]  VpnHandler UNHANDLED {"isTrusted":true}
[2025-02-18 15:20:14.723] [info]  VpnHandler UNHANDLED {"isTrusted":true}
[2025-02-18 18:06:35.588] [info]  WindowManager WindowManager - handleWindowClosed
[2025-02-18 18:06:35.589] [info]  WindowManager WindowManager - all windows are destroyed. quit the app.
[2025-02-19 09:06:57.702] [info]  Server init() port number is 
[2025-02-19 09:06:57.704] [info]  Fail to retrieve port number from file.
[2025-02-19 09:06:58.707] [info]  Server init() port number is 41775
[2025-02-19 09:06:58.707] [info]  initWebSocket port is 41775
[2025-02-19 09:06:58.729] [info]  WindowManager handlePossibleProtocolLauncherArgs argv=["/opt/forticlient/gui/FortiClient-linux-x64/FortiClient"]
[2025-02-19 09:06:58.729] [info]  WindowManager handleCreateMainWindow
[2025-02-19 09:06:58.741] [info]  MAIN Starting FortiTray
[2025-02-19 09:06:58.741] [info]  MAIN MainWindow - createWindow Platform detected: ubuntu
[2025-02-19 09:06:58.759] [info]  web-contents-created contents.id=1
[2025-02-19 09:06:58.764] [info]  Saml - init
[2025-02-19 09:06:58.765] [info]  Saml - listenSamlLoginRequest
[2025-02-19 09:06:58.765] [info]  Server init() port number is 41775
[2025-02-19 09:06:58.999] [info]  compliance configDir=/home/plutusinfra/.config/FortiClient/config
[2025-02-19 09:06:59.002] [info]  MAIN did-finish-load
[2025-02-19 09:06:59.003] [info]  MAIN ready-to-show
[2025-02-19 09:06:59.805] [info]  IPC_RENDERER_REQUEST.LOADED
[2025-02-19 09:06:59.805] [info]  WindowManager handleWindowLoaded
[2025-02-19 09:07:00.306] [info]  WindowManager handlePossibleProtocolLauncherArgs argv=["/opt/forticlient/gui/FortiClient-linux-x64/FortiClient"]
[2025-02-19 09:07:00.307] [info]  WindowManager handleCreateMainWindow
[2025-02-19 09:07:35.772] [info]  VpnHandler UNHANDLED {"isTrusted":true}
[2025-02-19 09:07:36.007] [info]  VpnHandler UNHANDLED {"isTrusted":true}
[2025-02-19 09:07:37.839] [info]  VpnHandler UNHANDLED {"isTrusted":true}
[2025-02-20 09:42:50.259] [info]  VpnHandler UNHANDLED {"isTrusted":true}
[2025-02-20 09:42:50.501] [info]  VpnHandler UNHANDLED {"isTrusted":true}
[2025-02-20 09:42:54.366] [info]  VpnHandler UNHANDLED {"isTrusted":true}
[2025-02-20 12:13:46.383] [info]  VpnHandler UNHANDLED {"isTrusted":true}
[2025-02-20 12:13:46.623] [info]  VpnHandler UNHANDLED {"isTrusted":true}
[2025-02-20 12:13:48.658] [info]  VpnHandler UNHANDLED {"isTrusted":true}
[2025-02-20 18:06:53.173] [info]  WindowManager WindowManager - handleWindowClosed
[2025-02-20 18:06:53.174] [info]  WindowManager WindowManager - all windows are destroyed. quit the app.
[2025-02-21 09:27:08.680] [info]  Server init() port number is 
[2025-02-21 09:27:08.683] [info]  Fail to retrieve port number from file.
[2025-02-21 09:27:09.685] [info]  Server init() port number is 41775
[2025-02-21 09:27:09.687] [info]  initWebSocket port is 41775
[2025-02-21 09:27:09.736] [info]  WindowManager handlePossibleProtocolLauncherArgs argv=["/opt/forticlient/gui/FortiClient-linux-x64/FortiClient"]
[2025-02-21 09:27:09.737] [info]  WindowManager handleCreateMainWindow
[2025-02-21 09:27:09.747] [info]  MAIN Starting FortiTray
[2025-02-21 09:27:09.747] [info]  MAIN MainWindow - createWindow Platform detected: ubuntu
[2025-02-21 09:27:09.785] [info]  web-contents-created contents.id=1
[2025-02-21 09:27:09.805] [info]  Saml - init
[2025-02-21 09:27:09.806] [info]  Saml - listenSamlLoginRequest
[2025-02-21 09:27:09.808] [info]  Server init() port number is 41775
[2025-02-21 09:27:10.159] [info]  compliance configDir=/home/plutusinfra/.config/FortiClient/config
[2025-02-21 09:27:10.162] [info]  MAIN did-finish-load
[2025-02-21 09:27:10.163] [info]  MAIN ready-to-show
[2025-02-21 09:27:10.974] [info]  IPC_RENDERER_REQUEST.LOADED
[2025-02-21 09:27:10.974] [info]  WindowManager handleWindowLoaded
[2025-02-21 09:27:11.475] [info]  WindowManager handlePossibleProtocolLauncherArgs argv=["/opt/forticlient/gui/FortiClient-linux-x64/FortiClient"]
[2025-02-21 09:27:11.475] [info]  WindowManager handleCreateMainWindow
[2025-02-21 09:27:14.641] [info]  VpnHandler UNHANDLED {"isTrusted":true}
[2025-02-21 09:27:14.882] [info]  VpnHandler UNHANDLED {"isTrusted":true}
[2025-02-21 09:27:16.370] [info]  VpnHandler UNHANDLED {"isTrusted":true}
[2025-02-21 17:27:27.790] [info]  VpnHandler UNHANDLED {"isTrusted":true}
[2025-02-21 17:27:28.040] [info]  VpnHandler UNHANDLED {"isTrusted":true}
[2025-02-21 17:27:30.297] [info]  VpnHandler UNHANDLED {"isTrusted":true}
[2025-02-21 18:25:56.816] [info]  WindowManager WindowManager - handleWindowClosed
[2025-02-21 18:25:56.817] [info]  WindowManager WindowManager - all windows are destroyed. quit the app.
[2025-02-24 09:12:11.015] [info]  Server init() port number is 
[2025-02-24 09:12:11.018] [info]  Fail to retrieve port number from file.
[2025-02-24 09:12:12.019] [info]  Server init() port number is 41775
[2025-02-24 09:12:12.020] [info]  initWebSocket port is 41775
[2025-02-24 09:12:12.060] [info]  WindowManager handlePossibleProtocolLauncherArgs argv=["/opt/forticlient/gui/FortiClient-linux-x64/FortiClient"]
[2025-02-24 09:12:12.060] [info]  WindowManager handleCreateMainWindow
[2025-02-24 09:12:12.071] [info]  MAIN Starting FortiTray
[2025-02-24 09:12:12.071] [info]  MAIN MainWindow - createWindow Platform detected: ubuntu
[2025-02-24 09:12:12.089] [info]  web-contents-created contents.id=1
[2025-02-24 09:12:12.095] [info]  Saml - init
[2025-02-24 09:12:12.095] [info]  Saml - listenSamlLoginRequest
[2025-02-24 09:12:12.096] [info]  Server init() port number is 41775
[2025-02-24 09:12:12.332] [info]  compliance configDir=/home/plutusinfra/.config/FortiClient/config
[2025-02-24 09:12:12.336] [info]  MAIN did-finish-load
[2025-02-24 09:12:12.336] [info]  MAIN ready-to-show
[2025-02-24 09:12:13.100] [info]  IPC_RENDERER_REQUEST.LOADED
[2025-02-24 09:12:13.100] [info]  WindowManager handleWindowLoaded
[2025-02-24 09:12:13.601] [info]  WindowManager handlePossibleProtocolLauncherArgs argv=["/opt/forticlient/gui/FortiClient-linux-x64/FortiClient"]
[2025-02-24 09:12:13.602] [info]  WindowManager handleCreateMainWindow
[2025-02-24 09:12:14.460] [info]  VpnHandler UNHANDLED {"isTrusted":true}
[2025-02-24 09:12:14.705] [info]  VpnHandler UNHANDLED {"isTrusted":true}
[2025-02-24 09:12:16.345] [info]  VpnHandler UNHANDLED {"isTrusted":true}
[2025-02-24 18:18:37.472] [info]  WindowManager WindowManager - handleWindowClosed
[2025-02-24 18:18:37.473] [info]  WindowManager WindowManager - all windows are destroyed. quit the app.
[2025-02-25 09:29:10.609] [info]  Server init() port number is 
[2025-02-25 09:29:10.611] [info]  Fail to retrieve port number from file.
[2025-02-25 09:29:11.614] [info]  Server init() port number is 41775
[2025-02-25 09:29:11.615] [info]  initWebSocket port is 41775
[2025-02-25 09:29:11.637] [info]  WindowManager handlePossibleProtocolLauncherArgs argv=["/opt/forticlient/gui/FortiClient-linux-x64/FortiClient"]
[2025-02-25 09:29:11.637] [info]  WindowManager handleCreateMainWindow
[2025-02-25 09:29:11.649] [info]  MAIN Starting FortiTray
[2025-02-25 09:29:11.650] [info]  MAIN MainWindow - createWindow Platform detected: ubuntu
[2025-02-25 09:29:11.668] [info]  web-contents-created contents.id=1
[2025-02-25 09:29:11.673] [info]  Saml - init
[2025-02-25 09:29:11.673] [info]  Saml - listenSamlLoginRequest
[2025-02-25 09:29:11.674] [info]  Server init() port number is 41775
[2025-02-25 09:29:11.910] [info]  compliance configDir=/home/plutusinfra/.config/FortiClient/config
[2025-02-25 09:29:11.913] [info]  MAIN did-finish-load
[2025-02-25 09:29:11.914] [info]  MAIN ready-to-show
[2025-02-25 09:29:12.717] [info]  IPC_RENDERER_REQUEST.LOADED
[2025-02-25 09:29:12.717] [info]  WindowManager handleWindowLoaded
[2025-02-25 09:29:13.219] [info]  WindowManager handlePossibleProtocolLauncherArgs argv=["/opt/forticlient/gui/FortiClient-linux-x64/FortiClient"]
[2025-02-25 09:29:13.220] [info]  WindowManager handleCreateMainWindow
[2025-02-25 09:29:14.568] [info]  VpnHandler UNHANDLED {"isTrusted":true}
[2025-02-25 09:29:14.817] [info]  VpnHandler UNHANDLED {"isTrusted":true}
[2025-02-25 09:29:17.404] [info]  VpnHandler UNHANDLED {"isTrusted":true}
[2025-02-25 17:29:32.545] [info]  VpnHandler UNHANDLED {"isTrusted":true}
[2025-02-25 17:29:32.801] [info]  VpnHandler UNHANDLED {"isTrusted":true}
[2025-02-25 17:29:34.987] [info]  VpnHandler UNHANDLED {"isTrusted":true}
[2025-02-27 09:15:37.291] [info]  VpnHandler UNHANDLED {"isTrusted":true}
[2025-02-27 09:15:37.526] [info]  VpnHandler UNHANDLED {"isTrusted":true}
[2025-02-27 09:15:39.510] [info]  VpnHandler UNHANDLED {"isTrusted":true}
[2025-02-27 16:18:35.383] [info]  VpnHandler UNHANDLED {"isTrusted":true}
[2025-02-27 16:18:35.619] [info]  VpnHandler UNHANDLED {"isTrusted":true}
[2025-02-27 16:18:37.403] [info]  VpnHandler UNHANDLED {"isTrusted":true}
[2025-02-27 18:13:03.130] [info]  WindowManager WindowManager - handleWindowClosed
[2025-02-27 18:13:03.131] [info]  WindowManager WindowManager - all windows are destroyed. quit the app.
[2025-02-28 09:17:03.172] [info]  Server init() port number is 
[2025-02-28 09:17:03.174] [info]  Fail to retrieve port number from file.
[2025-02-28 09:17:04.178] [info]  Server init() port number is 41775
[2025-02-28 09:17:04.180] [info]  initWebSocket port is 41775
[2025-02-28 09:17:04.207] [info]  WindowManager handlePossibleProtocolLauncherArgs argv=["/opt/forticlient/gui/FortiClient-linux-x64/FortiClient"]
[2025-02-28 09:17:04.208] [info]  WindowManager handleCreateMainWindow
[2025-02-28 09:17:04.219] [info]  MAIN Starting FortiTray
[2025-02-28 09:17:04.219] [info]  MAIN MainWindow - createWindow Platform detected: ubuntu
[2025-02-28 09:17:04.237] [info]  web-contents-created contents.id=1
[2025-02-28 09:17:04.242] [info]  Saml - init
[2025-02-28 09:17:04.243] [info]  Saml - listenSamlLoginRequest
[2025-02-28 09:17:04.243] [info]  Server init() port number is 41775
[2025-02-28 09:17:04.512] [info]  compliance configDir=/home/plutusinfra/.config/FortiClient/config
[2025-02-28 09:17:04.515] [info]  MAIN did-finish-load
[2025-02-28 09:17:04.516] [info]  MAIN ready-to-show
[2025-02-28 09:17:05.284] [info]  IPC_RENDERER_REQUEST.LOADED
[2025-02-28 09:17:05.284] [info]  WindowManager handleWindowLoaded
[2025-02-28 09:17:05.786] [info]  WindowManager handlePossibleProtocolLauncherArgs argv=["/opt/forticlient/gui/FortiClient-linux-x64/FortiClient"]
[2025-02-28 09:17:05.787] [info]  WindowManager handleCreateMainWindow
[2025-02-28 09:17:06.952] [info]  VpnHandler UNHANDLED {"isTrusted":true}
[2025-02-28 09:17:07.187] [info]  VpnHandler UNHANDLED {"isTrusted":true}
[2025-02-28 09:17:11.719] [info]  VpnHandler UNHANDLED {"isTrusted":true}
[2025-02-28 18:03:21.833] [info]  WindowManager WindowManager - handleWindowClosed
[2025-02-28 18:03:21.834] [info]  WindowManager WindowManager - all windows are destroyed. quit the app.
[2025-03-03 09:45:45.853] [info]  Server init() port number is 
[2025-03-03 09:45:45.856] [info]  Fail to retrieve port number from file.
[2025-03-03 09:45:46.858] [info]  Server init() port number is 41775
[2025-03-03 09:45:46.860] [info]  initWebSocket port is 41775
[2025-03-03 09:45:46.909] [info]  WindowManager handlePossibleProtocolLauncherArgs argv=["/opt/forticlient/gui/FortiClient-linux-x64/FortiClient"]
[2025-03-03 09:45:46.910] [info]  WindowManager handleCreateMainWindow
[2025-03-03 09:45:46.924] [info]  MAIN Starting FortiTray
[2025-03-03 09:45:46.924] [info]  MAIN MainWindow - createWindow Platform detected: ubuntu
[2025-03-03 09:45:46.943] [info]  web-contents-created contents.id=1
[2025-03-03 09:45:46.948] [info]  Saml - init
[2025-03-03 09:45:46.949] [info]  Saml - listenSamlLoginRequest
[2025-03-03 09:45:46.949] [info]  Server init() port number is 41775
[2025-03-03 09:45:47.186] [info]  compliance configDir=/home/plutusinfra/.config/FortiClient/config
[2025-03-03 09:45:47.189] [info]  MAIN did-finish-load
[2025-03-03 09:45:47.190] [info]  MAIN ready-to-show
[2025-03-03 09:45:48.071] [info]  IPC_RENDERER_REQUEST.LOADED
[2025-03-03 09:45:48.071] [info]  WindowManager handleWindowLoaded
[2025-03-03 09:45:48.572] [info]  WindowManager handlePossibleProtocolLauncherArgs argv=["/opt/forticlient/gui/FortiClient-linux-x64/FortiClient"]
[2025-03-03 09:45:48.573] [info]  WindowManager handleCreateMainWindow
[2025-03-03 09:45:51.950] [info]  VpnHandler UNHANDLED {"isTrusted":true}
[2025-03-03 09:45:52.184] [info]  VpnHandler UNHANDLED {"isTrusted":true}
[2025-03-03 09:45:53.956] [info]  VpnHandler UNHANDLED {"isTrusted":true}
[2025-03-03 11:02:57.549] [info]  VpnHandler UNHANDLED {"isTrusted":true}
[2025-03-03 11:04:19.680] [info]  VpnHandler UNHANDLED {"isTrusted":true}
[2025-03-03 11:05:12.241] [info]  VpnHandler UNHANDLED {"isTrusted":true}
[2025-03-03 11:05:14.521] [info]  VpnHandler UNHANDLED {"isTrusted":true}
[2025-03-03 11:05:17.403] [info]  VpnHandler UNHANDLED {"isTrusted":true}
[2025-03-03 12:58:27.482] [info]  VpnHandler UNHANDLED {"isTrusted":true}
[2025-03-03 12:58:43.615] [info]  WindowManager WindowManager - handleWindowClosed
[2025-03-03 12:58:43.616] [info]  WindowManager WindowManager - all windows are destroyed. quit the app.
[2025-03-03 12:58:53.429] [info]  Server init() port number is 
[2025-03-03 12:58:53.438] [info]  Fail to retrieve port number from file.
[2025-03-03 12:58:54.441] [info]  Server init() port number is 41775
[2025-03-03 12:58:54.443] [info]  initWebSocket port is 41775
[2025-03-03 12:58:54.502] [info]  WindowManager handlePossibleProtocolLauncherArgs argv=["/opt/forticlient/gui/FortiClient-linux-x64/FortiClient"]
[2025-03-03 12:58:54.502] [info]  WindowManager handleCreateMainWindow
[2025-03-03 12:58:54.518] [info]  MAIN Starting FortiTray
[2025-03-03 12:58:54.518] [info]  MAIN MainWindow - createWindow Platform detected: ubuntu
[2025-03-03 12:58:54.537] [info]  web-contents-created contents.id=1
[2025-03-03 12:58:54.543] [info]  Saml - init
[2025-03-03 12:58:54.543] [info]  Saml - listenSamlLoginRequest
[2025-03-03 12:58:54.543] [info]  Server init() port number is 41775
[2025-03-03 12:58:54.872] [info]  compliance configDir=/home/plutusinfra/.config/FortiClient/config
[2025-03-03 12:58:54.875] [info]  MAIN did-finish-load
[2025-03-03 12:58:54.876] [info]  MAIN ready-to-show
[2025-03-03 12:58:55.885] [info]  IPC_RENDERER_REQUEST.LOADED
[2025-03-03 12:58:55.886] [info]  WindowManager handleWindowLoaded
[2025-03-03 12:58:56.387] [info]  WindowManager handlePossibleProtocolLauncherArgs argv=["/opt/forticlient/gui/FortiClient-linux-x64/FortiClient"]
[2025-03-03 12:58:56.388] [info]  WindowManager handleCreateMainWindow
[2025-03-03 12:59:01.812] [info]  VpnHandler UNHANDLED {"isTrusted":true}
[2025-03-03 12:59:13.241] [info]  VpnHandler UNHANDLED {"isTrusted":true}
[2025-03-03 12:59:21.656] [info]  VpnHandler UNHANDLED {"isTrusted":true}
[2025-03-03 12:59:44.253] [info]  VpnHandler UNHANDLED {"isTrusted":true}
[2025-03-03 12:59:44.495] [info]  VpnHandler UNHANDLED {"isTrusted":true}
[2025-03-03 12:59:46.494] [info]  VpnHandler UNHANDLED {"isTrusted":true}
[2025-03-03 18:32:23.061] [info]  WindowManager WindowManager - handleWindowClosed
[2025-03-03 18:32:23.078] [info]  WindowManager WindowManager - all windows are destroyed. quit the app.
[2025-03-04 09:22:41.235] [info]  Server init() port number is 
[2025-03-04 09:22:41.237] [info]  Fail to retrieve port number from file.
[2025-03-04 09:22:42.240] [info]  Server init() port number is 41775
[2025-03-04 09:22:42.242] [info]  initWebSocket port is 41775
[2025-03-04 09:22:42.273] [info]  WindowManager handlePossibleProtocolLauncherArgs argv=["/opt/forticlient/gui/FortiClient-linux-x64/FortiClient"]
[2025-03-04 09:22:42.274] [info]  WindowManager handleCreateMainWindow
[2025-03-04 09:22:42.284] [info]  MAIN Starting FortiTray
[2025-03-04 09:22:42.284] [info]  MAIN MainWindow - createWindow Platform detected: ubuntu
[2025-03-04 09:22:42.302] [info]  web-contents-created contents.id=1
[2025-03-04 09:22:42.308] [info]  Saml - init
[2025-03-04 09:22:42.308] [info]  Saml - listenSamlLoginRequest
[2025-03-04 09:22:42.308] [info]  Server init() port number is 41775
[2025-03-04 09:22:42.558] [info]  compliance configDir=/home/plutusinfra/.config/FortiClient/config
[2025-03-04 09:22:42.562] [info]  MAIN did-finish-load
[2025-03-04 09:22:42.564] [info]  MAIN ready-to-show
[2025-03-04 09:22:43.363] [info]  IPC_RENDERER_REQUEST.LOADED
[2025-03-04 09:22:43.363] [info]  WindowManager handleWindowLoaded
[2025-03-04 09:22:43.864] [info]  WindowManager handlePossibleProtocolLauncherArgs argv=["/opt/forticlient/gui/FortiClient-linux-x64/FortiClient"]
[2025-03-04 09:22:43.865] [info]  WindowManager handleCreateMainWindow
[2025-03-04 09:22:44.950] [info]  VpnHandler UNHANDLED {"isTrusted":true}
[2025-03-04 09:22:45.226] [info]  VpnHandler UNHANDLED {"isTrusted":true}
[2025-03-04 09:22:46.931] [info]  VpnHandler UNHANDLED {"isTrusted":true}
[2025-03-04 09:51:26.027] [info]  VpnHandler UNHANDLED {"isTrusted":true}
[2025-03-04 09:51:26.305] [info]  VpnHandler UNHANDLED {"isTrusted":true}
[2025-03-04 09:51:43.516] [info]  VpnHandler UNHANDLED {"isTrusted":true}
[2025-03-04 18:21:34.096] [info]  VpnHandler UNHANDLED {"isTrusted":true}
[2025-03-04 18:21:34.336] [info]  VpnHandler UNHANDLED {"isTrusted":true}
[2025-03-04 18:21:36.010] [info]  VpnHandler UNHANDLED {"isTrusted":true}
[2025-03-04 18:22:39.703] [info]  WindowManager WindowManager - handleWindowClosed
[2025-03-04 18:22:39.703] [info]  WindowManager WindowManager - all windows are destroyed. quit the app.
[2025-03-05 09:24:53.176] [info]  Server init() port number is 
[2025-03-05 09:24:53.180] [info]  Fail to retrieve port number from file.
[2025-03-05 09:24:54.182] [info]  Server init() port number is 41775
[2025-03-05 09:24:54.184] [info]  initWebSocket port is 41775
[2025-03-05 09:24:54.256] [info]  WindowManager handlePossibleProtocolLauncherArgs argv=["/opt/forticlient/gui/FortiClient-linux-x64/FortiClient"]
[2025-03-05 09:24:54.257] [info]  WindowManager handleCreateMainWindow
[2025-03-05 09:24:54.274] [info]  MAIN Starting FortiTray
[2025-03-05 09:24:54.274] [info]  MAIN MainWindow - createWindow Platform detected: ubuntu
[2025-03-05 09:24:54.297] [info]  web-contents-created contents.id=1
[2025-03-05 09:24:54.302] [info]  Saml - init
[2025-03-05 09:24:54.303] [info]  Saml - listenSamlLoginRequest
[2025-03-05 09:24:54.303] [info]  Server init() port number is 41775
[2025-03-05 09:24:54.603] [info]  compliance configDir=/home/plutusinfra/.config/FortiClient/config
[2025-03-05 09:24:54.606] [info]  MAIN did-finish-load
[2025-03-05 09:24:54.608] [info]  MAIN ready-to-show
[2025-03-05 09:24:55.433] [info]  IPC_RENDERER_REQUEST.LOADED
[2025-03-05 09:24:55.434] [info]  WindowManager handleWindowLoaded
[2025-03-05 09:24:55.935] [info]  WindowManager handlePossibleProtocolLauncherArgs argv=["/opt/forticlient/gui/FortiClient-linux-x64/FortiClient"]
[2025-03-05 09:24:55.936] [info]  WindowManager handleCreateMainWindow
[2025-03-05 09:24:56.963] [info]  VpnHandler UNHANDLED {"isTrusted":true}
[2025-03-05 09:24:57.196] [info]  VpnHandler UNHANDLED {"isTrusted":true}
[2025-03-05 09:25:06.928] [info]  VpnHandler UNHANDLED {"isTrusted":true}
[2025-03-05 17:10:51.752] [info]  WindowManager WindowManager - handleWindowClosed
[2025-03-05 17:10:52.597] [info]  WindowManager WindowManager - all windows are destroyed. quit the app.
[2025-03-05 17:30:44.557] [info]  Server init() port number is 
[2025-03-05 17:30:44.581] [info]  Fail to retrieve port number from file.
[2025-03-05 17:30:45.586] [info]  Server init() port number is 41775
[2025-03-05 17:30:45.587] [info]  initWebSocket port is 41775
[2025-03-05 17:30:45.641] [info]  WindowManager handlePossibleProtocolLauncherArgs argv=["/opt/forticlient/gui/FortiClient-linux-x64/FortiClient"]
[2025-03-05 17:30:45.642] [info]  WindowManager handleCreateMainWindow
[2025-03-05 17:30:45.652] [info]  MAIN Starting FortiTray
[2025-03-05 17:30:45.652] [info]  MAIN MainWindow - createWindow Platform detected: ubuntu
[2025-03-05 17:30:45.810] [info]  web-contents-created contents.id=1
[2025-03-05 17:30:45.866] [info]  Saml - init
[2025-03-05 17:30:45.868] [info]  Saml - listenSamlLoginRequest
[2025-03-05 17:30:45.869] [info]  Server init() port number is 41775
[2025-03-05 17:30:46.876] [info]  compliance configDir=/home/plutusinfra/.config/FortiClient/config
[2025-03-05 17:30:46.919] [info]  MAIN did-finish-load
[2025-03-05 17:30:46.920] [info]  MAIN ready-to-show
[2025-03-05 17:30:48.319] [info]  IPC_RENDERER_REQUEST.LOADED
[2025-03-05 17:30:48.319] [info]  WindowManager handleWindowLoaded
[2025-03-05 17:30:48.820] [info]  WindowManager handlePossibleProtocolLauncherArgs argv=["/opt/forticlient/gui/FortiClient-linux-x64/FortiClient"]
[2025-03-05 17:30:48.821] [info]  WindowManager handleCreateMainWindow
[2025-03-05 17:30:50.711] [info]  VpnHandler UNHANDLED {"isTrusted":true}
[2025-03-05 17:30:53.988] [info]  VpnHandler UNHANDLED {"isTrusted":true}
[2025-03-05 17:31:53.916] [info]  VpnHandler UNHANDLED {"isTrusted":true}
[2025-03-05 17:31:55.908] [info]  VpnHandler UNHANDLED {"isTrusted":true}
[2025-03-05 17:31:56.663] [info]  VpnHandler UNHANDLED {"isTrusted":true}
[2025-03-05 18:26:50.164] [info]  WindowManager WindowManager - handleWindowClosed
[2025-03-05 18:26:50.195] [info]  WindowManager WindowManager - all windows are destroyed. quit the app.
[2025-03-06 09:24:58.515] [info]  Server init() port number is 
[2025-03-06 09:24:58.517] [info]  Fail to retrieve port number from file.
[2025-03-06 09:24:59.519] [info]  Server init() port number is 41775
[2025-03-06 09:24:59.520] [info]  initWebSocket port is 41775
[2025-03-06 09:24:59.552] [info]  WindowManager handlePossibleProtocolLauncherArgs argv=["/opt/forticlient/gui/FortiClient-linux-x64/FortiClient"]
[2025-03-06 09:24:59.552] [info]  WindowManager handleCreateMainWindow
[2025-03-06 09:24:59.564] [info]  MAIN Starting FortiTray
[2025-03-06 09:24:59.564] [info]  MAIN MainWindow - createWindow Platform detected: ubuntu
[2025-03-06 09:24:59.583] [info]  web-contents-created contents.id=1
[2025-03-06 09:24:59.588] [info]  Saml - init
[2025-03-06 09:24:59.588] [info]  Saml - listenSamlLoginRequest
[2025-03-06 09:24:59.589] [info]  Server init() port number is 41775
[2025-03-06 09:24:59.824] [info]  compliance configDir=/home/plutusinfra/.config/FortiClient/config
[2025-03-06 09:24:59.828] [info]  MAIN did-finish-load
[2025-03-06 09:24:59.829] [info]  MAIN ready-to-show
[2025-03-06 09:25:00.816] [info]  IPC_RENDERER_REQUEST.LOADED
[2025-03-06 09:25:00.817] [info]  WindowManager handleWindowLoaded
[2025-03-06 09:25:01.318] [info]  WindowManager handlePossibleProtocolLauncherArgs argv=["/opt/forticlient/gui/FortiClient-linux-x64/FortiClient"]
[2025-03-06 09:25:01.319] [info]  WindowManager handleCreateMainWindow
[2025-03-06 09:25:02.792] [info]  VpnHandler UNHANDLED {"isTrusted":true}
[2025-03-06 09:25:06.038] [info]  VpnHandler UNHANDLED {"isTrusted":true}
[2025-03-06 09:28:54.161] [info]  VpnHandler UNHANDLED {"isTrusted":true}
[2025-03-06 09:28:54.402] [info]  VpnHandler UNHANDLED {"isTrusted":true}
[2025-03-06 09:30:35.683] [info]  WindowManager WindowManager - handleWindowClosed
[2025-03-06 09:30:35.683] [info]  WindowManager WindowManager - all windows are destroyed. quit the app.
[2025-03-06 09:30:39.904] [info]  Server init() port number is 
[2025-03-06 09:30:39.907] [info]  Fail to retrieve port number from file.
[2025-03-06 09:30:40.909] [info]  Server init() port number is 41775
[2025-03-06 09:30:40.911] [info]  initWebSocket port is 41775
[2025-03-06 09:30:40.988] [info]  WindowManager handlePossibleProtocolLauncherArgs argv=["/opt/forticlient/gui/FortiClient-linux-x64/FortiClient"]
[2025-03-06 09:30:40.988] [info]  WindowManager handleCreateMainWindow
[2025-03-06 09:30:41.002] [info]  MAIN Starting FortiTray
[2025-03-06 09:30:41.003] [info]  MAIN MainWindow - createWindow Platform detected: ubuntu
[2025-03-06 09:30:41.020] [info]  web-contents-created contents.id=1
[2025-03-06 09:30:41.026] [info]  Saml - init
[2025-03-06 09:30:41.026] [info]  Saml - listenSamlLoginRequest
[2025-03-06 09:30:41.026] [info]  Server init() port number is 41775
[2025-03-06 09:30:41.266] [info]  compliance configDir=/home/plutusinfra/.config/FortiClient/config
[2025-03-06 09:30:41.269] [info]  MAIN did-finish-load
[2025-03-06 09:30:41.270] [info]  MAIN ready-to-show
[2025-03-06 09:30:42.259] [info]  IPC_RENDERER_REQUEST.LOADED
[2025-03-06 09:30:42.260] [info]  WindowManager handleWindowLoaded
[2025-03-06 09:30:42.761] [info]  WindowManager handlePossibleProtocolLauncherArgs argv=["/opt/forticlient/gui/FortiClient-linux-x64/FortiClient"]
[2025-03-06 09:30:42.762] [info]  WindowManager handleCreateMainWindow
[2025-03-06 09:31:17.298] [info]  VpnHandler UNHANDLED {"isTrusted":true}
[2025-03-06 09:31:17.545] [info]  VpnHandler UNHANDLED {"isTrusted":true}
[2025-03-06 09:31:19.797] [info]  VpnHandler UNHANDLED {"isTrusted":true}
[2025-03-06 18:25:38.683] [info]  WindowManager WindowManager - handleWindowClosed
[2025-03-06 18:25:38.684] [info]  WindowManager WindowManager - all windows are destroyed. quit the app.
[2025-03-07 09:31:49.545] [info]  Server init() port number is 
[2025-03-07 09:31:49.548] [info]  Fail to retrieve port number from file.
[2025-03-07 09:31:50.549] [info]  Server init() port number is 41775
[2025-03-07 09:31:50.549] [info]  initWebSocket port is 41775
[2025-03-07 09:31:50.575] [info]  WindowManager handlePossibleProtocolLauncherArgs argv=["/opt/forticlient/gui/FortiClient-linux-x64/FortiClient"]
[2025-03-07 09:31:50.575] [info]  WindowManager handleCreateMainWindow
[2025-03-07 09:31:50.587] [info]  MAIN Starting FortiTray
[2025-03-07 09:31:50.588] [info]  MAIN MainWindow - createWindow Platform detected: ubuntu
[2025-03-07 09:31:50.606] [info]  web-contents-created contents.id=1
[2025-03-07 09:31:50.611] [info]  Saml - init
[2025-03-07 09:31:50.611] [info]  Saml - listenSamlLoginRequest
[2025-03-07 09:31:50.612] [info]  Server init() port number is 41775
[2025-03-07 09:31:50.849] [info]  compliance configDir=/home/plutusinfra/.config/FortiClient/config
[2025-03-07 09:31:50.852] [info]  MAIN did-finish-load
[2025-03-07 09:31:50.853] [info]  MAIN ready-to-show
[2025-03-07 09:31:51.905] [info]  IPC_RENDERER_REQUEST.LOADED
[2025-03-07 09:31:51.906] [info]  WindowManager handleWindowLoaded
[2025-03-07 09:31:52.407] [info]  WindowManager handlePossibleProtocolLauncherArgs argv=["/opt/forticlient/gui/FortiClient-linux-x64/FortiClient"]
[2025-03-07 09:31:52.408] [info]  WindowManager handleCreateMainWindow
[2025-03-07 09:31:57.032] [info]  VpnHandler UNHANDLED {"isTrusted":true}
[2025-03-07 09:31:57.304] [info]  VpnHandler UNHANDLED {"isTrusted":true}
[2025-03-07 09:32:00.555] [info]  VpnHandler UNHANDLED {"isTrusted":true}
[2025-03-07 18:20:25.701] [info]  WindowManager WindowManager - handleWindowClosed
[2025-03-07 18:20:25.724] [info]  WindowManager WindowManager - all windows are destroyed. quit the app.
[2025-03-10 10:02:49.493] [info]  Server init() port number is 
[2025-03-10 10:02:49.659] [info]  Fail to retrieve port number from file.
[2025-03-10 10:02:50.664] [info]  Server init() port number is 33509
[2025-03-10 10:02:50.666] [info]  initWebSocket port is 33509
[2025-03-10 10:02:50.759] [info]  WindowManager handlePossibleProtocolLauncherArgs argv=["/opt/forticlient/gui/FortiClient-linux-x64/FortiClient"]
[2025-03-10 10:02:50.759] [info]  WindowManager handleCreateMainWindow
[2025-03-10 10:02:50.776] [info]  MAIN Starting FortiTray
[2025-03-10 10:02:50.776] [info]  MAIN MainWindow - createWindow Platform detected: ubuntu
[2025-03-10 10:02:51.227] [info]  web-contents-created contents.id=1
[2025-03-10 10:02:51.293] [info]  Saml - init
[2025-03-10 10:02:51.295] [info]  Saml - listenSamlLoginRequest
[2025-03-10 10:02:51.296] [info]  Server init() port number is 33509
[2025-03-10 10:02:52.484] [info]  compliance configDir=/home/plutusinfra/.config/FortiClient/config
[2025-03-10 10:02:52.484] [info]  MAIN did-finish-load
[2025-03-10 10:02:52.485] [info]  MAIN ready-to-show
[2025-03-10 10:02:53.531] [info]  IPC_RENDERER_REQUEST.LOADED
[2025-03-10 10:02:53.532] [info]  WindowManager handleWindowLoaded
[2025-03-10 10:02:54.033] [info]  WindowManager handlePossibleProtocolLauncherArgs argv=["/opt/forticlient/gui/FortiClient-linux-x64/FortiClient"]
[2025-03-10 10:02:54.034] [info]  WindowManager handleCreateMainWindow
[2025-03-10 10:02:58.005] [info]  VpnHandler UNHANDLED {"isTrusted":true}
[2025-03-10 10:02:58.217] [info]  VpnHandler UNHANDLED {"isTrusted":true}
[2025-03-10 10:03:00.357] [info]  VpnHandler UNHANDLED {"isTrusted":true}
[2025-03-11 09:10:05.005] [info]  VpnHandler UNHANDLED {"isTrusted":true}
[2025-03-11 09:10:05.288] [info]  VpnHandler UNHANDLED {"isTrusted":true}
[2025-03-11 09:10:06.950] [info]  VpnHandler UNHANDLED {"isTrusted":true}
[2025-03-11 18:09:47.506] [info]  WindowManager WindowManager - handleWindowClosed
[2025-03-11 18:09:47.507] [info]  WindowManager WindowManager - all windows are destroyed. quit the app.
[2025-03-12 15:03:56.220] [info]  Server init() port number is 
[2025-03-12 15:03:56.315] [info]  Fail to retrieve port number from file.
[2025-03-12 15:03:57.320] [info]  Server init() port number is 40723
[2025-03-12 15:03:57.322] [info]  initWebSocket port is 40723
[2025-03-12 15:03:57.401] [info]  WindowManager handlePossibleProtocolLauncherArgs argv=["/opt/forticlient/gui/FortiClient-linux-x64/FortiClient"]
[2025-03-12 15:03:57.402] [info]  WindowManager handleCreateMainWindow
[2025-03-12 15:03:57.412] [info]  MAIN Starting FortiTray
[2025-03-12 15:03:57.413] [info]  MAIN MainWindow - createWindow Platform detected: ubuntu
[2025-03-12 15:03:57.894] [info]  web-contents-created contents.id=1
[2025-03-12 15:03:57.966] [info]  Saml - init
[2025-03-12 15:03:57.968] [info]  Saml - listenSamlLoginRequest
[2025-03-12 15:03:57.969] [info]  Server init() port number is 40723
[2025-03-12 15:03:59.167] [info]  compliance configDir=/home/plutusinfra/.config/FortiClient/config
[2025-03-12 15:03:59.169] [info]  MAIN did-finish-load
[2025-03-12 15:03:59.171] [info]  MAIN ready-to-show
[2025-03-12 15:04:00.486] [info]  IPC_RENDERER_REQUEST.LOADED
[2025-03-12 15:04:00.487] [info]  WindowManager handleWindowLoaded
[2025-03-12 15:04:00.989] [info]  WindowManager handlePossibleProtocolLauncherArgs argv=["/opt/forticlient/gui/FortiClient-linux-x64/FortiClient"]
[2025-03-12 15:04:00.990] [info]  WindowManager handleCreateMainWindow
[2025-03-12 15:04:05.379] [info]  VpnHandler UNHANDLED {"isTrusted":true}
[2025-03-12 15:04:05.600] [info]  VpnHandler UNHANDLED {"isTrusted":true}
[2025-03-12 15:04:22.365] [info]  VpnHandler UNHANDLED {"isTrusted":true}
[2025-03-13 09:28:47.515] [info]  WindowManager WindowManager - handleWindowClosed
[2025-03-13 09:28:47.516] [info]  WindowManager WindowManager - all windows are destroyed. quit the app.
[2025-03-13 10:10:01.426] [info]  Server init() port number is 
[2025-03-13 10:10:01.428] [info]  Fail to retrieve port number from file.
[2025-03-13 10:10:02.432] [info]  Server init() port number is 40723
[2025-03-13 10:10:02.433] [info]  initWebSocket port is 40723
[2025-03-13 10:10:02.500] [info]  WindowManager handlePossibleProtocolLauncherArgs argv=["/opt/forticlient/gui/FortiClient-linux-x64/FortiClient"]
[2025-03-13 10:10:02.501] [info]  WindowManager handleCreateMainWindow
[2025-03-13 10:10:02.517] [info]  MAIN Starting FortiTray
[2025-03-13 10:10:02.518] [info]  MAIN MainWindow - createWindow Platform detected: ubuntu
[2025-03-13 10:10:02.537] [info]  web-contents-created contents.id=1
[2025-03-13 10:10:02.542] [info]  Saml - init
[2025-03-13 10:10:02.543] [info]  Saml - listenSamlLoginRequest
[2025-03-13 10:10:02.543] [info]  Server init() port number is 40723
[2025-03-13 10:10:02.781] [info]  compliance configDir=/home/plutusinfra/.config/FortiClient/config
[2025-03-13 10:10:02.784] [info]  MAIN did-finish-load
[2025-03-13 10:10:02.785] [info]  MAIN ready-to-show
[2025-03-13 10:10:03.595] [info]  IPC_RENDERER_REQUEST.LOADED
[2025-03-13 10:10:03.595] [info]  WindowManager handleWindowLoaded
[2025-03-13 10:10:04.096] [info]  WindowManager handlePossibleProtocolLauncherArgs argv=["/opt/forticlient/gui/FortiClient-linux-x64/FortiClient"]
[2025-03-13 10:10:04.097] [info]  WindowManager handleCreateMainWindow
[2025-03-13 10:10:05.369] [info]  VpnHandler UNHANDLED {"isTrusted":true}
[2025-03-13 10:10:05.603] [info]  VpnHandler UNHANDLED {"isTrusted":true}
[2025-03-13 10:10:07.221] [info]  VpnHandler UNHANDLED {"isTrusted":true}
[2025-03-13 18:11:02.583] [info]  WindowManager WindowManager - handleWindowClosed
[2025-03-13 18:11:02.584] [info]  WindowManager WindowManager - all windows are destroyed. quit the app.
[2025-03-17 09:16:06.777] [info]  Server init() port number is 
[2025-03-17 09:16:06.785] [info]  Fail to retrieve port number from file.
[2025-03-17 09:16:07.789] [info]  Server init() port number is 40723
[2025-03-17 09:16:07.790] [info]  initWebSocket port is 40723
[2025-03-17 09:16:07.851] [info]  WindowManager handlePossibleProtocolLauncherArgs argv=["/opt/forticlient/gui/FortiClient-linux-x64/FortiClient"]
[2025-03-17 09:16:07.852] [info]  WindowManager handleCreateMainWindow
[2025-03-17 09:16:07.869] [info]  MAIN Starting FortiTray
[2025-03-17 09:16:07.870] [info]  MAIN MainWindow - createWindow Platform detected: ubuntu
[2025-03-17 09:16:07.892] [info]  web-contents-created contents.id=1
[2025-03-17 09:16:07.898] [info]  Saml - init
[2025-03-17 09:16:07.898] [info]  Saml - listenSamlLoginRequest
[2025-03-17 09:16:07.898] [info]  Server init() port number is 40723
[2025-03-17 09:16:08.232] [info]  compliance configDir=/home/plutusinfra/.config/FortiClient/config
[2025-03-17 09:16:08.235] [info]  MAIN did-finish-load
[2025-03-17 09:16:08.236] [info]  MAIN ready-to-show
[2025-03-17 09:16:09.067] [info]  IPC_RENDERER_REQUEST.LOADED
[2025-03-17 09:16:09.067] [info]  WindowManager handleWindowLoaded
[2025-03-17 09:16:09.569] [info]  WindowManager handlePossibleProtocolLauncherArgs argv=["/opt/forticlient/gui/FortiClient-linux-x64/FortiClient"]
[2025-03-17 09:16:09.569] [info]  WindowManager handleCreateMainWindow
[2025-03-17 09:16:10.445] [info]  VpnHandler UNHANDLED {"isTrusted":true}
[2025-03-17 09:16:10.678] [info]  VpnHandler UNHANDLED {"isTrusted":true}
[2025-03-17 09:16:12.233] [info]  VpnHandler UNHANDLED {"isTrusted":true}
[2025-03-17 12:16:19.452] [info]  VpnHandler UNHANDLED {"isTrusted":true}
[2025-03-17 12:16:19.710] [info]  VpnHandler UNHANDLED {"isTrusted":true}
[2025-03-17 12:16:21.308] [info]  VpnHandler UNHANDLED {"isTrusted":true}
[2025-03-17 18:11:08.216] [info]  WindowManager WindowManager - handleWindowClosed
[2025-03-17 18:11:08.216] [info]  WindowManager WindowManager - all windows are destroyed. quit the app.
[2025-03-18 09:31:39.681] [info]  Server init() port number is 
[2025-03-18 09:31:39.685] [info]  Fail to retrieve port number from file.
[2025-03-18 09:31:40.689] [info]  Server init() port number is 40723
[2025-03-18 09:31:40.690] [info]  initWebSocket port is 40723
[2025-03-18 09:31:40.759] [info]  WindowManager handlePossibleProtocolLauncherArgs argv=["/opt/forticlient/gui/FortiClient-linux-x64/FortiClient"]
[2025-03-18 09:31:40.760] [info]  WindowManager handleCreateMainWindow
[2025-03-18 09:31:40.775] [info]  MAIN Starting FortiTray
[2025-03-18 09:31:40.776] [info]  MAIN MainWindow - createWindow Platform detected: ubuntu
[2025-03-18 09:31:40.798] [info]  web-contents-created contents.id=1
[2025-03-18 09:31:40.803] [info]  Saml - init
[2025-03-18 09:31:40.804] [info]  Saml - listenSamlLoginRequest
[2025-03-18 09:31:40.804] [info]  Server init() port number is 40723
[2025-03-18 09:31:41.050] [info]  compliance configDir=/home/plutusinfra/.config/FortiClient/config
[2025-03-18 09:31:41.053] [info]  MAIN did-finish-load
[2025-03-18 09:31:41.054] [info]  MAIN ready-to-show
[2025-03-18 09:31:41.857] [info]  IPC_RENDERER_REQUEST.LOADED
[2025-03-18 09:31:41.857] [info]  WindowManager handleWindowLoaded
[2025-03-18 09:31:42.359] [info]  WindowManager handlePossibleProtocolLauncherArgs argv=["/opt/forticlient/gui/FortiClient-linux-x64/FortiClient"]
[2025-03-18 09:31:42.360] [info]  WindowManager handleCreateMainWindow
[2025-03-18 09:31:43.578] [info]  VpnHandler UNHANDLED {"isTrusted":true}
[2025-03-18 09:31:43.818] [info]  VpnHandler UNHANDLED {"isTrusted":true}
[2025-03-18 09:31:45.739] [info]  VpnHandler UNHANDLED {"isTrusted":true}
[2025-03-18 17:36:08.676] [info]  VpnHandler UNHANDLED {"isTrusted":true}
[2025-03-18 17:36:09.642] [info]  WindowManager WindowManager - handleWindowClosed
[2025-03-18 17:36:09.643] [info]  WindowManager WindowManager - all windows are destroyed. quit the app.
[2025-03-18 17:36:45.215] [info]  Server init() port number is 
[2025-03-18 17:36:45.217] [info]  Fail to retrieve port number from file.
[2025-03-18 17:36:46.220] [info]  Server init() port number is 40723
[2025-03-18 17:36:46.221] [info]  initWebSocket port is 40723
[2025-03-18 17:36:46.290] [info]  WindowManager handlePossibleProtocolLauncherArgs argv=["/opt/forticlient/gui/FortiClient-linux-x64/FortiClient"]
[2025-03-18 17:36:46.291] [info]  WindowManager handleCreateMainWindow
[2025-03-18 17:36:46.306] [info]  MAIN Starting FortiTray
[2025-03-18 17:36:46.306] [info]  MAIN MainWindow - createWindow Platform detected: ubuntu
[2025-03-18 17:36:46.325] [info]  web-contents-created contents.id=1
[2025-03-18 17:36:46.330] [info]  Saml - init
[2025-03-18 17:36:46.331] [info]  Saml - listenSamlLoginRequest
[2025-03-18 17:36:46.331] [info]  Server init() port number is 40723
[2025-03-18 17:36:46.680] [info]  compliance configDir=/home/plutusinfra/.config/FortiClient/config
[2025-03-18 17:36:46.683] [info]  MAIN did-finish-load
[2025-03-18 17:36:46.684] [info]  MAIN ready-to-show
[2025-03-18 17:36:47.494] [info]  IPC_RENDERER_REQUEST.LOADED
[2025-03-18 17:36:47.494] [info]  WindowManager handleWindowLoaded
[2025-03-18 17:36:47.995] [info]  WindowManager handlePossibleProtocolLauncherArgs argv=["/opt/forticlient/gui/FortiClient-linux-x64/FortiClient"]
[2025-03-18 17:36:47.996] [info]  WindowManager handleCreateMainWindow
[2025-03-18 17:36:49.308] [info]  VpnHandler UNHANDLED {"isTrusted":true}
[2025-03-19 08:15:22.065] [info]  VpnHandler UNHANDLED {"isTrusted":true}
[2025-03-19 08:15:22.291] [info]  VpnHandler UNHANDLED {"isTrusted":true}
[2025-03-19 08:15:24.706] [info]  VpnHandler UNHANDLED {"isTrusted":true}
[2025-03-19 17:46:50.716] [info]  WindowManager WindowManager - handleWindowClosed
[2025-03-19 17:46:50.717] [info]  WindowManager WindowManager - all windows are destroyed. quit the app.
[2025-03-20 08:28:53.334] [info]  Server init() port number is 
[2025-03-20 08:28:53.336] [info]  Fail to retrieve port number from file.
[2025-03-20 08:28:54.339] [info]  Server init() port number is 40723
[2025-03-20 08:28:54.339] [info]  initWebSocket port is 40723
[2025-03-20 08:28:54.377] [info]  WindowManager handlePossibleProtocolLauncherArgs argv=["/opt/forticlient/gui/FortiClient-linux-x64/FortiClient"]
[2025-03-20 08:28:54.377] [info]  WindowManager handleCreateMainWindow
[2025-03-20 08:28:54.388] [info]  MAIN Starting FortiTray
[2025-03-20 08:28:54.388] [info]  MAIN MainWindow - createWindow Platform detected: ubuntu
[2025-03-20 08:28:54.406] [info]  web-contents-created contents.id=1
[2025-03-20 08:28:54.411] [info]  Saml - init
[2025-03-20 08:28:54.412] [info]  Saml - listenSamlLoginRequest
[2025-03-20 08:28:54.412] [info]  Server init() port number is 40723
[2025-03-20 08:28:54.682] [info]  compliance configDir=/home/plutusinfra/.config/FortiClient/config
[2025-03-20 08:28:54.685] [info]  MAIN did-finish-load
[2025-03-20 08:28:54.686] [info]  MAIN ready-to-show
[2025-03-20 08:28:55.501] [info]  IPC_RENDERER_REQUEST.LOADED
[2025-03-20 08:28:55.501] [info]  WindowManager handleWindowLoaded
[2025-03-20 08:28:56.003] [info]  WindowManager handlePossibleProtocolLauncherArgs argv=["/opt/forticlient/gui/FortiClient-linux-x64/FortiClient"]
[2025-03-20 08:28:56.003] [info]  WindowManager handleCreateMainWindow
[2025-03-20 08:28:56.899] [info]  VpnHandler UNHANDLED {"isTrusted":true}
[2025-03-20 08:28:57.139] [info]  VpnHandler UNHANDLED {"isTrusted":true}
[2025-03-20 08:28:59.081] [info]  VpnHandler UNHANDLED {"isTrusted":true}
[2025-03-20 17:18:36.090] [info]  WindowManager WindowManager - handleWindowClosed
[2025-03-20 17:18:36.112] [info]  WindowManager WindowManager - all windows are destroyed. quit the app.
[2025-03-21 08:51:25.558] [info]  Server init() port number is 
[2025-03-21 08:51:25.561] [info]  Fail to retrieve port number from file.
[2025-03-21 08:51:26.563] [info]  Server init() port number is 40723
[2025-03-21 08:51:26.564] [info]  initWebSocket port is 40723
[2025-03-21 08:51:26.592] [info]  WindowManager handlePossibleProtocolLauncherArgs argv=["/opt/forticlient/gui/FortiClient-linux-x64/FortiClient"]
[2025-03-21 08:51:26.592] [info]  WindowManager handleCreateMainWindow
[2025-03-21 08:51:26.603] [info]  MAIN Starting FortiTray
[2025-03-21 08:51:26.604] [info]  MAIN MainWindow - createWindow Platform detected: ubuntu
[2025-03-21 08:51:26.638] [info]  web-contents-created contents.id=1
[2025-03-21 08:51:26.643] [info]  Saml - init
[2025-03-21 08:51:26.644] [info]  Saml - listenSamlLoginRequest
[2025-03-21 08:51:26.644] [info]  Server init() port number is 40723
[2025-03-21 08:51:26.892] [info]  compliance configDir=/home/plutusinfra/.config/FortiClient/config
[2025-03-21 08:51:26.895] [info]  MAIN did-finish-load
[2025-03-21 08:51:26.896] [info]  MAIN ready-to-show
[2025-03-21 08:51:27.620] [info]  IPC_RENDERER_REQUEST.LOADED
[2025-03-21 08:51:27.620] [info]  WindowManager handleWindowLoaded
[2025-03-21 08:51:28.122] [info]  WindowManager handlePossibleProtocolLauncherArgs argv=["/opt/forticlient/gui/FortiClient-linux-x64/FortiClient"]
[2025-03-21 08:51:28.123] [info]  WindowManager handleCreateMainWindow
[2025-03-21 08:51:33.676] [info]  VpnHandler UNHANDLED {"isTrusted":true}
[2025-03-21 08:51:33.912] [info]  VpnHandler UNHANDLED {"isTrusted":true}
[2025-03-21 08:51:35.414] [info]  VpnHandler UNHANDLED {"isTrusted":true}
[2025-03-21 12:01:09.895] [info]  WindowManager WindowManager - handleWindowClosed
[2025-03-21 12:01:09.896] [info]  WindowManager WindowManager - all windows are destroyed. quit the app.
[2025-03-24 08:27:04.435] [info]  Server init() port number is 
[2025-03-24 08:27:04.438] [info]  Fail to retrieve port number from file.
[2025-03-24 08:27:05.440] [info]  Server init() port number is 40723
[2025-03-24 08:27:05.440] [info]  initWebSocket port is 40723
[2025-03-24 08:27:05.462] [info]  WindowManager handlePossibleProtocolLauncherArgs argv=["/opt/forticlient/gui/FortiClient-linux-x64/FortiClient"]
[2025-03-24 08:27:05.462] [info]  WindowManager handleCreateMainWindow
[2025-03-24 08:27:05.474] [info]  MAIN Starting FortiTray
[2025-03-24 08:27:05.475] [info]  MAIN MainWindow - createWindow Platform detected: ubuntu
[2025-03-24 08:27:05.492] [info]  web-contents-created contents.id=1
[2025-03-24 08:27:05.498] [info]  Saml - init
[2025-03-24 08:27:05.498] [info]  Saml - listenSamlLoginRequest
[2025-03-24 08:27:05.498] [info]  Server init() port number is 40723
[2025-03-24 08:27:05.733] [info]  compliance configDir=/home/plutusinfra/.config/FortiClient/config
[2025-03-24 08:27:05.736] [info]  MAIN did-finish-load
[2025-03-24 08:27:05.737] [info]  MAIN ready-to-show
[2025-03-24 08:27:06.456] [info]  IPC_RENDERER_REQUEST.LOADED
[2025-03-24 08:27:06.456] [info]  WindowManager handleWindowLoaded
[2025-03-24 08:27:06.957] [info]  WindowManager handlePossibleProtocolLauncherArgs argv=["/opt/forticlient/gui/FortiClient-linux-x64/FortiClient"]
[2025-03-24 08:27:06.958] [info]  WindowManager handleCreateMainWindow
[2025-03-24 08:27:13.909] [info]  VpnHandler UNHANDLED {"isTrusted":true}
[2025-03-24 08:27:14.154] [info]  VpnHandler UNHANDLED {"isTrusted":true}
[2025-03-24 08:27:16.591] [info]  VpnHandler UNHANDLED {"isTrusted":true}
